$ clingo-lpx --strict -n0 ./model.lp ../axioms/bec_steps-clingo_lpx.lp -c maxstep=5 | ../utils/replace_assignments.sh | ../utils/make-readable.sh


clingo-lpx version 1.3.0
Reading from ./model.lp ...
Solving...
Answer: 1
(Time: 0.083s)
happens(fade_in_end,20)
happens(fade_in_end,40)
happens(fade_out_end,30)
happens(turn_light_off,45)
happens(turn_light_on,10)
holdsAt(fading_in,(10,"< T =<",20))
holdsAt(fading_in,(30,"< T =<",40))
holdsAt(fading_out,(20,"< T =<",30))
holdsAt(fading_out,(40,"< T =<",45))
holdsAt(light_on,(10,"< T =<",20))
holdsAt(light_on,(20,"< T =<",30))
holdsAt(light_on,(30,"< T =<",40))
holdsAt(light_on,(40,"< T =<",45))
holdsAtF(brightness,0,(0,"< T =<",10))
holdsAtF(brightness,10,(10,"< T =<",20))
holdsAtF(brightness,0,(20,"< T =<",30))
holdsAtF(brightness,10,(30,"< T =<",40))
holdsAtF(brightness,5,(40,"< T =<",45))
holdsAtF(brightness,0,("T >",45))
releasedAtStepF(brightness,10,2)
releasedAtStepF(brightness,0,3)
releasedAtStepF(brightness,10,4)
releasedAtStepF(brightness,5,5)
trajectoryAtStep(fading_in,1,brightness,10,2)
trajectoryAtStep(fading_in,3,brightness,10,4)
trajectoryAtStep(fading_out,2,brightness,0,3)
trajectoryAtStep(fading_out,4,brightness,5,5)
SATISFIABLE

Models       : 1
Calls        : 1
Time         : 0.084s (Solving: 0.01s 1st Model: 0.01s Unsat: 0.00s)
CPU Time     : 0.042s

Command exited with non-zero status 30

  real      0:00.10
  real [s]  0.10
  user [s]  0.05
  sys  [s]  0.00
  mem  [KB] 8960
  avgm [KB] 0
