$ clingo -c maxtime=4 -c paramHeight=3 -n 0 ../axioms/bec_clingo.pl ./model.pl | ../utils/format-output/format-output-rework 1



==========
Answer: 1

0
height(apple,3)

1
height(apple,3)
happens(drop(nathan,apple),1)

2
-height(apple,3)
+falling(apple)
+height(apple,1)

3
-height(apple,1)
+height(apple,-1)
falling(apple)

4
-height(apple,-1)
+height(apple,-3)
falling(apple)
P
 ... predicate grounding skipped ...

Models       : 1
Calls        : 1
Time         : 0.016s (Solving: 0.00s 1st Model: 0.00s Unsat: 0.00s)
CPU Time     : 0.007s

Command exited with non-zero status 30

  real      0:00.02
  real [s]  0.02
  user [s]  0.00
  sys  [s]  0.00
  mem  [KB] 9088
  avgm [KB] 0
