$ clingo -c maxtime=5 -c paramHeight=4 -n 0 ../axioms/bec_clingo.pl ./model.pl | ../utils/format-output/format-output-rework 1



==========
Answer: 1

0
height(apple,4)

1
height(apple,4)
happens(drop(nathan,apple),1)

2
-height(apple,4)
+falling(apple)
+height(apple,2)

3
-height(apple,2)
+height(apple,0)
falling(apple)
happens(hitGround(apple),3)

4
-falling(apple)
height(apple,0)

5
height(apple,0)
P
 ... predicate grounding skipped ...

Models       : 1
Calls        : 1
Time         : 0.018s (Solving: 0.00s 1st Model: 0.00s Unsat: 0.00s)
CPU Time     : 0.009s

Command exited with non-zero status 30

  real      0:00.02
  real [s]  0.02
  user [s]  0.00
  sys  [s]  0.01
  mem  [KB] 9216
  avgm [KB] 0
