$ clingo -c maxtime=45 -c paramHeight=80 -n 0 ../axioms/bec_clingo.pl ./model.pl | ../utils/format-output/format-output-rework 1



==========
Answer: 1

0
height(apple,80)

1
height(apple,80)
happens(drop(nathan,apple),1)

2
-height(apple,80)
+falling(apple)
+height(apple,78)

3
-height(apple,78)
+height(apple,76)
falling(apple)

4
-height(apple,76)
+height(apple,74)
falling(apple)

5
-height(apple,74)
+height(apple,72)
falling(apple)

6
-height(apple,72)
+height(apple,70)
falling(apple)

7
-height(apple,70)
+height(apple,68)
falling(apple)

8
-height(apple,68)
+height(apple,66)
falling(apple)

9
-height(apple,66)
+height(apple,64)
falling(apple)

10
-height(apple,64)
+height(apple,62)
falling(apple)

11
-height(apple,62)
+height(apple,60)
falling(apple)

12
-height(apple,60)
+height(apple,58)
falling(apple)

13
-height(apple,58)
+height(apple,56)
falling(apple)

14
-height(apple,56)
+height(apple,54)
falling(apple)

15
-height(apple,54)
+height(apple,52)
falling(apple)

16
-height(apple,52)
+height(apple,50)
falling(apple)

17
-height(apple,50)
+height(apple,48)
falling(apple)

18
-height(apple,48)
+height(apple,46)
falling(apple)

19
-height(apple,46)
+height(apple,44)
falling(apple)

20
-height(apple,44)
+height(apple,42)
falling(apple)

21
-height(apple,42)
+height(apple,40)
falling(apple)

22
-height(apple,40)
+height(apple,38)
falling(apple)

23
-height(apple,38)
+height(apple,36)
falling(apple)

24
-height(apple,36)
+height(apple,34)
falling(apple)

25
-height(apple,34)
+height(apple,32)
falling(apple)

26
-height(apple,32)
+height(apple,30)
falling(apple)

27
-height(apple,30)
+height(apple,28)
falling(apple)

28
-height(apple,28)
+height(apple,26)
falling(apple)

29
-height(apple,26)
+height(apple,24)
falling(apple)

30
-height(apple,24)
+height(apple,22)
falling(apple)

31
-height(apple,22)
+height(apple,20)
falling(apple)

32
-height(apple,20)
+height(apple,18)
falling(apple)

33
-height(apple,18)
+height(apple,16)
falling(apple)

34
-height(apple,16)
+height(apple,14)
falling(apple)

35
-height(apple,14)
+height(apple,12)
falling(apple)

36
-height(apple,12)
+height(apple,10)
falling(apple)

37
-height(apple,10)
+height(apple,8)
falling(apple)

38
-height(apple,8)
+height(apple,6)
falling(apple)

39
-height(apple,6)
+height(apple,4)
falling(apple)

40
-height(apple,4)
+height(apple,2)
falling(apple)

41
-height(apple,2)
+height(apple,0)
falling(apple)
happens(hitGround(apple),41)

42
-falling(apple)
height(apple,0)

43
height(apple,0)

44
height(apple,0)

45
height(apple,0)
P
 ... predicate grounding skipped ...

Models       : 1
Calls        : 1
Time         : 13.195s (Solving: 0.03s 1st Model: 0.01s Unsat: 0.02s)
CPU Time     : 13.168s

Command exited with non-zero status 30

  real      0:13.42
  real [s]  13.42
  user [s]  12.57
  sys  [s]  0.81
  mem  [KB] 335344
  avgm [KB] 0
