$ clingcon -n0 ./model-orig.lp ../axioms/bec_steps-clingcon.lp -c maxstep=2


clingcon version 5.2.1
Reading from ./model-orig.lp ...
Solving...
Answer: 1 (Time: 0.028s)
holdsAt(light_on,1)
Assignment:
time(0)=0 time(1)=10 time(2)=20
SATISFIABLE

Models       : 1
Calls        : 1
Time         : 0.029s (Solving: 0.00s 1st Model: 0.00s Unsat: 0.00s)
CPU Time     : 0.007s

../axioms/bec_steps-clingcon.lp:28:27-48: info: atom does not occur in any rule head:
  initiallyF(Fluent,V)

Command exited with non-zero status 30

  real      0:00.06
  real [s]  0.06
  user [s]  0.00
  sys  [s]  0.01
  mem  [KB] 7936
  avgm [KB] 0
