$ clingo-lpx --strict -n0 ./model.lp ../axioms/fdec-ffholds.lp -c maxstep=3 -c maxtime=1000 	| ../utils/replace_assignments.sh | ../utils/make-readable.sh


clingo-lpx version 1.3.0
Reading from ./model.lp ...
Solving...
Answer: 1
(Time: 0.026s)
happens(turn_light_off,20)
happens(turn_light_on,10)
holdsAt(light_on,(10,"< T =<",20))
-holdsAt(light_on,(0,"< T =<",10))
-holdsAt(light_on,(20,"< T =<",1000))
-releasedAt(light_on,(0,"< T =<",10))
-releasedAt(light_on,(10,"< T =<",20))
-releasedAt(light_on,(20,"< T =<",1000))
SATISFIABLE

Models       : 1
Calls        : 1
Time         : 0.026s (Solving: 0.00s 1st Model: 0.00s Unsat: 0.00s)
CPU Time     : 0.013s

Command exited with non-zero status 30

  real      0:00.03
  real [s]  0.03
  user [s]  0.01
  sys  [s]  0.00
  mem  [KB] 8576
  avgm [KB] 0
