$ clingo-lpx --strict -n0 ./model-efficient.lp ../axioms/clingo_lpx-efficient.lp -c maxstep=2 	| ../utils/make-readable.sh


clingo-lpx version 1.3.0
Reading from ./model-efficient.lp ...
Solving...
Answer: 1
(Time: 0.018s)
happens_state(turn_light_off,2)
happens_state(turn_light_on,1)
holdsAt(light_on,1)
Assignment:
time(0)=0
time(1)=10
time(2)=20
SATISFIABLE

Models       : 1
Calls        : 1
Time         : 0.018s (Solving: 0.00s 1st Model: 0.00s Unsat: 0.00s)
CPU Time     : 0.005s

../axioms/clingo_lpx-efficient.lp:40:27-48: info: atom does not occur in any rule head:
  initiallyF(Fluent,V)

Command exited with non-zero status 30

  real      0:00.02
  real [s]  0.02
  user [s]  0.00
  sys  [s]  0.00
  mem  [KB] 8064
  avgm [KB] 0
