$ clingo-lpx --strict -n0 ./model-dbec.lp ../axioms/dbec-clingo_lpx-choice.lp -c maxstep=2 | ../utils/replace_assignments.sh | ../utils/make-readable.sh


clingo-lpx version 1.3.0
Reading from ./model-dbec.lp ...
Solving...
Answer: 1
(Time: 0.038s)
happens(toggle_light,10)
happens(toggle_light,20)
holdsAt(light_on,(10,"< T =<",20))
Assignment: [leftovers]
timeAtStep(0)=0
SATISFIABLE

Models       : 1
Calls        : 1
Time         : 0.038s (Solving: 0.00s 1st Model: 0.00s Unsat: 0.00s)
CPU Time     : 0.016s

Command exited with non-zero status 30

  real      0:00.05
  real [s]  0.05
  user [s]  0.01
  sys  [s]  0.01
  mem  [KB] 8320
  avgm [KB] 0
