$ clingo-lpx --strict -n0 ./model.lp ../axioms/dbec-clingo_lpx-choice.lp -c maxstep=2 | ../utils/replace_assignments.sh | ../utils/make-readable.sh


clingo-lpx version 1.3.0
Reading from ./model.lp ...
Solving...
Answer: 1
(Time: 0.046s)
happens(toggle_light,10)
happens(toggle_light,20)
holdsAt(light_on,(10,"< T =<",20))
Assignment: [leftovers]
timeAtStep(0)=0
SATISFIABLE

Models       : 1
Calls        : 1
Time         : 0.046s (Solving: 0.00s 1st Model: 0.00s Unsat: 0.00s)
CPU Time     : 0.014s

Command exited with non-zero status 30

  real      0:00.06
  real [s]  0.06
  user [s]  0.01
  sys  [s]  0.00
  mem  [KB] 8192
  avgm [KB] 0
