$ clingo-lpx --strict -n0 ../axioms/bec_steps-clingo_lpx-merged.lp -c maxstep=10 ./model-fixed-merged.lp | ../utils/replace_assignments.sh | ../utils/make-readable.sh


clingo-lpx version 1.3.0
Reading from .../axioms/bec_steps-clingo_lpx-merged.lp ...
Solving...
Answer: 1
(Time: 0.095s)
happens(aux__no_switch_left,157/8)
happens(aux__no_switch_right,305/16)
happens(aux__no_switch_right,329/16)
happens(switch_left,25/2)
happens(switch_left,145/8)
happens(switch_left,161/8)
happens(switch_right,65/4)
happens(switch_right,153/8)
happens(switch_right,169/8)
happens(start(right),10)
holdsAt(left_filling,(25/2,"< T =<",65/4))
holdsAt(left_filling,(145/8,"< T =<",305/16))
holdsAt(left_filling,(305/16,"< T =<",153/8))
holdsAt(left_filling,(161/8,"< T =<",329/16))
holdsAt(left_filling,(329/16,"< T =<",169/8))
holdsAt(right_filling,(10,"< T =<",25/2))
holdsAt(right_filling,(65/4,"< T =<",145/8))
holdsAt(right_filling,(153/8,"< T =<",157/8))
holdsAt(right_filling,(157/8,"< T =<",161/8))
releasedAt(water_left,(10,"< T =<",25/2))
releasedAt(water_left,(25/2,"< T =<",65/4))
releasedAt(water_left,(65/4,"< T =<",145/8))
releasedAt(water_left,(145/8,"< T =<",305/16))
releasedAt(water_left,(305/16,"< T =<",153/8))
releasedAt(water_left,(153/8,"< T =<",157/8))
releasedAt(water_left,(157/8,"< T =<",161/8))
releasedAt(water_left,(161/8,"< T =<",329/16))
releasedAt(water_left,(329/16,"< T =<",169/8))
releasedAt(water_right,(10,"< T =<",25/2))
releasedAt(water_right,(25/2,"< T =<",65/4))
releasedAt(water_right,(65/4,"< T =<",145/8))
releasedAt(water_right,(145/8,"< T =<",305/16))
releasedAt(water_right,(305/16,"< T =<",153/8))
releasedAt(water_right,(153/8,"< T =<",157/8))
releasedAt(water_right,(157/8,"< T =<",161/8))
releasedAt(water_right,(161/8,"< T =<",329/16))
releasedAt(water_right,(329/16,"< T =<",169/8))
holdsAt_Func(water_left,100,(0,"< T =<",10))
holdsAt_Func(water_right,100,(0,"< T =<",10))
holdsAt_Func_Cont(water_left,(100,"->",50),(10,"< T =<",25/2))
holdsAt_Func_Cont(water_left,(50,"->",175/2),(25/2,"< T =<",65/4))
holdsAt_Func_Cont(water_left,(175/2,"->",50),(65/4,"< T =<",145/8))
holdsAt_Func_Cont(water_left,(50,"->",475/8),(145/8,"< T =<",305/16))
holdsAt_Func_Cont(water_left,(475/8,"->",60),(305/16,"< T =<",153/8))
holdsAt_Func_Cont(water_left,(60,"->",50),(153/8,"< T =<",157/8))
holdsAt_Func_Cont(water_left,(50,"->",40),(157/8,"< T =<",161/8))
holdsAt_Func_Cont(water_left,(40,"->",355/8),(161/8,"< T =<",329/16))
holdsAt_Func_Cont(water_left,(355/8,"->",50),(329/16,"< T =<",169/8))
holdsAt_Func_Cont(water_right,(100,"->",125),(10,"< T =<",25/2))
holdsAt_Func_Cont(water_right,(125,"->",50),(25/2,"< T =<",65/4))
holdsAt_Func_Cont(water_right,(50,"->",275/4),(65/4,"< T =<",145/8))
holdsAt_Func_Cont(water_right,(275/4,"->",50),(145/8,"< T =<",305/16))
holdsAt_Func_Cont(water_right,(50,"->",195/4),(305/16,"< T =<",153/8))
holdsAt_Func_Cont(water_right,(195/4,"->",215/4),(153/8,"< T =<",157/8))
holdsAt_Func_Cont(water_right,(215/4,"->",235/4),(157/8,"< T =<",161/8))
holdsAt_Func_Cont(water_right,(235/4,"->",50),(161/8,"< T =<",329/16))
holdsAt_Func_Cont(water_right,(50,"->",155/4),(329/16,"< T =<",169/8))
aux__leftFillDurAtStep(0)=0
aux__leftFillDurAtStep(1)=0
aux__leftFillDurAtStep(2)=0
aux__leftFillDurAtStep(3)=15/4
aux__leftFillDurAtStep(4)=0
aux__leftFillDurAtStep(5)=15/16
aux__leftFillDurAtStep(6)=1
aux__leftFillDurAtStep(7)=0
aux__leftFillDurAtStep(8)=0
aux__leftFillDurAtStep(9)=7/16
aux__leftFillDurAtStep(10)=1
aux__rightFillDurAtStep(0)=0
aux__rightFillDurAtStep(1)=0
aux__rightFillDurAtStep(2)=5/2
aux__rightFillDurAtStep(3)=0
aux__rightFillDurAtStep(4)=15/8
aux__rightFillDurAtStep(5)=0
aux__rightFillDurAtStep(6)=0
aux__rightFillDurAtStep(7)=1/2
aux__rightFillDurAtStep(8)=1
aux__rightFillDurAtStep(9)=0
aux__rightFillDurAtStep(10)=0
timeAtStep(0)=0
timeAtStep(1)=10
timeAtStep(2)=25/2
timeAtStep(3)=65/4
timeAtStep(4)=145/8
timeAtStep(5)=305/16
timeAtStep(6)=153/8
timeAtStep(7)=157/8
timeAtStep(8)=161/8
timeAtStep(9)=329/16
timeAtStep(10)=169/8
valueAtStep(water_left,0)=100
valueAtStep(water_left,1)=100
valueAtStep(water_left,2)=50
valueAtStep(water_left,3)=175/2
valueAtStep(water_left,4)=50
valueAtStep(water_left,5)=475/8
valueAtStep(water_left,6)=60
valueAtStep(water_left,7)=50
valueAtStep(water_left,8)=40
valueAtStep(water_left,9)=355/8
valueAtStep(water_left,10)=50
valueAtStep(water_right,0)=100
valueAtStep(water_right,1)=100
valueAtStep(water_right,2)=125
valueAtStep(water_right,3)=50
valueAtStep(water_right,4)=275/4
valueAtStep(water_right,5)=50
valueAtStep(water_right,6)=195/4
valueAtStep(water_right,7)=215/4
valueAtStep(water_right,8)=235/4
valueAtStep(water_right,9)=50
valueAtStep(water_right,10)=155/4
SATISFIABLE

Models       : 1
Calls        : 1
Time         : 0.096s (Solving: 0.04s 1st Model: 0.04s Unsat: 0.00s)
CPU Time     : 0.080s

Command exited with non-zero status 30

  real      0:00.10
  real [s]  0.10
  user [s]  0.07
  sys  [s]  0.01
  mem  [KB] 10112
  avgm [KB] 0
