$ clingo-lpx --strict -n0 ./model.lp ../axioms/bec_steps-clingo_lpx.lp -c maxstep=50 | ../utils/replace_assignments.sh | ../utils/make-readable.sh


clingo-lpx version 1.3.0
Reading from ./model.lp ...
Solving...
Answer: 1
(Time: 3.864s)
happens(switch_left,25/2)
happens(switch_left,145/8)
happens(switch_left,625/32)
happens(switch_left,2545/128)
happens(switch_left,10225/512)
happens(switch_left,40945/2048)
happens(switch_left,163825/8192)
happens(switch_left,655345/32768)
happens(switch_left,2621425/131072)
happens(switch_left,10485745/524288)
happens(switch_left,41943025/2097152)
happens(switch_left,167772145/8388608)
happens(switch_left,671088625/33554432)
happens(switch_left,2684354545/134217728)
happens(switch_left,10737418225/536870912)
happens(switch_left,42949672945/2147483648)
happens(switch_left,171798691825/8589934592)
happens(switch_left,687194767345/34359738368)
happens(switch_left,2748779069425/137438953472)
happens(switch_left,10995116277745/549755813888)
happens(switch_left,43980465111025/2199023255552)
happens(switch_left,175921860444145/8796093022208)
happens(switch_left,703687441776625/35184372088832)
happens(switch_left,2814749767106545/140737488355328)
happens(switch_left,11258999068426225/562949953421312)
happens(switch_right,65/4)
happens(switch_right,305/16)
happens(switch_right,1265/64)
happens(switch_right,5105/256)
happens(switch_right,20465/1024)
happens(switch_right,81905/4096)
happens(switch_right,327665/16384)
happens(switch_right,1310705/65536)
happens(switch_right,5242865/262144)
happens(switch_right,20971505/1048576)
happens(switch_right,83886065/4194304)
happens(switch_right,335544305/16777216)
happens(switch_right,1342177265/67108864)
happens(switch_right,5368709105/268435456)
happens(switch_right,21474836465/1073741824)
happens(switch_right,85899345905/4294967296)
happens(switch_right,343597383665/17179869184)
happens(switch_right,1374389534705/68719476736)
happens(switch_right,5497558138865/274877906944)
happens(switch_right,21990232555505/1099511627776)
happens(switch_right,87960930222065/4398046511104)
happens(switch_right,351843720888305/17592186044416)
happens(switch_right,1407374883553265/70368744177664)
happens(switch_right,5629499534213105/281474976710656)
happens(start(right),10)
holdsAt(left_filling,("T >",11258999068426225/562949953421312))
holdsAt(left_filling,(25/2,"< T =<",65/4))
holdsAt(left_filling,(145/8,"< T =<",305/16))
holdsAt(left_filling,(625/32,"< T =<",1265/64))
holdsAt(left_filling,(2545/128,"< T =<",5105/256))
holdsAt(left_filling,(10225/512,"< T =<",20465/1024))
holdsAt(left_filling,(40945/2048,"< T =<",81905/4096))
holdsAt(left_filling,(163825/8192,"< T =<",327665/16384))
holdsAt(left_filling,(655345/32768,"< T =<",1310705/65536))
holdsAt(left_filling,(2621425/131072,"< T =<",5242865/262144))
holdsAt(left_filling,(10485745/524288,"< T =<",20971505/1048576))
holdsAt(left_filling,(41943025/2097152,"< T =<",83886065/4194304))
holdsAt(left_filling,(167772145/8388608,"< T =<",335544305/16777216))
holdsAt(left_filling,(671088625/33554432,"< T =<",1342177265/67108864))
holdsAt(left_filling,(2684354545/134217728,"< T =<",5368709105/268435456))
holdsAt(left_filling,(10737418225/536870912,"< T =<",21474836465/1073741824))
holdsAt(left_filling,(42949672945/2147483648,"< T =<",85899345905/4294967296))
holdsAt(left_filling,(171798691825/8589934592,"< T =<",343597383665/17179869184))
holdsAt(left_filling,(687194767345/34359738368,"< T =<",1374389534705/68719476736))
holdsAt(left_filling,(2748779069425/137438953472,"< T =<",5497558138865/274877906944))
holdsAt(left_filling,(10995116277745/549755813888,"< T =<",21990232555505/1099511627776))
holdsAt(left_filling,(43980465111025/2199023255552,"< T =<",87960930222065/4398046511104))
holdsAt(left_filling,(175921860444145/8796093022208,"< T =<",351843720888305/17592186044416))
holdsAt(left_filling,(703687441776625/35184372088832,"< T =<",1407374883553265/70368744177664))
holdsAt(left_filling,(2814749767106545/140737488355328,"< T =<",5629499534213105/281474976710656))
holdsAt(right_filling,(10,"< T =<",25/2))
holdsAt(right_filling,(65/4,"< T =<",145/8))
holdsAt(right_filling,(305/16,"< T =<",625/32))
holdsAt(right_filling,(1265/64,"< T =<",2545/128))
holdsAt(right_filling,(5105/256,"< T =<",10225/512))
holdsAt(right_filling,(20465/1024,"< T =<",40945/2048))
holdsAt(right_filling,(81905/4096,"< T =<",163825/8192))
holdsAt(right_filling,(327665/16384,"< T =<",655345/32768))
holdsAt(right_filling,(1310705/65536,"< T =<",2621425/131072))
holdsAt(right_filling,(5242865/262144,"< T =<",10485745/524288))
holdsAt(right_filling,(20971505/1048576,"< T =<",41943025/2097152))
holdsAt(right_filling,(83886065/4194304,"< T =<",167772145/8388608))
holdsAt(right_filling,(335544305/16777216,"< T =<",671088625/33554432))
holdsAt(right_filling,(1342177265/67108864,"< T =<",2684354545/134217728))
holdsAt(right_filling,(5368709105/268435456,"< T =<",10737418225/536870912))
holdsAt(right_filling,(21474836465/1073741824,"< T =<",42949672945/2147483648))
holdsAt(right_filling,(85899345905/4294967296,"< T =<",171798691825/8589934592))
holdsAt(right_filling,(343597383665/17179869184,"< T =<",687194767345/34359738368))
holdsAt(right_filling,(1374389534705/68719476736,"< T =<",2748779069425/137438953472))
holdsAt(right_filling,(5497558138865/274877906944,"< T =<",10995116277745/549755813888))
holdsAt(right_filling,(21990232555505/1099511627776,"< T =<",43980465111025/2199023255552))
holdsAt(right_filling,(87960930222065/4398046511104,"< T =<",175921860444145/8796093022208))
holdsAt(right_filling,(351843720888305/17592186044416,"< T =<",703687441776625/35184372088832))
holdsAt(right_filling,(1407374883553265/70368744177664,"< T =<",2814749767106545/140737488355328))
holdsAt(right_filling,(5629499534213105/281474976710656,"< T =<",11258999068426225/562949953421312))
holdsAt((water_left,100),(0,"< T =<",10))
holdsAt((water_left,50),(10,"< T =<",25/2))
holdsAt((water_left,175/2),(25/2,"< T =<",65/4))
holdsAt((water_left,50),(65/4,"< T =<",145/8))
holdsAt((water_left,475/8),(145/8,"< T =<",305/16))
holdsAt((water_left,50),(305/16,"< T =<",625/32))
holdsAt((water_left,1675/32),(625/32,"< T =<",1265/64))
holdsAt((water_left,50),(1265/64,"< T =<",2545/128))
holdsAt((water_left,6475/128),(2545/128,"< T =<",5105/256))
holdsAt((water_left,50),(5105/256,"< T =<",10225/512))
holdsAt((water_left,25675/512),(10225/512,"< T =<",20465/1024))
holdsAt((water_left,50),(20465/1024,"< T =<",40945/2048))
holdsAt((water_left,102475/2048),(40945/2048,"< T =<",81905/4096))
holdsAt((water_left,50),(81905/4096,"< T =<",163825/8192))
holdsAt((water_left,409675/8192),(163825/8192,"< T =<",327665/16384))
holdsAt((water_left,50),(327665/16384,"< T =<",655345/32768))
holdsAt((water_left,1638475/32768),(655345/32768,"< T =<",1310705/65536))
holdsAt((water_left,50),(1310705/65536,"< T =<",2621425/131072))
holdsAt((water_left,6553675/131072),(2621425/131072,"< T =<",5242865/262144))
holdsAt((water_left,50),(5242865/262144,"< T =<",10485745/524288))
holdsAt((water_left,26214475/524288),(10485745/524288,"< T =<",20971505/1048576))
holdsAt((water_left,50),(20971505/1048576,"< T =<",41943025/2097152))
holdsAt((water_left,104857675/2097152),(41943025/2097152,"< T =<",83886065/4194304))
holdsAt((water_left,50),(83886065/4194304,"< T =<",167772145/8388608))
holdsAt((water_left,419430475/8388608),(167772145/8388608,"< T =<",335544305/16777216))
holdsAt((water_left,50),(335544305/16777216,"< T =<",671088625/33554432))
holdsAt((water_left,1677721675/33554432),(671088625/33554432,"< T =<",1342177265/67108864))
holdsAt((water_left,50),(1342177265/67108864,"< T =<",2684354545/134217728))
holdsAt((water_left,6710886475/134217728),(2684354545/134217728,"< T =<",5368709105/268435456))
holdsAt((water_left,50),(5368709105/268435456,"< T =<",10737418225/536870912))
holdsAt((water_left,26843545675/536870912),(10737418225/536870912,"< T =<",21474836465/1073741824))
holdsAt((water_left,50),(21474836465/1073741824,"< T =<",42949672945/2147483648))
holdsAt((water_left,107374182475/2147483648),(42949672945/2147483648,"< T =<",85899345905/4294967296))
holdsAt((water_left,50),(85899345905/4294967296,"< T =<",171798691825/8589934592))
holdsAt((water_left,429496729675/8589934592),(171798691825/8589934592,"< T =<",343597383665/17179869184))
holdsAt((water_left,50),(343597383665/17179869184,"< T =<",687194767345/34359738368))
holdsAt((water_left,1717986918475/34359738368),(687194767345/34359738368,"< T =<",1374389534705/68719476736))
holdsAt((water_left,50),(1374389534705/68719476736,"< T =<",2748779069425/137438953472))
holdsAt((water_left,6871947673675/137438953472),(2748779069425/137438953472,"< T =<",5497558138865/274877906944))
holdsAt((water_left,50),(5497558138865/274877906944,"< T =<",10995116277745/549755813888))
holdsAt((water_left,27487790694475/549755813888),(10995116277745/549755813888,"< T =<",21990232555505/1099511627776))
holdsAt((water_left,50),(21990232555505/1099511627776,"< T =<",43980465111025/2199023255552))
holdsAt((water_left,109951162777675/2199023255552),(43980465111025/2199023255552,"< T =<",87960930222065/4398046511104))
holdsAt((water_left,50),(87960930222065/4398046511104,"< T =<",175921860444145/8796093022208))
holdsAt((water_left,439804651110475/8796093022208),(175921860444145/8796093022208,"< T =<",351843720888305/17592186044416))
holdsAt((water_left,50),(351843720888305/17592186044416,"< T =<",703687441776625/35184372088832))
holdsAt((water_left,1759218604441675/35184372088832),(703687441776625/35184372088832,"< T =<",1407374883553265/70368744177664))
holdsAt((water_left,50),(1407374883553265/70368744177664,"< T =<",2814749767106545/140737488355328))
holdsAt((water_left,7036874417766475/140737488355328),(2814749767106545/140737488355328,"< T =<",5629499534213105/281474976710656))
holdsAt((water_left,50),(5629499534213105/281474976710656,"< T =<",11258999068426225/562949953421312))
holdsAt((water_right,100),(0,"< T =<",10))
holdsAt((water_right,125),(10,"< T =<",25/2))
holdsAt((water_right,50),(25/2,"< T =<",65/4))
holdsAt((water_right,275/4),(65/4,"< T =<",145/8))
holdsAt((water_right,50),(145/8,"< T =<",305/16))
holdsAt((water_right,875/16),(305/16,"< T =<",625/32))
holdsAt((water_right,50),(625/32,"< T =<",1265/64))
holdsAt((water_right,3275/64),(1265/64,"< T =<",2545/128))
holdsAt((water_right,50),(2545/128,"< T =<",5105/256))
holdsAt((water_right,12875/256),(5105/256,"< T =<",10225/512))
holdsAt((water_right,50),(10225/512,"< T =<",20465/1024))
holdsAt((water_right,51275/1024),(20465/1024,"< T =<",40945/2048))
holdsAt((water_right,50),(40945/2048,"< T =<",81905/4096))
holdsAt((water_right,204875/4096),(81905/4096,"< T =<",163825/8192))
holdsAt((water_right,50),(163825/8192,"< T =<",327665/16384))
holdsAt((water_right,819275/16384),(327665/16384,"< T =<",655345/32768))
holdsAt((water_right,50),(655345/32768,"< T =<",1310705/65536))
holdsAt((water_right,3276875/65536),(1310705/65536,"< T =<",2621425/131072))
holdsAt((water_right,50),(2621425/131072,"< T =<",5242865/262144))
holdsAt((water_right,13107275/262144),(5242865/262144,"< T =<",10485745/524288))
holdsAt((water_right,50),(10485745/524288,"< T =<",20971505/1048576))
holdsAt((water_right,52428875/1048576),(20971505/1048576,"< T =<",41943025/2097152))
holdsAt((water_right,50),(41943025/2097152,"< T =<",83886065/4194304))
holdsAt((water_right,209715275/4194304),(83886065/4194304,"< T =<",167772145/8388608))
holdsAt((water_right,50),(167772145/8388608,"< T =<",335544305/16777216))
holdsAt((water_right,838860875/16777216),(335544305/16777216,"< T =<",671088625/33554432))
holdsAt((water_right,50),(671088625/33554432,"< T =<",1342177265/67108864))
holdsAt((water_right,3355443275/67108864),(1342177265/67108864,"< T =<",2684354545/134217728))
holdsAt((water_right,50),(2684354545/134217728,"< T =<",5368709105/268435456))
holdsAt((water_right,13421772875/268435456),(5368709105/268435456,"< T =<",10737418225/536870912))
holdsAt((water_right,50),(10737418225/536870912,"< T =<",21474836465/1073741824))
holdsAt((water_right,53687091275/1073741824),(21474836465/1073741824,"< T =<",42949672945/2147483648))
holdsAt((water_right,50),(42949672945/2147483648,"< T =<",85899345905/4294967296))
holdsAt((water_right,214748364875/4294967296),(85899345905/4294967296,"< T =<",171798691825/8589934592))
holdsAt((water_right,50),(171798691825/8589934592,"< T =<",343597383665/17179869184))
holdsAt((water_right,858993459275/17179869184),(343597383665/17179869184,"< T =<",687194767345/34359738368))
holdsAt((water_right,50),(687194767345/34359738368,"< T =<",1374389534705/68719476736))
holdsAt((water_right,3435973836875/68719476736),(1374389534705/68719476736,"< T =<",2748779069425/137438953472))
holdsAt((water_right,50),(2748779069425/137438953472,"< T =<",5497558138865/274877906944))
holdsAt((water_right,13743895347275/274877906944),(5497558138865/274877906944,"< T =<",10995116277745/549755813888))
holdsAt((water_right,50),(10995116277745/549755813888,"< T =<",21990232555505/1099511627776))
holdsAt((water_right,54975581388875/1099511627776),(21990232555505/1099511627776,"< T =<",43980465111025/2199023255552))
holdsAt((water_right,50),(43980465111025/2199023255552,"< T =<",87960930222065/4398046511104))
holdsAt((water_right,219902325555275/4398046511104),(87960930222065/4398046511104,"< T =<",175921860444145/8796093022208))
holdsAt((water_right,50),(175921860444145/8796093022208,"< T =<",351843720888305/17592186044416))
holdsAt((water_right,879609302220875/17592186044416),(351843720888305/17592186044416,"< T =<",703687441776625/35184372088832))
holdsAt((water_right,50),(703687441776625/35184372088832,"< T =<",1407374883553265/70368744177664))
holdsAt((water_right,3518437208883275/70368744177664),(1407374883553265/70368744177664,"< T =<",2814749767106545/140737488355328))
holdsAt((water_right,50),(2814749767106545/140737488355328,"< T =<",5629499534213105/281474976710656))
holdsAt((water_right,14073748835532875/281474976710656),(5629499534213105/281474976710656,"< T =<",11258999068426225/562949953421312))
releasedAtStepF(water_left,50,2)
releasedAtStepF(water_left,175/2,3)
releasedAtStepF(water_left,50,4)
releasedAtStepF(water_left,475/8,5)
releasedAtStepF(water_left,50,6)
releasedAtStepF(water_left,1675/32,7)
releasedAtStepF(water_left,50,8)
releasedAtStepF(water_left,6475/128,9)
releasedAtStepF(water_left,50,10)
releasedAtStepF(water_left,25675/512,11)
releasedAtStepF(water_left,50,12)
releasedAtStepF(water_left,102475/2048,13)
releasedAtStepF(water_left,50,14)
releasedAtStepF(water_left,409675/8192,15)
releasedAtStepF(water_left,50,16)
releasedAtStepF(water_left,1638475/32768,17)
releasedAtStepF(water_left,50,18)
releasedAtStepF(water_left,6553675/131072,19)
releasedAtStepF(water_left,50,20)
releasedAtStepF(water_left,26214475/524288,21)
releasedAtStepF(water_left,50,22)
releasedAtStepF(water_left,104857675/2097152,23)
releasedAtStepF(water_left,50,24)
releasedAtStepF(water_left,419430475/8388608,25)
releasedAtStepF(water_left,50,26)
releasedAtStepF(water_left,1677721675/33554432,27)
releasedAtStepF(water_left,50,28)
releasedAtStepF(water_left,6710886475/134217728,29)
releasedAtStepF(water_left,50,30)
releasedAtStepF(water_left,26843545675/536870912,31)
releasedAtStepF(water_left,50,32)
releasedAtStepF(water_left,107374182475/2147483648,33)
releasedAtStepF(water_left,50,34)
releasedAtStepF(water_left,429496729675/8589934592,35)
releasedAtStepF(water_left,50,36)
releasedAtStepF(water_left,1717986918475/34359738368,37)
releasedAtStepF(water_left,50,38)
releasedAtStepF(water_left,6871947673675/137438953472,39)
releasedAtStepF(water_left,50,40)
releasedAtStepF(water_left,27487790694475/549755813888,41)
releasedAtStepF(water_left,50,42)
releasedAtStepF(water_left,109951162777675/2199023255552,43)
releasedAtStepF(water_left,50,44)
releasedAtStepF(water_left,439804651110475/8796093022208,45)
releasedAtStepF(water_left,50,46)
releasedAtStepF(water_left,1759218604441675/35184372088832,47)
releasedAtStepF(water_left,50,48)
releasedAtStepF(water_left,7036874417766475/140737488355328,49)
releasedAtStepF(water_left,50,50)
releasedAtStepF(water_left,0,51)
releasedAtStepF(water_right,125,2)
releasedAtStepF(water_right,50,3)
releasedAtStepF(water_right,275/4,4)
releasedAtStepF(water_right,50,5)
releasedAtStepF(water_right,875/16,6)
releasedAtStepF(water_right,50,7)
releasedAtStepF(water_right,3275/64,8)
releasedAtStepF(water_right,50,9)
releasedAtStepF(water_right,12875/256,10)
releasedAtStepF(water_right,50,11)
releasedAtStepF(water_right,51275/1024,12)
releasedAtStepF(water_right,50,13)
releasedAtStepF(water_right,204875/4096,14)
releasedAtStepF(water_right,50,15)
releasedAtStepF(water_right,819275/16384,16)
releasedAtStepF(water_right,50,17)
releasedAtStepF(water_right,3276875/65536,18)
releasedAtStepF(water_right,50,19)
releasedAtStepF(water_right,13107275/262144,20)
releasedAtStepF(water_right,50,21)
releasedAtStepF(water_right,52428875/1048576,22)
releasedAtStepF(water_right,50,23)
releasedAtStepF(water_right,209715275/4194304,24)
releasedAtStepF(water_right,50,25)
releasedAtStepF(water_right,838860875/16777216,26)
releasedAtStepF(water_right,50,27)
releasedAtStepF(water_right,3355443275/67108864,28)
releasedAtStepF(water_right,50,29)
releasedAtStepF(water_right,13421772875/268435456,30)
releasedAtStepF(water_right,50,31)
releasedAtStepF(water_right,53687091275/1073741824,32)
releasedAtStepF(water_right,50,33)
releasedAtStepF(water_right,214748364875/4294967296,34)
releasedAtStepF(water_right,50,35)
releasedAtStepF(water_right,858993459275/17179869184,36)
releasedAtStepF(water_right,50,37)
releasedAtStepF(water_right,3435973836875/68719476736,38)
releasedAtStepF(water_right,50,39)
releasedAtStepF(water_right,13743895347275/274877906944,40)
releasedAtStepF(water_right,50,41)
releasedAtStepF(water_right,54975581388875/1099511627776,42)
releasedAtStepF(water_right,50,43)
releasedAtStepF(water_right,219902325555275/4398046511104,44)
releasedAtStepF(water_right,50,45)
releasedAtStepF(water_right,879609302220875/17592186044416,46)
releasedAtStepF(water_right,50,47)
releasedAtStepF(water_right,3518437208883275/70368744177664,48)
releasedAtStepF(water_right,50,49)
releasedAtStepF(water_right,14073748835532875/281474976710656,50)
releasedAtStepF(water_right,0,51)
trajectoryAtStep(left_filling,2,water_left,175/2,3)
trajectoryAtStep(left_filling,2,water_right,50,3)
trajectoryAtStep(left_filling,4,water_left,475/8,5)
trajectoryAtStep(left_filling,4,water_right,50,5)
trajectoryAtStep(left_filling,6,water_left,1675/32,7)
trajectoryAtStep(left_filling,6,water_right,50,7)
trajectoryAtStep(left_filling,8,water_left,6475/128,9)
trajectoryAtStep(left_filling,8,water_right,50,9)
trajectoryAtStep(left_filling,10,water_left,25675/512,11)
trajectoryAtStep(left_filling,10,water_right,50,11)
trajectoryAtStep(left_filling,12,water_left,102475/2048,13)
trajectoryAtStep(left_filling,12,water_right,50,13)
trajectoryAtStep(left_filling,14,water_left,409675/8192,15)
trajectoryAtStep(left_filling,14,water_right,50,15)
trajectoryAtStep(left_filling,16,water_left,1638475/32768,17)
trajectoryAtStep(left_filling,16,water_right,50,17)
trajectoryAtStep(left_filling,18,water_left,6553675/131072,19)
trajectoryAtStep(left_filling,18,water_right,50,19)
trajectoryAtStep(left_filling,20,water_left,26214475/524288,21)
trajectoryAtStep(left_filling,20,water_right,50,21)
trajectoryAtStep(left_filling,22,water_left,104857675/2097152,23)
trajectoryAtStep(left_filling,22,water_right,50,23)
trajectoryAtStep(left_filling,24,water_left,419430475/8388608,25)
trajectoryAtStep(left_filling,24,water_right,50,25)
trajectoryAtStep(left_filling,26,water_left,1677721675/33554432,27)
trajectoryAtStep(left_filling,26,water_right,50,27)
trajectoryAtStep(left_filling,28,water_left,6710886475/134217728,29)
trajectoryAtStep(left_filling,28,water_right,50,29)
trajectoryAtStep(left_filling,30,water_left,26843545675/536870912,31)
trajectoryAtStep(left_filling,30,water_right,50,31)
trajectoryAtStep(left_filling,32,water_left,107374182475/2147483648,33)
trajectoryAtStep(left_filling,32,water_right,50,33)
trajectoryAtStep(left_filling,34,water_left,429496729675/8589934592,35)
trajectoryAtStep(left_filling,34,water_right,50,35)
trajectoryAtStep(left_filling,36,water_left,1717986918475/34359738368,37)
trajectoryAtStep(left_filling,36,water_right,50,37)
trajectoryAtStep(left_filling,38,water_left,6871947673675/137438953472,39)
trajectoryAtStep(left_filling,38,water_right,50,39)
trajectoryAtStep(left_filling,40,water_left,27487790694475/549755813888,41)
trajectoryAtStep(left_filling,40,water_right,50,41)
trajectoryAtStep(left_filling,42,water_left,109951162777675/2199023255552,43)
trajectoryAtStep(left_filling,42,water_right,50,43)
trajectoryAtStep(left_filling,44,water_left,439804651110475/8796093022208,45)
trajectoryAtStep(left_filling,44,water_right,50,45)
trajectoryAtStep(left_filling,46,water_left,1759218604441675/35184372088832,47)
trajectoryAtStep(left_filling,46,water_right,50,47)
trajectoryAtStep(left_filling,48,water_left,7036874417766475/140737488355328,49)
trajectoryAtStep(left_filling,48,water_right,50,49)
trajectoryAtStep(right_filling,1,water_left,50,2)
trajectoryAtStep(right_filling,1,water_right,125,2)
trajectoryAtStep(right_filling,3,water_left,50,4)
trajectoryAtStep(right_filling,3,water_right,275/4,4)
trajectoryAtStep(right_filling,5,water_left,50,6)
trajectoryAtStep(right_filling,5,water_right,875/16,6)
trajectoryAtStep(right_filling,7,water_left,50,8)
trajectoryAtStep(right_filling,7,water_right,3275/64,8)
trajectoryAtStep(right_filling,9,water_left,50,10)
trajectoryAtStep(right_filling,9,water_right,12875/256,10)
trajectoryAtStep(right_filling,11,water_left,50,12)
trajectoryAtStep(right_filling,11,water_right,51275/1024,12)
trajectoryAtStep(right_filling,13,water_left,50,14)
trajectoryAtStep(right_filling,13,water_right,204875/4096,14)
trajectoryAtStep(right_filling,15,water_left,50,16)
trajectoryAtStep(right_filling,15,water_right,819275/16384,16)
trajectoryAtStep(right_filling,17,water_left,50,18)
trajectoryAtStep(right_filling,17,water_right,3276875/65536,18)
trajectoryAtStep(right_filling,19,water_left,50,20)
trajectoryAtStep(right_filling,19,water_right,13107275/262144,20)
trajectoryAtStep(right_filling,21,water_left,50,22)
trajectoryAtStep(right_filling,21,water_right,52428875/1048576,22)
trajectoryAtStep(right_filling,23,water_left,50,24)
trajectoryAtStep(right_filling,23,water_right,209715275/4194304,24)
trajectoryAtStep(right_filling,25,water_left,50,26)
trajectoryAtStep(right_filling,25,water_right,838860875/16777216,26)
trajectoryAtStep(right_filling,27,water_left,50,28)
trajectoryAtStep(right_filling,27,water_right,3355443275/67108864,28)
trajectoryAtStep(right_filling,29,water_left,50,30)
trajectoryAtStep(right_filling,29,water_right,13421772875/268435456,30)
trajectoryAtStep(right_filling,31,water_left,50,32)
trajectoryAtStep(right_filling,31,water_right,53687091275/1073741824,32)
trajectoryAtStep(right_filling,33,water_left,50,34)
trajectoryAtStep(right_filling,33,water_right,214748364875/4294967296,34)
trajectoryAtStep(right_filling,35,water_left,50,36)
trajectoryAtStep(right_filling,35,water_right,858993459275/17179869184,36)
trajectoryAtStep(right_filling,37,water_left,50,38)
trajectoryAtStep(right_filling,37,water_right,3435973836875/68719476736,38)
trajectoryAtStep(right_filling,39,water_left,50,40)
trajectoryAtStep(right_filling,39,water_right,13743895347275/274877906944,40)
trajectoryAtStep(right_filling,41,water_left,50,42)
trajectoryAtStep(right_filling,41,water_right,54975581388875/1099511627776,42)
trajectoryAtStep(right_filling,43,water_left,50,44)
trajectoryAtStep(right_filling,43,water_right,219902325555275/4398046511104,44)
trajectoryAtStep(right_filling,45,water_left,50,46)
trajectoryAtStep(right_filling,45,water_right,879609302220875/17592186044416,46)
trajectoryAtStep(right_filling,47,water_left,50,48)
trajectoryAtStep(right_filling,47,water_right,3518437208883275/70368744177664,48)
trajectoryAtStep(right_filling,49,water_left,50,50)
trajectoryAtStep(right_filling,49,water_right,14073748835532875/281474976710656,50)
-holdsAt(left_filling,(0,"< T =<",10))
-holdsAt(left_filling,(10,"< T =<",25/2))
-holdsAt(left_filling,(65/4,"< T =<",145/8))
-holdsAt(left_filling,(305/16,"< T =<",625/32))
-holdsAt(left_filling,(1265/64,"< T =<",2545/128))
-holdsAt(left_filling,(5105/256,"< T =<",10225/512))
-holdsAt(left_filling,(20465/1024,"< T =<",40945/2048))
-holdsAt(left_filling,(81905/4096,"< T =<",163825/8192))
-holdsAt(left_filling,(327665/16384,"< T =<",655345/32768))
-holdsAt(left_filling,(1310705/65536,"< T =<",2621425/131072))
-holdsAt(left_filling,(5242865/262144,"< T =<",10485745/524288))
-holdsAt(left_filling,(20971505/1048576,"< T =<",41943025/2097152))
-holdsAt(left_filling,(83886065/4194304,"< T =<",167772145/8388608))
-holdsAt(left_filling,(335544305/16777216,"< T =<",671088625/33554432))
-holdsAt(left_filling,(1342177265/67108864,"< T =<",2684354545/134217728))
-holdsAt(left_filling,(5368709105/268435456,"< T =<",10737418225/536870912))
-holdsAt(left_filling,(21474836465/1073741824,"< T =<",42949672945/2147483648))
-holdsAt(left_filling,(85899345905/4294967296,"< T =<",171798691825/8589934592))
-holdsAt(left_filling,(343597383665/17179869184,"< T =<",687194767345/34359738368))
-holdsAt(left_filling,(1374389534705/68719476736,"< T =<",2748779069425/137438953472))
-holdsAt(left_filling,(5497558138865/274877906944,"< T =<",10995116277745/549755813888))
-holdsAt(left_filling,(21990232555505/1099511627776,"< T =<",43980465111025/2199023255552))
-holdsAt(left_filling,(87960930222065/4398046511104,"< T =<",175921860444145/8796093022208))
-holdsAt(left_filling,(351843720888305/17592186044416,"< T =<",703687441776625/35184372088832))
-holdsAt(left_filling,(1407374883553265/70368744177664,"< T =<",2814749767106545/140737488355328))
-holdsAt(left_filling,(5629499534213105/281474976710656,"< T =<",11258999068426225/562949953421312))
-holdsAt(right_filling,("T >",11258999068426225/562949953421312))
-holdsAt(right_filling,(0,"< T =<",10))
-holdsAt(right_filling,(25/2,"< T =<",65/4))
-holdsAt(right_filling,(145/8,"< T =<",305/16))
-holdsAt(right_filling,(625/32,"< T =<",1265/64))
-holdsAt(right_filling,(2545/128,"< T =<",5105/256))
-holdsAt(right_filling,(10225/512,"< T =<",20465/1024))
-holdsAt(right_filling,(40945/2048,"< T =<",81905/4096))
-holdsAt(right_filling,(163825/8192,"< T =<",327665/16384))
-holdsAt(right_filling,(655345/32768,"< T =<",1310705/65536))
-holdsAt(right_filling,(2621425/131072,"< T =<",5242865/262144))
-holdsAt(right_filling,(10485745/524288,"< T =<",20971505/1048576))
-holdsAt(right_filling,(41943025/2097152,"< T =<",83886065/4194304))
-holdsAt(right_filling,(167772145/8388608,"< T =<",335544305/16777216))
-holdsAt(right_filling,(671088625/33554432,"< T =<",1342177265/67108864))
-holdsAt(right_filling,(2684354545/134217728,"< T =<",5368709105/268435456))
-holdsAt(right_filling,(10737418225/536870912,"< T =<",21474836465/1073741824))
-holdsAt(right_filling,(42949672945/2147483648,"< T =<",85899345905/4294967296))
-holdsAt(right_filling,(171798691825/8589934592,"< T =<",343597383665/17179869184))
-holdsAt(right_filling,(687194767345/34359738368,"< T =<",1374389534705/68719476736))
-holdsAt(right_filling,(2748779069425/137438953472,"< T =<",5497558138865/274877906944))
-holdsAt(right_filling,(10995116277745/549755813888,"< T =<",21990232555505/1099511627776))
-holdsAt(right_filling,(43980465111025/2199023255552,"< T =<",87960930222065/4398046511104))
-holdsAt(right_filling,(175921860444145/8796093022208,"< T =<",351843720888305/17592186044416))
-holdsAt(right_filling,(703687441776625/35184372088832,"< T =<",1407374883553265/70368744177664))
-holdsAt(right_filling,(2814749767106545/140737488355328,"< T =<",5629499534213105/281474976710656))
SATISFIABLE

Models       : 1
Calls        : 1
Time         : 3.867s (Solving: 3.42s 1st Model: 3.41s Unsat: 0.00s)
CPU Time     : 3.844s

../axioms/bec_steps-clingo_lpx.lp:98:53-76: info: atom does not occur in any rule head:
  releasesAtStep(E,F,S)

../axioms/bec_steps-clingo_lpx.lp:163:75-120: info: atom does not occur in any rule head:
  initiatesAtStepF(E,F,valueAtStep(F,S1),S)

../axioms/bec_steps-clingo_lpx.lp:164:76-122: info: atom does not occur in any rule head:
  terminatesAtStepF(E,F,valueAtStep(F,S1),S)

../axioms/bec_steps-clingo_lpx.lp:182:73-118: info: atom does not occur in any rule head:
  initiatesAtStepF(E,F,valueAtStep(F,S1),S)

../axioms/bec_steps-clingo_lpx.lp:183:74-120: info: atom does not occur in any rule head:
  terminatesAtStepF(E,F,valueAtStep(F,S1),S)

Command exited with non-zero status 30

  real      0:03.89
  real [s]  3.89
  user [s]  3.82
  sys  [s]  0.04
  mem  [KB] 29892
  avgm [KB] 0
