$ clingo-lpx --strict -n0 ../axioms/bec_steps-clingo_lpx.lp -c maxstep=6 ./model-fixed.lp | ../utils/replace_assignments.sh | ../utils/make-readable.sh


clingo-lpx version 1.3.0
Reading from ../axioms/bec_steps-clingo_lpx.lp ...
Solving...
Answer: 1
(Time: 0.049s)
happens(switch_left,25/2)
happens(switch_left,145/8)
happens(switch_left,161/8)
happens(switch_right,65/4)
happens(switch_right,153/8)
happens(start(right),10)
holdsAt(left_filling,("T >",161/8))
holdsAt(left_filling,(25/2,"< T =<",65/4))
holdsAt(left_filling,(145/8,"< T =<",153/8))
holdsAt(right_filling,(10,"< T =<",25/2))
holdsAt(right_filling,(65/4,"< T =<",145/8))
holdsAt(right_filling,(153/8,"< T =<",161/8))
releasedAt_Func(water_left,("T >",161/8))
releasedAt_Func(water_left,(10,"< T =<",25/2))
releasedAt_Func(water_left,(25/2,"< T =<",65/4))
releasedAt_Func(water_left,(65/4,"< T =<",145/8))
releasedAt_Func(water_left,(145/8,"< T =<",153/8))
releasedAt_Func(water_left,(153/8,"< T =<",161/8))
releasedAt_Func(water_right,("T >",161/8))
releasedAt_Func(water_right,(10,"< T =<",25/2))
releasedAt_Func(water_right,(25/2,"< T =<",65/4))
releasedAt_Func(water_right,(65/4,"< T =<",145/8))
releasedAt_Func(water_right,(145/8,"< T =<",153/8))
releasedAt_Func(water_right,(153/8,"< T =<",161/8))
holdsAt_Func(water_left,100,(0,"< T =<",10))
holdsAt_Func(water_right,100,(0,"< T =<",10))
holdsAt_Func_Cont(water_left,(0,"-> X"),("T >",161/8))
holdsAt_Func_Cont(water_left,(100,"->",50),(10,"< T =<",25/2))
holdsAt_Func_Cont(water_left,(50,"->",175/2),(25/2,"< T =<",65/4))
holdsAt_Func_Cont(water_left,(175/2,"->",50),(65/4,"< T =<",145/8))
holdsAt_Func_Cont(water_left,(50,"->",60),(145/8,"< T =<",153/8))
holdsAt_Func_Cont(water_left,(60,"->",40),(153/8,"< T =<",161/8))
holdsAt_Func_Cont(water_right,(0,"-> X"),("T >",161/8))
holdsAt_Func_Cont(water_right,(100,"->",125),(10,"< T =<",25/2))
holdsAt_Func_Cont(water_right,(125,"->",50),(25/2,"< T =<",65/4))
holdsAt_Func_Cont(water_right,(50,"->",275/4),(65/4,"< T =<",145/8))
holdsAt_Func_Cont(water_right,(275/4,"->",195/4),(145/8,"< T =<",153/8))
holdsAt_Func_Cont(water_right,(195/4,"->",235/4),(153/8,"< T =<",161/8))
leftFillDurAtStep(3)=15/4
leftFillDurAtStep(4)=0
leftFillDurAtStep(5)=1
leftFillDurAtStep(6)=0
rightFillDurAtStep(2)=5/2
rightFillDurAtStep(3)=0
rightFillDurAtStep(4)=15/8
rightFillDurAtStep(5)=0
rightFillDurAtStep(6)=1
timeAtStep(0)=0
timeAtStep(1)=10
timeAtStep(2)=25/2
timeAtStep(3)=65/4
timeAtStep(4)=145/8
timeAtStep(5)=153/8
timeAtStep(6)=161/8
valueAtStep(water_left,0)=100
valueAtStep(water_left,1)=100
valueAtStep(water_left,2)=50
valueAtStep(water_left,3)=175/2
valueAtStep(water_left,4)=50
valueAtStep(water_left,5)=60
valueAtStep(water_left,6)=40
valueAtStep(water_left,7)=0
valueAtStep(water_right,0)=100
valueAtStep(water_right,1)=100
valueAtStep(water_right,2)=125
valueAtStep(water_right,3)=50
valueAtStep(water_right,4)=275/4
valueAtStep(water_right,5)=195/4
valueAtStep(water_right,6)=235/4
valueAtStep(water_right,7)=0
SATISFIABLE

Models       : 1
Calls        : 1
Time         : 0.049s (Solving: 0.01s 1st Model: 0.01s Unsat: 0.00s)
CPU Time     : 0.037s

Command exited with non-zero status 30

  real      0:00.05
  real [s]  0.05
  user [s]  0.03
  sys  [s]  0.00
  mem  [KB] 10112
  avgm [KB] 0
