$ clingo-lpx --strict -n0 ./model-dbec.lp ../axioms/dbec-clingo_lpx-choice.lp -c maxstep=3 | ../utils/replace_assignments.sh | ../utils/make-readable.sh


clingo-lpx version 1.3.0
Reading from ./model-dbec.lp ...
Solving...
Answer: 1
(Time: 0.027s)
happens(transfer(account1,account2,2),10)
happens(transfer(account1,account2,4),20)
holdsAt_Func(balance(account1),10,(0,"< T =<",10))
holdsAt_Func(balance(account1),8,(10,"< T =<",20))
holdsAt_Func(balance(account1),4,(20,"< T =<",30))
holdsAt_Func(balance(account2),10,(0,"< T =<",10))
holdsAt_Func(balance(account2),12,(10,"< T =<",20))
holdsAt_Func(balance(account2),16,(20,"< T =<",30))
Assignment: [leftovers]
valueAtStep(balance(account1),0)=10
valueAtStep(balance(account2),0)=10
SATISFIABLE

Models       : 1
Calls        : 1
Time         : 0.028s (Solving: 0.00s 1st Model: 0.00s Unsat: 0.00s)
CPU Time     : 0.013s

Command exited with non-zero status 30

  real      0:00.03
  real [s]  0.03
  user [s]  0.01
  sys  [s]  0.00
  mem  [KB] 8448
  avgm [KB] 0
