$ clingo-lpx --strict -n0 ./model.lp ../axioms/fdec-ffholds.lp -c maxstep=3 	| ../utils/replace_assignments.sh | ../utils/make-readable.sh


clingo-lpx version 1.3.0
Reading from ./model.lp ...
Solving...
Answer: 1
(Time: 0.029s)
happens(transfer(account1,account2,2),10)
happens(transfer(account1,account2,4),20)
fholdsAt(balance(account1),10,(0,"< T =<",10))
fholdsAt(balance(account1),8,(10,"< T =<",20))
fholdsAt(balance(account1),4,(20,"< T =<",30))
fholdsAt(balance(account2),10,(0,"< T =<",10))
fholdsAt(balance(account2),12,(10,"< T =<",20))
fholdsAt(balance(account2),16,(20,"< T =<",30))
Assignment: [leftovers]
fholdsAt(balance(account1),0)=10
fholdsAt(balance(account2),0)=10
SATISFIABLE

Models       : 1
Calls        : 1
Time         : 0.029s (Solving: 0.00s 1st Model: 0.00s Unsat: 0.00s)
CPU Time     : 0.016s

Command exited with non-zero status 30

  real      0:00.03
  real [s]  0.03
  user [s]  0.01
  sys  [s]  0.01
  mem  [KB] 8960
  avgm [KB] 0
