$ clingo -c maxtime=160 -c maxmoney=20 -n 0 ../axioms/bec_clingo.pl ./model.pl | ../utils/format-output/format-output-rework | ../utils/remove_grounding.sh


../axioms/bec_clingo.pl:17:5-31: info: atom does not occur in any rule head:
  releases(Event,Fluent,T)

../axioms/bec_clingo.pl:30:5-31: info: atom does not occur in any rule head:
  releases(Event,Fluent,T)

../axioms/bec_clingo.pl:39:5-41: info: atom does not occur in any rule head:
  trajectory(Fluent1,T1,Fluent2,T2)

../axioms/bec_clingo.pl:53:5-23: info: atom does not occur in any rule head:
  initiallyN(Fluent)


==========
Answer: 1

0
balance(account2,10)
balance(account1,10)

1
balance(account2,10)
balance(account1,10)
happens(transfer(account1,account2,2),1)

2
-balance(account2,10)
-balance(account1,10)
+balance(account2,12)
+balance(account1,8)
happens(transfer(account1,account2,4),2)

3
-balance(account2,12)
-balance(account1,8)
+balance(account2,16)
+balance(account1,4)

4
balance(account2,16)
balance(account1,4)

5
balance(account2,16)
balance(account1,4)

6
balance(account2,16)
balance(account1,4)

7
balance(account2,16)
balance(account1,4)

8
balance(account2,16)
balance(account1,4)

9
balance(account2,16)
balance(account1,4)

10
balance(account2,16)
balance(account1,4)

11
balance(account2,16)
balance(account1,4)

12
balance(account2,16)
balance(account1,4)

13
balance(account2,16)
balance(account1,4)

14
balance(account2,16)
balance(account1,4)

15
balance(account2,16)
balance(account1,4)

16
balance(account2,16)
balance(account1,4)

17
balance(account2,16)
balance(account1,4)

18
balance(account2,16)
balance(account1,4)

19
balance(account2,16)
balance(account1,4)

20
balance(account2,16)
balance(account1,4)

21
balance(account2,16)
balance(account1,4)

22
balance(account2,16)
balance(account1,4)

23
balance(account2,16)
balance(account1,4)

24
balance(account2,16)
balance(account1,4)

25
balance(account2,16)
balance(account1,4)

26
balance(account2,16)
balance(account1,4)

27
balance(account2,16)
balance(account1,4)

28
balance(account2,16)
balance(account1,4)

29
balance(account2,16)
balance(account1,4)

30
balance(account2,16)
balance(account1,4)

31
balance(account2,16)
balance(account1,4)

32
balance(account2,16)
balance(account1,4)

33
balance(account2,16)
balance(account1,4)

34
balance(account2,16)
balance(account1,4)

35
balance(account2,16)
balance(account1,4)

36
balance(account2,16)
balance(account1,4)

37
balance(account2,16)
balance(account1,4)

38
balance(account2,16)
balance(account1,4)

39
balance(account2,16)
balance(account1,4)

40
balance(account2,16)
balance(account1,4)

41
balance(account2,16)
balance(account1,4)

42
balance(account2,16)
balance(account1,4)

43
balance(account2,16)
balance(account1,4)

44
balance(account2,16)
balance(account1,4)

45
balance(account2,16)
balance(account1,4)

46
balance(account2,16)
balance(account1,4)

47
balance(account2,16)
balance(account1,4)

48
balance(account2,16)
balance(account1,4)

49
balance(account2,16)
balance(account1,4)

50
balance(account2,16)
balance(account1,4)

51
balance(account2,16)
balance(account1,4)

52
balance(account2,16)
balance(account1,4)

53
balance(account2,16)
balance(account1,4)

54
balance(account2,16)
balance(account1,4)

55
balance(account2,16)
balance(account1,4)

56
balance(account2,16)
balance(account1,4)

57
balance(account2,16)
balance(account1,4)

58
balance(account2,16)
balance(account1,4)

59
balance(account2,16)
balance(account1,4)

60
balance(account2,16)
balance(account1,4)

61
balance(account2,16)
balance(account1,4)

62
balance(account2,16)
balance(account1,4)

63
balance(account2,16)
balance(account1,4)

64
balance(account2,16)
balance(account1,4)

65
balance(account2,16)
balance(account1,4)

66
balance(account2,16)
balance(account1,4)

67
balance(account2,16)
balance(account1,4)

68
balance(account2,16)
balance(account1,4)

69
balance(account2,16)
balance(account1,4)

70
balance(account2,16)
balance(account1,4)

71
balance(account2,16)
balance(account1,4)

72
balance(account2,16)
balance(account1,4)

73
balance(account2,16)
balance(account1,4)

74
balance(account2,16)
balance(account1,4)

75
balance(account2,16)
balance(account1,4)

76
balance(account2,16)
balance(account1,4)

77
balance(account2,16)
balance(account1,4)

78
balance(account2,16)
balance(account1,4)

79
balance(account2,16)
balance(account1,4)

80
balance(account2,16)
balance(account1,4)

81
balance(account2,16)
balance(account1,4)

82
balance(account2,16)
balance(account1,4)

83
balance(account2,16)
balance(account1,4)

84
balance(account2,16)
balance(account1,4)

85
balance(account2,16)
balance(account1,4)

86
balance(account2,16)
balance(account1,4)

87
balance(account2,16)
balance(account1,4)

88
balance(account2,16)
balance(account1,4)

89
balance(account2,16)
balance(account1,4)

90
balance(account2,16)
balance(account1,4)

91
balance(account2,16)
balance(account1,4)

92
balance(account2,16)
balance(account1,4)

93
balance(account2,16)
balance(account1,4)

94
balance(account2,16)
balance(account1,4)

95
balance(account2,16)
balance(account1,4)

96
balance(account2,16)
balance(account1,4)

97
balance(account2,16)
balance(account1,4)

98
balance(account2,16)
balance(account1,4)

99
balance(account2,16)
balance(account1,4)

100
balance(account2,16)
balance(account1,4)

101
balance(account2,16)
balance(account1,4)

102
balance(account2,16)
balance(account1,4)

103
balance(account2,16)
balance(account1,4)

104
balance(account2,16)
balance(account1,4)

105
balance(account2,16)
balance(account1,4)

106
balance(account2,16)
balance(account1,4)

107
balance(account2,16)
balance(account1,4)

108
balance(account2,16)
balance(account1,4)

109
balance(account2,16)
balance(account1,4)

110
balance(account2,16)
balance(account1,4)

111
balance(account2,16)
balance(account1,4)

112
balance(account2,16)
balance(account1,4)

113
balance(account2,16)
balance(account1,4)

114
balance(account2,16)
balance(account1,4)

115
balance(account2,16)
balance(account1,4)

116
balance(account2,16)
balance(account1,4)

117
balance(account2,16)
balance(account1,4)

118
balance(account2,16)
balance(account1,4)

119
balance(account2,16)
balance(account1,4)

120
balance(account2,16)
balance(account1,4)

121
balance(account2,16)
balance(account1,4)

122
balance(account2,16)
balance(account1,4)

123
balance(account2,16)
balance(account1,4)

124
balance(account2,16)
balance(account1,4)

125
balance(account2,16)
balance(account1,4)

126
balance(account2,16)
balance(account1,4)

127
balance(account2,16)
balance(account1,4)

128
balance(account2,16)
balance(account1,4)

129
balance(account2,16)
balance(account1,4)

130
balance(account2,16)
balance(account1,4)

131
balance(account2,16)
balance(account1,4)

132
balance(account2,16)
balance(account1,4)

133
balance(account2,16)
balance(account1,4)

134
balance(account2,16)
balance(account1,4)

135
balance(account2,16)
balance(account1,4)

136
balance(account2,16)
balance(account1,4)

137
balance(account2,16)
balance(account1,4)

138
balance(account2,16)
balance(account1,4)

139
balance(account2,16)
balance(account1,4)

140
balance(account2,16)
balance(account1,4)

141
balance(account2,16)
balance(account1,4)

142
balance(account2,16)
balance(account1,4)

143
balance(account2,16)
balance(account1,4)

144
balance(account2,16)
balance(account1,4)

145
balance(account2,16)
balance(account1,4)

146
balance(account2,16)
balance(account1,4)

147
balance(account2,16)
balance(account1,4)

148
balance(account2,16)
balance(account1,4)

149
balance(account2,16)
balance(account1,4)

150
balance(account2,16)
balance(account1,4)

151
balance(account2,16)
balance(account1,4)

152
balance(account2,16)
balance(account1,4)

153
balance(account2,16)
balance(account1,4)

154
balance(account2,16)
balance(account1,4)

155
balance(account2,16)
balance(account1,4)

156
balance(account2,16)
balance(account1,4)

157
balance(account2,16)
balance(account1,4)

158
balance(account2,16)
balance(account1,4)

159
balance(account2,16)
balance(account1,4)

160
balance(account2,16)
balance(account1,4)
P ... predicate grounding skipped ...

  real      0:35.44
  real [s]  35.44
  user [s]  34.16
  sys  [s]  1.75
  mem  [KB] 534116
  avgm [KB] 0
