$ clingo-lpx --strict -n0 ../axioms/bec_steps-clingo_lpx-merged.lp -c maxstep=6 ./model.lp | ../utils/replace_assignments.sh | ../utils/make-readable.sh


clingo-lpx version 1.3.0
Reading from .../axioms/bec_steps-clingo_lpx-merged.lp ...
Solving...
Answer: 1
(Time: 0.023s)
happens(turn_light_off,10+e)
happens(turn_light_off,10+3*e)
happens(turn_light_off,10+5*e)
happens(turn_light_on,10)
happens(turn_light_on,10+2*e)
happens(turn_light_on,10+4*e)
holdsAt(light_on,(10,"< T =<",10+e))
holdsAt(light_on,(10+2*e,"< T =<",10+3*e))
holdsAt(light_on,(10+4*e,"< T =<",10+5*e))
SATISFIABLE

Models       : 1
Calls        : 1
Time         : 0.023s (Solving: 0.00s 1st Model: 0.00s Unsat: 0.00s)
CPU Time     : 0.010s

Command exited with non-zero status 30

  real      0:00.03
  real [s]  0.03
  user [s]  0.00
  sys  [s]  0.00
  mem  [KB] 8192
  avgm [KB] 0
