$ clingo-lpx --strict -n0 ../axioms/dbec-clingo_lpx-choice.lp -c maxstep=50 ./model.lp | ../utils/replace_assignments.sh | ../utils/make-readable.sh


clingo-lpx version 1.3.0
Reading from ../axioms/dbec-clingo_lpx-choice.lp ...
Solving...
Answer: 1
(Time: 0.087s)
happens(turn_light_off,10+e)
happens(turn_light_off,10+3*e)
happens(turn_light_off,10+5*e)
happens(turn_light_off,10+7*e)
happens(turn_light_off,10+9*e)
happens(turn_light_off,10+11*e)
happens(turn_light_off,10+13*e)
happens(turn_light_off,10+15*e)
happens(turn_light_off,10+17*e)
happens(turn_light_off,10+19*e)
happens(turn_light_off,10+21*e)
happens(turn_light_off,10+23*e)
happens(turn_light_off,10+25*e)
happens(turn_light_off,10+27*e)
happens(turn_light_off,10+29*e)
happens(turn_light_off,10+31*e)
happens(turn_light_off,10+33*e)
happens(turn_light_off,10+35*e)
happens(turn_light_off,10+37*e)
happens(turn_light_off,10+39*e)
happens(turn_light_off,10+41*e)
happens(turn_light_off,10+43*e)
happens(turn_light_off,10+45*e)
happens(turn_light_off,10+47*e)
happens(turn_light_off,10+49*e)
happens(turn_light_on,10)
happens(turn_light_on,10+2*e)
happens(turn_light_on,10+4*e)
happens(turn_light_on,10+6*e)
happens(turn_light_on,10+8*e)
happens(turn_light_on,10+10*e)
happens(turn_light_on,10+12*e)
happens(turn_light_on,10+14*e)
happens(turn_light_on,10+16*e)
happens(turn_light_on,10+18*e)
happens(turn_light_on,10+20*e)
happens(turn_light_on,10+22*e)
happens(turn_light_on,10+24*e)
happens(turn_light_on,10+26*e)
happens(turn_light_on,10+28*e)
happens(turn_light_on,10+30*e)
happens(turn_light_on,10+32*e)
happens(turn_light_on,10+34*e)
happens(turn_light_on,10+36*e)
happens(turn_light_on,10+38*e)
happens(turn_light_on,10+40*e)
happens(turn_light_on,10+42*e)
happens(turn_light_on,10+44*e)
happens(turn_light_on,10+46*e)
happens(turn_light_on,10+48*e)
holdsAt(light_on,(10,"< T =<",10+e))
holdsAt(light_on,(10+2*e,"< T =<",10+3*e))
holdsAt(light_on,(10+4*e,"< T =<",10+5*e))
holdsAt(light_on,(10+6*e,"< T =<",10+7*e))
holdsAt(light_on,(10+8*e,"< T =<",10+9*e))
holdsAt(light_on,(10+10*e,"< T =<",10+11*e))
holdsAt(light_on,(10+12*e,"< T =<",10+13*e))
holdsAt(light_on,(10+14*e,"< T =<",10+15*e))
holdsAt(light_on,(10+16*e,"< T =<",10+17*e))
holdsAt(light_on,(10+18*e,"< T =<",10+19*e))
holdsAt(light_on,(10+20*e,"< T =<",10+21*e))
holdsAt(light_on,(10+22*e,"< T =<",10+23*e))
holdsAt(light_on,(10+24*e,"< T =<",10+25*e))
holdsAt(light_on,(10+26*e,"< T =<",10+27*e))
holdsAt(light_on,(10+28*e,"< T =<",10+29*e))
holdsAt(light_on,(10+30*e,"< T =<",10+31*e))
holdsAt(light_on,(10+32*e,"< T =<",10+33*e))
holdsAt(light_on,(10+34*e,"< T =<",10+35*e))
holdsAt(light_on,(10+36*e,"< T =<",10+37*e))
holdsAt(light_on,(10+38*e,"< T =<",10+39*e))
holdsAt(light_on,(10+40*e,"< T =<",10+41*e))
holdsAt(light_on,(10+42*e,"< T =<",10+43*e))
holdsAt(light_on,(10+44*e,"< T =<",10+45*e))
holdsAt(light_on,(10+46*e,"< T =<",10+47*e))
holdsAt(light_on,(10+48*e,"< T =<",10+49*e))
Assignment: [leftovers]
timeAtStep(0)=0
SATISFIABLE

Models       : 1
Calls        : 1
Time         : 0.087s (Solving: 0.00s 1st Model: 0.00s Unsat: 0.00s)
CPU Time     : 0.064s

Command exited with non-zero status 30

  real      0:00.10
  real [s]  0.10
  user [s]  0.06
  sys  [s]  0.00
  mem  [KB] 9728
  avgm [KB] 0
