$ clingo-lpx --strict -n0 ../axioms/bec_steps-clingo_lpx.lp -c maxstep=6 ./model-fixed.lp | ../utils/replace_assignments.sh | ../utils/make-readable.sh


clingo-lpx version 1.3.0
Reading from ../axioms/bec_steps-clingo_lpx.lp ...
Solving...
Answer: 1
(Time: 0.029s)
happens(turn_light_off,111/10)
happens(turn_light_off,133/10)
happens(turn_light_off,31/2)
happens(turn_light_on,10)
happens(turn_light_on,61/5)
happens(turn_light_on,72/5)
holdsAt(light_on,(10,"< T =<",111/10))
holdsAt(light_on,(61/5,"< T =<",133/10))
holdsAt(light_on,(72/5,"< T =<",31/2))
SATISFIABLE

Models       : 1
Calls        : 1
Time         : 0.029s (Solving: 0.00s 1st Model: 0.00s Unsat: 0.00s)
CPU Time     : 0.014s

Command exited with non-zero status 30

  real      0:00.03
  real [s]  0.03
  user [s]  0.01
  sys  [s]  0.00
  mem  [KB] 8832
  avgm [KB] 0
