$ clingo-lpx --strict -n0 ./model.lp ../axioms/bec_steps-clingo_lpx.lp -c maxstep=2 | ../utils/replace_assignments.sh | ../utils/make-readable.sh


clingo-lpx version 1.3.0
Reading from ./model.lp ...
Solving...
Answer: 1
(Time: 0.026s)
happens(land,20)
happens(roll,10)
releasedAt_Func(sideUp,(10,"< T =<",20))
holdsAt_Func(sideUp,1,(0,"< T =<",10))
holdsAt_Func(sideUp,6,(10,"< T =<",20))
holdsAt_Func(sideUp,6,("T >",20))
SATISFIABLE

Models       : 1
Calls        : 1
Time         : 0.026s (Solving: 0.00s 1st Model: 0.00s Unsat: 0.00s)
CPU Time     : 0.013s

Command exited with non-zero status 30

  real      0:00.03
  real [s]  0.03
  user [s]  0.01
  sys  [s]  0.00
  mem  [KB] 8704
  avgm [KB] 0
