$ clingo-lpx --strict -n0 ./model.lp ../axioms/bec_steps-clingo_lpx.lp -c maxstep=4 | ../utils/replace_assignments.sh | ../utils/make-readable.sh


clingo-lpx version 1.3.0
Reading from ./model.lp ...
Solving...
Answer: 1
(Time: 0.063s)
happens(turn_off,25)
happens(turn_on,5)
happens(add(5),10)
happens(add(1000000),20)
holdsAt(powered_on,(5,"< T =<",10))
holdsAt(powered_on,(10,"< T =<",20))
holdsAt(powered_on,(20,"< T =<",25))
holdsAt((result,0),(5,"< T =<",10))
holdsAt((result,5),(10,"< T =<",20))
holdsAt((result,1000005),(20,"< T =<",25))
-holdsAt(powered_on,("T >",25))
-holdsAt(powered_on,(0,"< T =<",5))
SATISFIABLE

Models       : 1
Calls        : 1
Time         : 0.064s (Solving: 0.00s 1st Model: 0.00s Unsat: 0.00s)
CPU Time     : 0.033s

../axioms/bec_steps-clingo_lpx.lp:98:53-76: info: atom does not occur in any rule head:
  releasesAtStep(E,F,S)

../axioms/bec_steps-clingo_lpx.lp:156:42-59: info: atom does not occur in any rule head:
  initiallyPF(F,V)

../axioms/bec_steps-clingo_lpx.lp:157:33-50: info: atom does not occur in any rule head:
  initiallyPF(F,V)

../axioms/bec_steps-clingo_lpx.lp:165:74-118: info: atom does not occur in any rule head:
  releasesAtStepF(E,F,valueAtStep(F,S1),S)

../axioms/bec_steps-clingo_lpx.lp:232:3-65: info: atom does not occur in any rule head:
  trajectory(Fluent1,S1,Fluent2,valueAtStep(Fluent2,S2),S2)

Command exited with non-zero status 30

  real      0:00.08
  real [s]  0.08
  user [s]  0.03
  sys  [s]  0.01
  mem  [KB] 8704
  avgm [KB] 0
