$ clingo-lpx --strict -n0 ./model-fh.lp ../axioms/fdec-ffholds.lp -c maxstep=5 -c maxtime=1000 	| ../utils/replace_assignments.sh | ../utils/make-readable.sh


clingo-lpx version 1.3.0
Reading from ./model-fh.lp ...
Solving...
Answer: 1
(Time: 0.045s)
happens(turn_off,25)
happens(turn_on,5)
happens(add(5),10)
happens(add(1000000),20)
holdsAt(powered_on,(5,"< T =<",10))
holdsAt(powered_on,(10,"< T =<",20))
holdsAt(powered_on,(20,"< T =<",25))
fholdsAt(result,0,(5,"< T =<",10))
fholdsAt(result,5,(10,"< T =<",20))
fholdsAt(result,1000005,(20,"< T =<",25))
-fholdsAt(result,(0,"< T =<",5))
-fholdsAt(result,(25,"< T =<",1000))
-holdsAt(powered_on,(0,"< T =<",5))
-holdsAt(powered_on,(25,"< T =<",1000))
-releasedAt(powered_on,(0,"< T =<",5))
-releasedAt(powered_on,(5,"< T =<",10))
-releasedAt(powered_on,(10,"< T =<",20))
-releasedAt(powered_on,(20,"< T =<",25))
-releasedAt(powered_on,(25,"< T =<",1000))
-releasedAt(result,(0,"< T =<",5))
-releasedAt(result,(5,"< T =<",10))
-releasedAt(result,(10,"< T =<",20))
-releasedAt(result,(20,"< T =<",25))
-releasedAt(result,(25,"< T =<",1000))
Assignment: [leftovers]
fholdsAt(result,0)=0
fholdsAt(result,1)=0
fholdsAt(result,5)=0
SATISFIABLE

Models       : 1
Calls        : 1
Time         : 0.046s (Solving: 0.00s 1st Model: 0.00s Unsat: 0.00s)
CPU Time     : 0.025s

Command exited with non-zero status 30

  real      0:00.05
  real [s]  0.05
  user [s]  0.01
  sys  [s]  0.01
  mem  [KB] 8576
  avgm [KB] 0
