$ clingo-lpx --strict -n0 ./model.lp ../axioms/bec_steps-clingo_lpx.lp -c maxstep=6 | ../utils/replace_assignments.sh | ../utils/make-readable.sh


clingo-lpx version 1.3.0
Reading from ./model.lp ...
Solving...
Answer: 1
(Time: 0.031s)
happens(check,1)
happens(check,30)
happens(turn_off,25)
happens(turn_on,5)
happens(add(5),10)
happens(add(1000000),20)
holdsAt(powered_on,(5,"< T =<",10))
holdsAt(powered_on,(10,"< T =<",20))
holdsAt(powered_on,(20,"< T =<",25))
holdsAt_Func(result,0,(5,"< T =<",10))
holdsAt_Func(result,5,(10,"< T =<",20))
holdsAt_Func(result,1000005,(20,"< T =<",25))
SATISFIABLE

Models       : 1
Calls        : 1
Time         : 0.031s (Solving: 0.00s 1st Model: 0.00s Unsat: 0.00s)
CPU Time     : 0.017s

Command exited with non-zero status 30

  real      0:00.04
  real [s]  0.04
  user [s]  0.01
  sys  [s]  0.01
  mem  [KB] 8960
  avgm [KB] 0
