$ clingo-lpx --strict -n0 ./model-efficient.lp ../axioms/clingo_lpx-efficient.lp -c maxstep=6 | ../utils/make-readable.sh


clingo-lpx version 1.3.0
Reading from ./model-efficient.lp ...
Solving...
Answer: 1
(Time: 0.056s)
happens_state(chargeServiceFee(account1),3)
happens_state(chargeServiceFee(account1),5)
happens_state(monthlyReset(account1),4)
happens_state(monthlyReset(account2),4)
happens_state(transfer(account1,account2,2),1)
happens_state(transfer(account1,account2,4),2)
holdsAt(serviceFeeCharged(account1),3)
holdsAt(serviceFeeCharged(account1),5)
holdsAt(serviceFeeCharged(account1),6)
Assignment:
time(0)=0
time(1)=1
time(2)=2
time(3)=31/10
time(4)=5
time(5)=61/10
time(6)=7
(balance(account1),0)=10
(balance(account1),1)=8
(balance(account1),2)=4
(balance(account1),3)=3
(balance(account1),4)=3
(balance(account1),5)=2
(balance(account1),6)=2
(balance(account2),0)=10
(balance(account2),1)=12
(balance(account2),2)=16
(balance(account2),3)=16
(balance(account2),4)=16
(balance(account2),5)=16
(balance(account2),6)=16
(minimumBalance(account1),0)=5
(minimumBalance(account1),1)=5
(minimumBalance(account1),2)=5
(minimumBalance(account1),3)=5
(minimumBalance(account1),4)=5
(minimumBalance(account1),5)=5
(minimumBalance(account1),6)=5
(minimumBalance(account2),0)=5
(minimumBalance(account2),1)=5
(minimumBalance(account2),2)=5
(minimumBalance(account2),3)=5
(minimumBalance(account2),4)=5
(minimumBalance(account2),5)=5
(minimumBalance(account2),6)=5
(serviceFee(account1),0)=1
(serviceFee(account1),1)=1
(serviceFee(account1),2)=1
(serviceFee(account1),3)=1
(serviceFee(account1),4)=1
(serviceFee(account1),5)=1
(serviceFee(account1),6)=1
(serviceFee(account2),0)=1
(serviceFee(account2),1)=1
(serviceFee(account2),2)=1
(serviceFee(account2),3)=1
(serviceFee(account2),4)=1
(serviceFee(account2),5)=1
(serviceFee(account2),6)=1
SATISFIABLE

Models       : 1
Calls        : 1
Time         : 0.057s (Solving: 0.01s 1st Model: 0.01s Unsat: 0.00s)
CPU Time     : 0.031s

Command exited with non-zero status 30

  real      0:00.06
  real [s]  0.06
  user [s]  0.03
  sys  [s]  0.00
  mem  [KB] 8832
  avgm [KB] 0
