$ clingcon -n0 ./model-con.lp ../axioms/bec_steps-clingcon.lp -c maxstep=2 -c paramHeight=80


clingcon version 5.2.1
Reading from ./model-con.lp ...
Solving...
Answer: 1 (Time: 0.020s)
holdsAt(falling(apple),1)
Assignment:
time(0)=0 time(1)=1 time(2)=41 (height(apple),0)=80 (height(apple),1)=80 (height(apple),2)=0
SATISFIABLE

Models       : 1
Calls        : 1
Time         : 0.021s (Solving: 0.00s 1st Model: 0.00s Unsat: 0.00s)
CPU Time     : 0.007s

Command exited with non-zero status 30

  real      0:00.03
  real [s]  0.03
  user [s]  0.00
  sys  [s]  0.00
  mem  [KB] 8320
  avgm [KB] 0
