$ clingo-lpx --strict -n0 ./model-efficient.lp ../axioms/clingo_lpx-efficient.lp -c maxstep=2 -c paramHeight=20 | ../utils/replace_assignments.sh | ../utils/make-readable.sh


clingo-lpx version 1.3.0
Reading from ./model-efficient.lp ...
Solving...
Answer: 1
(Time: 0.017s)
happens_state(hitGround(apple),2)
happens_state(drop(nathan,apple),1)
holdsAt(falling(apple),1)
time(0)=0
time(1)=10
time(2)=20
(height(apple),0)=20
(height(apple),1)=20
(height(apple),2)=0
SATISFIABLE

Models       : 1
Calls        : 1
Time         : 0.018s (Solving: 0.00s 1st Model: 0.00s Unsat: 0.00s)
CPU Time     : 0.007s

Command exited with non-zero status 30

  real      0:00.02
  real [s]  0.02
  user [s]  0.00
  sys  [s]  0.00
  mem  [KB] 8192
  avgm [KB] 0
