$ clingo-lpx --strict -n0 ./model.lp ../axioms/fdec-ffholds.lp -c maxstep=3 -c maxtime=1000 -c paramHeight=80 | ../utils/replace_assignments.sh | ../utils/make-readable.sh


clingo-lpx version 1.3.0
Reading from ./model.lp ...
Solving...
Answer: 1
(Time: 0.027s)
happens(hitGround(apple),50)
happens(drop(nathan,apple),10)
holdsAt(falling(apple),(10,"< T =<",50))
releasedAt(height(apple),(10,"< T =<",50))
fholdsAt(height(apple),80,(0,"< T =<",10))
fholdsAt(height(apple),0,(50,"< T =<",1000))
fholdsAtC(height(apple),(80,"->",0),(10,"< T =<",50),eq(off2(0),"+",koef(1),"*",(base(80),"+",off1(0)),"+",inc(-2),"*",dur(50,"-",10)))
Assignment: [leftovers]
fholdsAt(height(apple),0)=80
SATISFIABLE

Models       : 1
Calls        : 1
Time         : 0.027s (Solving: 0.00s 1st Model: 0.00s Unsat: 0.00s)
CPU Time     : 0.016s

Command exited with non-zero status 30

  real      0:00.03
  real [s]  0.03
  user [s]  0.01
  sys  [s]  0.01
  mem  [KB] 9088
  avgm [KB] 0
