$ clingo-lpx --strict -n0 ./model.lp ../axioms/dbec-clingo_lpx-choice.lp -c maxstep=2 -c paramHeight=320 | ../utils/replace_assignments.sh | ../utils/make-readable.sh


clingo-lpx version 1.3.0
Reading from ./model.lp ...
Solving...
Answer: 1
(Time: 0.026s)
happens(hitGround(apple),170)
happens(drop(nathan,apple),10)
holdsAt(falling(apple),(10,"< T =<",170))
releasedAt(height(apple),(10,"< T =<",170))
holdsAt_Func(height(apple),320,(0,"< T =<",10))
holdsAt_Func_Cont(height(apple),(320,"->",0),(10,"< T =<",170))
SATISFIABLE

Models       : 1
Calls        : 1
Time         : 0.026s (Solving: 0.00s 1st Model: 0.00s Unsat: 0.00s)
CPU Time     : 0.012s

Command exited with non-zero status 30

  real      0:00.03
  real [s]  0.03
  user [s]  0.00
  sys  [s]  0.00
  mem  [KB] 8576
  avgm [KB] 0
