$ clingo-lpx --strict -n0 ./model-lpx.lp ../axioms/bec_steps-clingo_lpx.lp -c maxstep=2 -c paramHeight=160 | ../utils/replace_assignments.sh | ../utils/make-readable.sh


clingo-lpx version 1.3.0
Reading from ./model-lpx.lp ...
Solving...
Answer: 1
(Time: 0.037s)
happens(hitGround(apple),90)
happens(drop(nathan,apple),10)
holdsAt(falling(apple),(10,"< T =<",90))
holdsAtF(height(apple),160,(0,"< T =<",10))
holdsAtF(height(apple),0,(10,"< T =<",90))
holdsAtF(height(apple),0,("T >",90))
releasedAtStepF(height(apple),0,2)
trajectoryAtStep(falling(apple),1,height(apple),0,2)
SATISFIABLE

Models       : 1
Calls        : 1
Time         : 0.037s (Solving: 0.00s 1st Model: 0.00s Unsat: 0.00s)
CPU Time     : 0.017s

Command exited with non-zero status 30

  real      0:00.04
  real [s]  0.04
  user [s]  0.02
  sys  [s]  0.00
  mem  [KB] 8576
  avgm [KB] 0
