$ clingo-lpx --strict -n0 ./model-lpx.lp ../axioms/bec_steps-clingo_lpx.lp -c maxstep=2 -c paramHeight=4 | ../utils/replace_assignments.sh | ../utils/make-readable.sh


clingo-lpx version 1.3.0
Reading from ./model-lpx.lp ...
Solving...
Answer: 1
(Time: 0.039s)
happens(hitGround(apple),12)
happens(drop(nathan,apple),10)
holdsAt(falling(apple),(10,"< T =<",12))
holdsAtF(height(apple),4,(0,"< T =<",10))
holdsAtF(height(apple),0,(10,"< T =<",12))
holdsAtF(height(apple),0,("T >",12))
releasedAtStepF(height(apple),0,2)
trajectoryAtStep(falling(apple),1,height(apple),0,2)
SATISFIABLE

Models       : 1
Calls        : 1
Time         : 0.039s (Solving: 0.00s 1st Model: 0.00s Unsat: 0.00s)
CPU Time     : 0.019s

Command exited with non-zero status 30

  real      0:00.05
  real [s]  0.05
  user [s]  0.01
  sys  [s]  0.00
  mem  [KB] 8448
  avgm [KB] 0
