$ clingo-lpx --strict -n0 ./model-lpx.lp ../axioms/bec_steps-clingo_lpx.lp -c maxstep=2 -c paramHeight=20 | ../utils/replace_assignments.sh | ../utils/make-readable.sh


clingo-lpx version 1.3.0
Reading from ./model-lpx.lp ...
Solving...
Answer: 1
(Time: 0.059s)
happens(hitGround(apple),20)
happens(drop(nathan,apple),10)
holdsAt(falling(apple),(10,"< T =<",20))
releasedAtF(height(apple),(10,"< T =<",20))
holdsAtCF(height(apple),(20,"->",0),(10,"< T =<",20))
holdsAtF(height(apple),20,(0,"< T =<",10))
holdsAtF(height(apple),0,("T >",20))
SATISFIABLE

Models       : 1
Calls        : 1
Time         : 0.059s (Solving: 0.00s 1st Model: 0.00s Unsat: 0.00s)
CPU Time     : 0.028s

Command exited with non-zero status 30

  real      0:00.09
  real [s]  0.09
  user [s]  0.01
  sys  [s]  0.01
  mem  [KB] 8320
  avgm [KB] 0
