$ clingo-lpx --strict -n0 ./model.lp ../axioms/fdec.lp -c maxstep=6 -c maxtime=1000 -c paramHeight=20 ./extra-queries.lp | ../utils/replace_assignments.sh | ../utils/make-readable.sh


clingo-lpx version 1.3.0
Reading from ./model.lp ...
Solving...
Answer: 1
(Time: 0.039s)
happens(checkAtH,19)
happens(checkAtT,15)
happens(hitGround(apple),20)
happens(checkAtDur(1,apple),12)
happens(drop(nathan,apple),10)
holdsAt(falling(apple),(10,"< T =<",12))
holdsAt(falling(apple),(12,"< T =<",15))
holdsAt(falling(apple),(15,"< T =<",19))
holdsAt(falling(apple),(19,"< T =<",20))
releasedAt(height(apple),(10,"< T =<",12))
releasedAt(height(apple),(12,"< T =<",15))
releasedAt(height(apple),(15,"< T =<",19))
releasedAt(height(apple),(19,"< T =<",20))
fholdsAt(height(apple),20,(0,"< T =<",10))
fholdsAt(height(apple),0,(20,"< T =<",1000))
fholdsAtC(height(apple),(20,"->",16),(10,"< T =<",12),eq(off2(0),"+",koef(1),"*",(base(20),"+",off1(0)),"+",inc(-2),"*",dur(12,"-",10)))
fholdsAtC(height(apple),(16,"->",10),(12,"< T =<",15),eq(off2(0),"+",koef(1),"*",(base(20),"+",off1(0)),"+",inc(-2),"*",dur(15,"-",10)))
fholdsAtC(height(apple),(10,"->",2),(15,"< T =<",19),eq(off2(0),"+",koef(1),"*",(base(20),"+",off1(0)),"+",inc(-2),"*",dur(19,"-",10)))
fholdsAtC(height(apple),(2,"->",0),(19,"< T =<",20),eq(off2(0),"+",koef(1),"*",(base(20),"+",off1(0)),"+",inc(-2),"*",dur(20,"-",10)))
Assignment: [leftovers]
fholdsAt(height(apple),0)=20
SATISFIABLE

Models       : 1
Calls        : 1
Time         : 0.040s (Solving: 0.00s 1st Model: 0.00s Unsat: 0.00s)
CPU Time     : 0.024s

Command exited with non-zero status 30

  real      0:00.05
  real [s]  0.05
  user [s]  0.02
  sys  [s]  0.00
  mem  [KB] 9088
  avgm [KB] 0
