$ clingo-lpx --strict -n0 ./model.lp ../axioms/dbec-clingo_lpx-choice.lp -c maxstep=2 -c paramHeight=40 | ../utils/replace_assignments.sh | ../utils/make-readable.sh


clingo-lpx version 1.3.0
Reading from ./model.lp ...
Solving...
Answer: 1
(Time: 0.049s)
happens(hitGround(apple),30)
happens(drop(nathan,apple),10)
holdsAt(falling(apple),(10,"< T =<",30))
releasedAt(height(apple),(10,"< T =<",30))
holdsAt_Func(height(apple),40,(0,"< T =<",10))
holdsAt_Func_Cont(height(apple),(40,"->",0),(10,"< T =<",30))
Assignment: [leftovers]
valueAtStep(height(apple),0)=40
SATISFIABLE

Models       : 1
Calls        : 1
Time         : 0.049s (Solving: 0.00s 1st Model: 0.00s Unsat: 0.00s)
CPU Time     : 0.017s

Command exited with non-zero status 30

  real      0:00.06
  real [s]  0.06
  user [s]  0.01
  sys  [s]  0.00
  mem  [KB] 8192
  avgm [KB] 0
