$ clingo-lpx --strict -n0 ./model-lpx.lp ../axioms/bec_steps-clingo_lpx.lp -c maxstep=2 -c paramHeight=80 | ../utils/replace_assignments.sh | ../utils/make-readable.sh


clingo-lpx version 1.3.0
Reading from ./model-lpx.lp ...
Solving...
Answer: 1
(Time: 0.031s)
happens(hitGround(apple),50)
happens(drop(nathan,apple),10)
holdsAt(falling(apple),(10,"< T =<",50))
releasedAtF(height(apple),(10,"< T =<",50))
holdsAtCF(height(apple),(80,"->",0),(10,"< T =<",50))
holdsAtF(height(apple),80,(0,"< T =<",10))
holdsAtF(height(apple),0,("T >",50))
SATISFIABLE

Models       : 1
Calls        : 1
Time         : 0.031s (Solving: 0.00s 1st Model: 0.00s Unsat: 0.00s)
CPU Time     : 0.018s

Command exited with non-zero status 30

  real      0:00.04
  real [s]  0.04
  user [s]  0.01
  sys  [s]  0.00
  mem  [KB] 8832
  avgm [KB] 0
