$ clingo -c maxtime=4 -c paramHeight=3 -n 0 ../axioms/bec_clingo.pl ./model.pl | ../utils/format-output/format-output-rework | ../utils/remove_grounding.sh



==========
Answer: 1

0
height(apple,3)

1
height(apple,3)
happens(drop(nathan,apple),1)

2
-height(apple,3)
+falling(apple)
+height(apple,1)

3
-height(apple,1)
+height(apple,-1)
falling(apple)

4
-height(apple,-1)
+height(apple,-3)
falling(apple)
P ... predicate grounding skipped ...

  real      0:00.09
  real [s]  0.09
  user [s]  0.02
  sys  [s]  0.03
  mem  [KB] 9216
  avgm [KB] 0
