$ clingo -c maxtime=165 -c paramHeight=320 -n 0 ../axioms/bec_clingo.pl ./model.pl | ../utils/format-output/format-output-rework | ../utils/remove_grounding.sh



==========
Answer: 1

0
height(apple,320)

1
height(apple,320)
happens(drop(nathan,apple),1)

2
-height(apple,320)
+falling(apple)
+height(apple,318)

3
-height(apple,318)
+height(apple,316)
falling(apple)

4
-height(apple,316)
+height(apple,314)
falling(apple)

5
-height(apple,314)
+height(apple,312)
falling(apple)

6
-height(apple,312)
+height(apple,310)
falling(apple)

7
-height(apple,310)
+height(apple,308)
falling(apple)

8
-height(apple,308)
+height(apple,306)
falling(apple)

9
-height(apple,306)
+height(apple,304)
falling(apple)

10
-height(apple,304)
+height(apple,302)
falling(apple)

11
-height(apple,302)
+height(apple,300)
falling(apple)

12
-height(apple,300)
+height(apple,298)
falling(apple)

13
-height(apple,298)
+height(apple,296)
falling(apple)

14
-height(apple,296)
+height(apple,294)
falling(apple)

15
-height(apple,294)
+height(apple,292)
falling(apple)

16
-height(apple,292)
+height(apple,290)
falling(apple)

17
-height(apple,290)
+height(apple,288)
falling(apple)

18
-height(apple,288)
+height(apple,286)
falling(apple)

19
-height(apple,286)
+height(apple,284)
falling(apple)

20
-height(apple,284)
+height(apple,282)
falling(apple)

21
-height(apple,282)
+height(apple,280)
falling(apple)

22
-height(apple,280)
+height(apple,278)
falling(apple)

23
-height(apple,278)
+height(apple,276)
falling(apple)

24
-height(apple,276)
+height(apple,274)
falling(apple)

25
-height(apple,274)
+height(apple,272)
falling(apple)

26
-height(apple,272)
+height(apple,270)
falling(apple)

27
-height(apple,270)
+height(apple,268)
falling(apple)

28
-height(apple,268)
+height(apple,266)
falling(apple)

29
-height(apple,266)
+height(apple,264)
falling(apple)

30
-height(apple,264)
+height(apple,262)
falling(apple)

31
-height(apple,262)
+height(apple,260)
falling(apple)

32
-height(apple,260)
+height(apple,258)
falling(apple)

33
-height(apple,258)
+height(apple,256)
falling(apple)

34
-height(apple,256)
+height(apple,254)
falling(apple)

35
-height(apple,254)
+height(apple,252)
falling(apple)

36
-height(apple,252)
+height(apple,250)
falling(apple)

37
-height(apple,250)
+height(apple,248)
falling(apple)

38
-height(apple,248)
+height(apple,246)
falling(apple)

39
-height(apple,246)
+height(apple,244)
falling(apple)

40
-height(apple,244)
+height(apple,242)
falling(apple)

41
-height(apple,242)
+height(apple,240)
falling(apple)

42
-height(apple,240)
+height(apple,238)
falling(apple)

43
-height(apple,238)
+height(apple,236)
falling(apple)

44
-height(apple,236)
+height(apple,234)
falling(apple)

45
-height(apple,234)
+height(apple,232)
falling(apple)

46
-height(apple,232)
+height(apple,230)
falling(apple)

47
-height(apple,230)
+height(apple,228)
falling(apple)

48
-height(apple,228)
+height(apple,226)
falling(apple)

49
-height(apple,226)
+height(apple,224)
falling(apple)

50
-height(apple,224)
+height(apple,222)
falling(apple)

51
-height(apple,222)
+height(apple,220)
falling(apple)

52
-height(apple,220)
+height(apple,218)
falling(apple)

53
-height(apple,218)
+height(apple,216)
falling(apple)

54
-height(apple,216)
+height(apple,214)
falling(apple)

55
-height(apple,214)
+height(apple,212)
falling(apple)

56
-height(apple,212)
+height(apple,210)
falling(apple)

57
-height(apple,210)
+height(apple,208)
falling(apple)

58
-height(apple,208)
+height(apple,206)
falling(apple)

59
-height(apple,206)
+height(apple,204)
falling(apple)

60
-height(apple,204)
+height(apple,202)
falling(apple)

61
-height(apple,202)
+height(apple,200)
falling(apple)

62
-height(apple,200)
+height(apple,198)
falling(apple)

63
-height(apple,198)
+height(apple,196)
falling(apple)

64
-height(apple,196)
+height(apple,194)
falling(apple)

65
-height(apple,194)
+height(apple,192)
falling(apple)

66
-height(apple,192)
+height(apple,190)
falling(apple)

67
-height(apple,190)
+height(apple,188)
falling(apple)

68
-height(apple,188)
+height(apple,186)
falling(apple)

69
-height(apple,186)
+height(apple,184)
falling(apple)

70
-height(apple,184)
+height(apple,182)
falling(apple)

71
-height(apple,182)
+height(apple,180)
falling(apple)

72
-height(apple,180)
+height(apple,178)
falling(apple)

73
-height(apple,178)
+height(apple,176)
falling(apple)

74
-height(apple,176)
+height(apple,174)
falling(apple)

75
-height(apple,174)
+height(apple,172)
falling(apple)

76
-height(apple,172)
+height(apple,170)
falling(apple)

77
-height(apple,170)
+height(apple,168)
falling(apple)

78
-height(apple,168)
+height(apple,166)
falling(apple)

79
-height(apple,166)
+height(apple,164)
falling(apple)

80
-height(apple,164)
+height(apple,162)
falling(apple)

81
-height(apple,162)
+height(apple,160)
falling(apple)

82
-height(apple,160)
+height(apple,158)
falling(apple)

83
-height(apple,158)
+height(apple,156)
falling(apple)

84
-height(apple,156)
+height(apple,154)
falling(apple)

85
-height(apple,154)
+height(apple,152)
falling(apple)

86
-height(apple,152)
+height(apple,150)
falling(apple)

87
-height(apple,150)
+height(apple,148)
falling(apple)

88
-height(apple,148)
+height(apple,146)
falling(apple)

89
-height(apple,146)
+height(apple,144)
falling(apple)

90
-height(apple,144)
+height(apple,142)
falling(apple)

91
-height(apple,142)
+height(apple,140)
falling(apple)

92
-height(apple,140)
+height(apple,138)
falling(apple)

93
-height(apple,138)
+height(apple,136)
falling(apple)

94
-height(apple,136)
+height(apple,134)
falling(apple)

95
-height(apple,134)
+height(apple,132)
falling(apple)

96
-height(apple,132)
+height(apple,130)
falling(apple)

97
-height(apple,130)
+height(apple,128)
falling(apple)

98
-height(apple,128)
+height(apple,126)
falling(apple)

99
-height(apple,126)
+height(apple,124)
falling(apple)

100
-height(apple,124)
+height(apple,122)
falling(apple)

101
-height(apple,122)
+height(apple,120)
falling(apple)

102
-height(apple,120)
+height(apple,118)
falling(apple)

103
-height(apple,118)
+height(apple,116)
falling(apple)

104
-height(apple,116)
+height(apple,114)
falling(apple)

105
-height(apple,114)
+height(apple,112)
falling(apple)

106
-height(apple,112)
+height(apple,110)
falling(apple)

107
-height(apple,110)
+height(apple,108)
falling(apple)

108
-height(apple,108)
+height(apple,106)
falling(apple)

109
-height(apple,106)
+height(apple,104)
falling(apple)

110
-height(apple,104)
+height(apple,102)
falling(apple)

111
-height(apple,102)
+height(apple,100)
falling(apple)

112
-height(apple,100)
+height(apple,98)
falling(apple)

113
-height(apple,98)
+height(apple,96)
falling(apple)

114
-height(apple,96)
+height(apple,94)
falling(apple)

115
-height(apple,94)
+height(apple,92)
falling(apple)

116
-height(apple,92)
+height(apple,90)
falling(apple)

117
-height(apple,90)
+height(apple,88)
falling(apple)

118
-height(apple,88)
+height(apple,86)
falling(apple)

119
-height(apple,86)
+height(apple,84)
falling(apple)

120
-height(apple,84)
+height(apple,82)
falling(apple)

121
-height(apple,82)
+height(apple,80)
falling(apple)

122
-height(apple,80)
+height(apple,78)
falling(apple)

123
-height(apple,78)
+height(apple,76)
falling(apple)

124
-height(apple,76)
+height(apple,74)
falling(apple)

125
-height(apple,74)
+height(apple,72)
falling(apple)

126
-height(apple,72)
+height(apple,70)
falling(apple)

127
-height(apple,70)
+height(apple,68)
falling(apple)

128
-height(apple,68)
+height(apple,66)
falling(apple)

129
-height(apple,66)
+height(apple,64)
falling(apple)

130
-height(apple,64)
+height(apple,62)
falling(apple)

131
-height(apple,62)
+height(apple,60)
falling(apple)

132
-height(apple,60)
+height(apple,58)
falling(apple)

133
-height(apple,58)
+height(apple,56)
falling(apple)

134
-height(apple,56)
+height(apple,54)
falling(apple)

135
-height(apple,54)
+height(apple,52)
falling(apple)

136
-height(apple,52)
+height(apple,50)
falling(apple)

137
-height(apple,50)
+height(apple,48)
falling(apple)

138
-height(apple,48)
+height(apple,46)
falling(apple)

139
-height(apple,46)
+height(apple,44)
falling(apple)

140
-height(apple,44)
+height(apple,42)
falling(apple)

141
-height(apple,42)
+height(apple,40)
falling(apple)

142
-height(apple,40)
+height(apple,38)
falling(apple)

143
-height(apple,38)
+height(apple,36)
falling(apple)

144
-height(apple,36)
+height(apple,34)
falling(apple)

145
-height(apple,34)
+height(apple,32)
falling(apple)

146
-height(apple,32)
+height(apple,30)
falling(apple)

147
-height(apple,30)
+height(apple,28)
falling(apple)

148
-height(apple,28)
+height(apple,26)
falling(apple)

149
-height(apple,26)
+height(apple,24)
falling(apple)

150
-height(apple,24)
+height(apple,22)
falling(apple)

151
-height(apple,22)
+height(apple,20)
falling(apple)

152
-height(apple,20)
+height(apple,18)
falling(apple)

153
-height(apple,18)
+height(apple,16)
falling(apple)

154
-height(apple,16)
+height(apple,14)
falling(apple)

155
-height(apple,14)
+height(apple,12)
falling(apple)

156
-height(apple,12)
+height(apple,10)
falling(apple)

157
-height(apple,10)
+height(apple,8)
falling(apple)

158
-height(apple,8)
+height(apple,6)
falling(apple)

159
-height(apple,6)
+height(apple,4)
falling(apple)

160
-height(apple,4)
+height(apple,2)
falling(apple)

161
-height(apple,2)
+height(apple,0)
falling(apple)
happens(hitGround(apple),161)

162
-falling(apple)
height(apple,0)

163
height(apple,0)

164
height(apple,0)

165
height(apple,0)
P ... predicate grounding skipped ...

  real      39:16.05
  real [s]  2356.05
  user [s]  2296.49
  sys  [s]  80.37
  mem  [KB] 26480956
  avgm [KB] 0
