$ clingo -c maxtime=85 -c paramHeight=160 -n 0 ../axioms/bec_clingo.pl ./model.pl | ../utils/format-output/format-output-rework | ../utils/remove_grounding.sh



==========
Answer: 1

0
height(apple,160)

1
height(apple,160)
happens(drop(nathan,apple),1)

2
-height(apple,160)
+falling(apple)
+height(apple,158)

3
-height(apple,158)
+height(apple,156)
falling(apple)

4
-height(apple,156)
+height(apple,154)
falling(apple)

5
-height(apple,154)
+height(apple,152)
falling(apple)

6
-height(apple,152)
+height(apple,150)
falling(apple)

7
-height(apple,150)
+height(apple,148)
falling(apple)

8
-height(apple,148)
+height(apple,146)
falling(apple)

9
-height(apple,146)
+height(apple,144)
falling(apple)

10
-height(apple,144)
+height(apple,142)
falling(apple)

11
-height(apple,142)
+height(apple,140)
falling(apple)

12
-height(apple,140)
+height(apple,138)
falling(apple)

13
-height(apple,138)
+height(apple,136)
falling(apple)

14
-height(apple,136)
+height(apple,134)
falling(apple)

15
-height(apple,134)
+height(apple,132)
falling(apple)

16
-height(apple,132)
+height(apple,130)
falling(apple)

17
-height(apple,130)
+height(apple,128)
falling(apple)

18
-height(apple,128)
+height(apple,126)
falling(apple)

19
-height(apple,126)
+height(apple,124)
falling(apple)

20
-height(apple,124)
+height(apple,122)
falling(apple)

21
-height(apple,122)
+height(apple,120)
falling(apple)

22
-height(apple,120)
+height(apple,118)
falling(apple)

23
-height(apple,118)
+height(apple,116)
falling(apple)

24
-height(apple,116)
+height(apple,114)
falling(apple)

25
-height(apple,114)
+height(apple,112)
falling(apple)

26
-height(apple,112)
+height(apple,110)
falling(apple)

27
-height(apple,110)
+height(apple,108)
falling(apple)

28
-height(apple,108)
+height(apple,106)
falling(apple)

29
-height(apple,106)
+height(apple,104)
falling(apple)

30
-height(apple,104)
+height(apple,102)
falling(apple)

31
-height(apple,102)
+height(apple,100)
falling(apple)

32
-height(apple,100)
+height(apple,98)
falling(apple)

33
-height(apple,98)
+height(apple,96)
falling(apple)

34
-height(apple,96)
+height(apple,94)
falling(apple)

35
-height(apple,94)
+height(apple,92)
falling(apple)

36
-height(apple,92)
+height(apple,90)
falling(apple)

37
-height(apple,90)
+height(apple,88)
falling(apple)

38
-height(apple,88)
+height(apple,86)
falling(apple)

39
-height(apple,86)
+height(apple,84)
falling(apple)

40
-height(apple,84)
+height(apple,82)
falling(apple)

41
-height(apple,82)
+height(apple,80)
falling(apple)

42
-height(apple,80)
+height(apple,78)
falling(apple)

43
-height(apple,78)
+height(apple,76)
falling(apple)

44
-height(apple,76)
+height(apple,74)
falling(apple)

45
-height(apple,74)
+height(apple,72)
falling(apple)

46
-height(apple,72)
+height(apple,70)
falling(apple)

47
-height(apple,70)
+height(apple,68)
falling(apple)

48
-height(apple,68)
+height(apple,66)
falling(apple)

49
-height(apple,66)
+height(apple,64)
falling(apple)

50
-height(apple,64)
+height(apple,62)
falling(apple)

51
-height(apple,62)
+height(apple,60)
falling(apple)

52
-height(apple,60)
+height(apple,58)
falling(apple)

53
-height(apple,58)
+height(apple,56)
falling(apple)

54
-height(apple,56)
+height(apple,54)
falling(apple)

55
-height(apple,54)
+height(apple,52)
falling(apple)

56
-height(apple,52)
+height(apple,50)
falling(apple)

57
-height(apple,50)
+height(apple,48)
falling(apple)

58
-height(apple,48)
+height(apple,46)
falling(apple)

59
-height(apple,46)
+height(apple,44)
falling(apple)

60
-height(apple,44)
+height(apple,42)
falling(apple)

61
-height(apple,42)
+height(apple,40)
falling(apple)

62
-height(apple,40)
+height(apple,38)
falling(apple)

63
-height(apple,38)
+height(apple,36)
falling(apple)

64
-height(apple,36)
+height(apple,34)
falling(apple)

65
-height(apple,34)
+height(apple,32)
falling(apple)

66
-height(apple,32)
+height(apple,30)
falling(apple)

67
-height(apple,30)
+height(apple,28)
falling(apple)

68
-height(apple,28)
+height(apple,26)
falling(apple)

69
-height(apple,26)
+height(apple,24)
falling(apple)

70
-height(apple,24)
+height(apple,22)
falling(apple)

71
-height(apple,22)
+height(apple,20)
falling(apple)

72
-height(apple,20)
+height(apple,18)
falling(apple)

73
-height(apple,18)
+height(apple,16)
falling(apple)

74
-height(apple,16)
+height(apple,14)
falling(apple)

75
-height(apple,14)
+height(apple,12)
falling(apple)

76
-height(apple,12)
+height(apple,10)
falling(apple)

77
-height(apple,10)
+height(apple,8)
falling(apple)

78
-height(apple,8)
+height(apple,6)
falling(apple)

79
-height(apple,6)
+height(apple,4)
falling(apple)

80
-height(apple,4)
+height(apple,2)
falling(apple)

81
-height(apple,2)
+height(apple,0)
falling(apple)
happens(hitGround(apple),81)

82
-falling(apple)
height(apple,0)

83
height(apple,0)

84
height(apple,0)

85
height(apple,0)
P ... predicate grounding skipped ...

  real      1:12.54
  real [s]  72.54
  user [s]  70.13
  sys  [s]  3.34
  mem  [KB] 1229068
  avgm [KB] 0
