$ clingo-lpx --strict -n0 ../axioms/dbec-clingo_lpx-choice.lp -c maxstep=6 ./fix-min_dur.lp ./narrative2.lp | ../utils/replace_assignments.sh | ../utils/make-readable.sh


clingo-lpx version 1.3.0
Reading from ../axioms/dbec-clingo_lpx-choice.lp ...
Solving...
Answer: 1
(Time: 0.044s)
happens(bounce_up,20)
happens(bounce_up,25)
happens(drop,10)
happens(fall_down,10)
happens(fall_down,45/2)
happens(fall_down,205/8)
happens(hit_ground,20)
happens(hit_ground,25)
happens(hit_ground,105/4)
happens(reach_apex,45/2)
happens(reach_apex,205/8)
happens(stop_bouncing,105/4)
holdsAt(falling,(10,"< T =<",20))
holdsAt(falling,(45/2,"< T =<",25))
holdsAt(falling,(205/8,"< T =<",105/4))
holdsAt(rising,(20,"< T =<",45/2))
holdsAt(rising,(25,"< T =<",205/8))
holdsAt(constant_fall_rate(1),(0,"< T =<",10))
holdsAt(constant_fall_rate(1),(10,"< T =<",20))
holdsAt(constant_fall_rate(1),(20,"< T =<",45/2))
holdsAt(constant_fall_rate(1),(45/2,"< T =<",25))
holdsAt(constant_fall_rate(1),(25,"< T =<",205/8))
holdsAt(constant_fall_rate(1),(205/8,"< T =<",105/4))
holdsAt(constant_velocity_loss_bounce(1),(0,"< T =<",10))
holdsAt(constant_velocity_loss_bounce(1),(10,"< T =<",20))
holdsAt(constant_velocity_loss_bounce(1),(20,"< T =<",45/2))
holdsAt(constant_velocity_loss_bounce(1),(45/2,"< T =<",25))
holdsAt(constant_velocity_loss_bounce(1),(25,"< T =<",205/8))
holdsAt(constant_velocity_loss_bounce(1),(205/8,"< T =<",105/4))
holdsAt(velocity_loss_portion("0.75"),(0,"< T =<",10))
holdsAt(velocity_loss_portion("0.75"),(10,"< T =<",20))
holdsAt(velocity_loss_portion("0.75"),(20,"< T =<",45/2))
holdsAt(velocity_loss_portion("0.75"),(45/2,"< T =<",25))
holdsAt(velocity_loss_portion("0.75"),(25,"< T =<",205/8))
holdsAt(velocity_loss_portion("0.75"),(205/8,"< T =<",105/4))
releasedAt(height,(10,"< T =<",20))
releasedAt(height,(20,"< T =<",45/2))
releasedAt(height,(45/2,"< T =<",25))
releasedAt(height,(25,"< T =<",205/8))
releasedAt(height,(205/8,"< T =<",105/4))
releasedAt(velocity,(10,"< T =<",20))
releasedAt(velocity,(20,"< T =<",45/2))
releasedAt(velocity,(45/2,"< T =<",25))
releasedAt(velocity,(25,"< T =<",205/8))
releasedAt(velocity,(205/8,"< T =<",105/4))
holdsAt_Func(height,10,(0,"< T =<",10))
holdsAt_Func(velocity,0,(0,"< T =<",10))
holdsAt_Func_Cont(height,(10,"->",0),(10,"< T =<",20))
holdsAt_Func_Cont(height,(0,"->",5/2),(20,"< T =<",45/2))
holdsAt_Func_Cont(height,(5/2,"->",0),(45/2,"< T =<",25))
holdsAt_Func_Cont(height,(0,"->",5/8),(25,"< T =<",205/8))
holdsAt_Func_Cont(height,(5/8,"->",0),(205/8,"< T =<",105/4))
holdsAt_Func_Cont(velocity,(0,"->",10),(10,"< T =<",20))
holdsAt_Func_Cont(velocity,(10,"->",0),(20,"< T =<",45/2))
holdsAt_Func_Cont(velocity,(0,"->",5/2),(45/2,"< T =<",25))
holdsAt_Func_Cont(velocity,(5/2,"->",0),(25,"< T =<",205/8))
holdsAt_Func_Cont(velocity,(0,"->",5/8),(205/8,"< T =<",105/4))
SATISFIABLE

Models       : 1
Calls        : 1
Time         : 0.045s (Solving: 0.01s 1st Model: 0.01s Unsat: 0.00s)
CPU Time     : 0.029s

Command exited with non-zero status 30

  real      0:00.05
  real [s]  0.05
  user [s]  0.02
  sys  [s]  0.01
  mem  [KB] 9472
  avgm [KB] 0
