$ clingo-lpx --strict -n0 ../axioms/bec_steps-clingo_lpx-merged.lp -c maxstep=6 ./fix-min_dur-merged.lp ./narrative2.lp | ../utils/replace_assignments.sh | ../utils/make-readable.sh


clingo-lpx version 1.3.0
Reading from .../axioms/bec_steps-clingo_lpx-merged.lp ...
Solving...
Answer: 1
(Time: 0.040s)
happens(bounce_up,20)
happens(bounce_up,25)
happens(drop,10)
happens(fall_down,10)
happens(fall_down,45/2)
happens(fall_down,205/8)
happens(hit_ground,20)
happens(hit_ground,25)
happens(hit_ground,105/4)
happens(reach_apex,45/2)
happens(reach_apex,205/8)
happens(stop_bouncing,105/4)
holdsAt(falling,(10,"< T =<",20))
holdsAt(falling,(45/2,"< T =<",25))
holdsAt(falling,(205/8,"< T =<",105/4))
holdsAt(rising,(20,"< T =<",45/2))
holdsAt(rising,(25,"< T =<",205/8))
holdsAt(constant_fall_rate(1),(0,"< T =<",10))
holdsAt(constant_fall_rate(1),(10,"< T =<",20))
holdsAt(constant_fall_rate(1),(20,"< T =<",45/2))
holdsAt(constant_fall_rate(1),(45/2,"< T =<",25))
holdsAt(constant_fall_rate(1),(25,"< T =<",205/8))
holdsAt(constant_fall_rate(1),(205/8,"< T =<",105/4))
holdsAt(constant_velocity_loss_bounce(1),(0,"< T =<",10))
holdsAt(constant_velocity_loss_bounce(1),(10,"< T =<",20))
holdsAt(constant_velocity_loss_bounce(1),(20,"< T =<",45/2))
holdsAt(constant_velocity_loss_bounce(1),(45/2,"< T =<",25))
holdsAt(constant_velocity_loss_bounce(1),(25,"< T =<",205/8))
holdsAt(constant_velocity_loss_bounce(1),(205/8,"< T =<",105/4))
holdsAt(velocity_loss_portion("0.75"),(0,"< T =<",10))
holdsAt(velocity_loss_portion("0.75"),(10,"< T =<",20))
holdsAt(velocity_loss_portion("0.75"),(20,"< T =<",45/2))
holdsAt(velocity_loss_portion("0.75"),(45/2,"< T =<",25))
holdsAt(velocity_loss_portion("0.75"),(25,"< T =<",205/8))
holdsAt(velocity_loss_portion("0.75"),(205/8,"< T =<",105/4))
releasedAt(height,(10,"< T =<",20))
releasedAt(height,(20,"< T =<",45/2))
releasedAt(height,(45/2,"< T =<",25))
releasedAt(height,(25,"< T =<",205/8))
releasedAt(height,(205/8,"< T =<",105/4))
releasedAt(velocity,(10,"< T =<",20))
releasedAt(velocity,(20,"< T =<",45/2))
releasedAt(velocity,(45/2,"< T =<",25))
releasedAt(velocity,(25,"< T =<",205/8))
releasedAt(velocity,(205/8,"< T =<",105/4))
holdsAt_Func(height,10,(0,"< T =<",10))
holdsAt_Func(velocity,0,(0,"< T =<",10))
holdsAt_Func_Cont(height,(10,"->",0),(10,"< T =<",20))
holdsAt_Func_Cont(height,(0,"->",5/2),(20,"< T =<",45/2))
holdsAt_Func_Cont(height,(5/2,"->",0),(45/2,"< T =<",25))
holdsAt_Func_Cont(height,(0,"->",5/8),(25,"< T =<",205/8))
holdsAt_Func_Cont(height,(5/8,"->",0),(205/8,"< T =<",105/4))
holdsAt_Func_Cont(velocity,(0,"->",10),(10,"< T =<",20))
holdsAt_Func_Cont(velocity,(10,"->",0),(20,"< T =<",45/2))
holdsAt_Func_Cont(velocity,(0,"->",5/2),(45/2,"< T =<",25))
holdsAt_Func_Cont(velocity,(5/2,"->",0),(25,"< T =<",205/8))
holdsAt_Func_Cont(velocity,(0,"->",5/8),(205/8,"< T =<",105/4))
aux__fallDurAtStep(0)=0
aux__fallDurAtStep(1)=0
aux__fallDurAtStep(2)=10
aux__fallDurAtStep(3)=0
aux__fallDurAtStep(4)=5/2
aux__fallDurAtStep(5)=0
aux__fallDurAtStep(6)=5/8
timeAtStep(0)=0
timeAtStep(1)=10
timeAtStep(2)=20
timeAtStep(3)=45/2
timeAtStep(4)=25
timeAtStep(5)=205/8
timeAtStep(6)=105/4
valueAtStep(height,0)=10
valueAtStep(height,1)=10
valueAtStep(height,2)=0
valueAtStep(height,3)=5/2
valueAtStep(height,4)=0
valueAtStep(height,5)=5/8
valueAtStep(height,6)=0
valueAtStep(velocity,0)=0
valueAtStep(velocity,1)=0
valueAtStep(velocity,2)=10
valueAtStep(velocity,3)=0
valueAtStep(velocity,4)=5/2
valueAtStep(velocity,5)=0
valueAtStep(velocity,6)=5/8
SATISFIABLE

Models       : 1
Calls        : 1
Time         : 0.041s (Solving: 0.00s 1st Model: 0.00s Unsat: 0.00s)
CPU Time     : 0.024s

Command exited with non-zero status 30

  real      0:00.05
  real [s]  0.05
  user [s]  0.02
  sys  [s]  0.00
  mem  [KB] 9216
  avgm [KB] 0
