$ clingo-lpx --strict -n0 ../axioms/dbec-clingo_lpx-choice.lp -c maxstep=6 ./model.lp ./narrative1.lp | ../utils/replace_assignments.sh | ../utils/make-readable.sh


clingo-lpx version 1.3.0
Reading from ../axioms/dbec-clingo_lpx-choice.lp ...
Solving...
Answer: 1
(Time: 0.073s)
happens(bounce_up,20)
happens(bounce_up,25)
happens(catch,26)
happens(drop,10)
happens(fall_down,10)
happens(fall_down,45/2)
happens(fall_down,205/8)
happens(hit_ground,20)
happens(hit_ground,25)
happens(reach_apex,45/2)
happens(reach_apex,205/8)
holdsAt(falling,(10,"< T =<",20))
holdsAt(falling,(45/2,"< T =<",25))
holdsAt(falling,(205/8,"< T =<",26))
holdsAt(rising,(20,"< T =<",45/2))
holdsAt(rising,(25,"< T =<",205/8))
holdsAt(constant_fall_rate(1),(0,"< T =<",10))
holdsAt(constant_fall_rate(1),(10,"< T =<",20))
holdsAt(constant_fall_rate(1),(20,"< T =<",45/2))
holdsAt(constant_fall_rate(1),(45/2,"< T =<",25))
holdsAt(constant_fall_rate(1),(25,"< T =<",205/8))
holdsAt(constant_fall_rate(1),(205/8,"< T =<",26))
holdsAt(constant_velocity_loss_bounce(1),(0,"< T =<",10))
holdsAt(constant_velocity_loss_bounce(1),(10,"< T =<",20))
holdsAt(constant_velocity_loss_bounce(1),(20,"< T =<",45/2))
holdsAt(constant_velocity_loss_bounce(1),(45/2,"< T =<",25))
holdsAt(constant_velocity_loss_bounce(1),(25,"< T =<",205/8))
holdsAt(constant_velocity_loss_bounce(1),(205/8,"< T =<",26))
holdsAt(velocity_loss_portion("0.75"),(0,"< T =<",10))
holdsAt(velocity_loss_portion("0.75"),(10,"< T =<",20))
holdsAt(velocity_loss_portion("0.75"),(20,"< T =<",45/2))
holdsAt(velocity_loss_portion("0.75"),(45/2,"< T =<",25))
holdsAt(velocity_loss_portion("0.75"),(25,"< T =<",205/8))
holdsAt(velocity_loss_portion("0.75"),(205/8,"< T =<",26))
releasedAt(height,(10,"< T =<",20))
releasedAt(height,(20,"< T =<",45/2))
releasedAt(height,(45/2,"< T =<",25))
releasedAt(height,(25,"< T =<",205/8))
releasedAt(height,(205/8,"< T =<",26))
releasedAt(velocity,(10,"< T =<",20))
releasedAt(velocity,(20,"< T =<",45/2))
releasedAt(velocity,(45/2,"< T =<",25))
releasedAt(velocity,(25,"< T =<",205/8))
releasedAt(velocity,(205/8,"< T =<",26))
holdsAt_Func(height,10,(0,"< T =<",10))
holdsAt_Func(velocity,0,(0,"< T =<",10))
holdsAt_Func_Cont(height,(10,"->",0),(10,"< T =<",20))
holdsAt_Func_Cont(height,(0,"->",5/2),(20,"< T =<",45/2))
holdsAt_Func_Cont(height,(5/2,"->",0),(45/2,"< T =<",25))
holdsAt_Func_Cont(height,(0,"->",5/8),(25,"< T =<",205/8))
holdsAt_Func_Cont(height,(5/8,"->",1/4),(205/8,"< T =<",26))
holdsAt_Func_Cont(velocity,(0,"->",10),(10,"< T =<",20))
holdsAt_Func_Cont(velocity,(10,"->",0),(20,"< T =<",45/2))
holdsAt_Func_Cont(velocity,(0,"->",5/2),(45/2,"< T =<",25))
holdsAt_Func_Cont(velocity,(5/2,"->",0),(25,"< T =<",205/8))
holdsAt_Func_Cont(velocity,(0,"->",3/8),(205/8,"< T =<",26))
Assignment: [leftovers]
valueAtStep(height,0)=10
valueAtStep(velocity,0)=0
SATISFIABLE

Models       : 1
Calls        : 1
Time         : 0.074s (Solving: 0.00s 1st Model: 0.00s Unsat: 0.00s)
CPU Time     : 0.037s

Command exited with non-zero status 30

  real      0:00.09
  real [s]  0.09
  user [s]  0.03
  sys  [s]  0.00
  mem  [KB] 8704
  avgm [KB] 0
