$ clingo-lpx --strict -n0 ../axioms/fdec.lp -c maxstep=50 -c maxtime=1000 ./model.lp ./narrative2.lp -c disablelaststep=1 | ../utils/replace_assignments.sh | ../utils/make-readable.sh


clingo-lpx version 1.3.0
Reading from ../axioms/fdec.lp ...
Solving...
Answer: 1
(Time: 49.118s)
happens(bounce_up,20)
happens(bounce_up,25)
happens(bounce_up,105/4)
happens(bounce_up,425/16)
happens(bounce_up,1705/64)
happens(bounce_up,6825/256)
happens(bounce_up,27305/1024)
happens(bounce_up,109225/4096)
happens(bounce_up,436905/16384)
happens(bounce_up,1747625/65536)
happens(bounce_up,6990505/262144)
happens(bounce_up,27962025/1048576)
happens(bounce_up,111848105/4194304)
happens(bounce_up,447392425/16777216)
happens(bounce_up,1789569705/67108864)
happens(bounce_up,7158278825/268435456)
happens(bounce_up,28633115305/1073741824)
happens(bounce_up,114532461225/4294967296)
happens(bounce_up,458129844905/17179869184)
happens(bounce_up,1832519379625/68719476736)
happens(bounce_up,7330077518505/274877906944)
happens(bounce_up,29320310074025/1099511627776)
happens(bounce_up,117281240296105/4398046511104)
happens(bounce_up,469124961184425/17592186044416)
happens(bounce_up,1876499844737705/70368744177664)
happens(drop,10)
happens(fall_down,10)
happens(fall_down,45/2)
happens(fall_down,205/8)
happens(fall_down,845/32)
happens(fall_down,3405/128)
happens(fall_down,13645/512)
happens(fall_down,54605/2048)
happens(fall_down,218445/8192)
happens(fall_down,873805/32768)
happens(fall_down,3495245/131072)
happens(fall_down,13981005/524288)
happens(fall_down,55924045/2097152)
happens(fall_down,223696205/8388608)
happens(fall_down,894784845/33554432)
happens(fall_down,3579139405/134217728)
happens(fall_down,14316557645/536870912)
happens(fall_down,57266230605/2147483648)
happens(fall_down,229064922445/8589934592)
happens(fall_down,916259689805/34359738368)
happens(fall_down,3665038759245/137438953472)
happens(fall_down,14660155037005/549755813888)
happens(fall_down,58640620148045/2199023255552)
happens(fall_down,234562480592205/8796093022208)
happens(fall_down,938249922368845/35184372088832)
happens(fall_down,3752999689475405/140737488355328)
happens(hit_ground,20)
happens(hit_ground,25)
happens(hit_ground,105/4)
happens(hit_ground,425/16)
happens(hit_ground,1705/64)
happens(hit_ground,6825/256)
happens(hit_ground,27305/1024)
happens(hit_ground,109225/4096)
happens(hit_ground,436905/16384)
happens(hit_ground,1747625/65536)
happens(hit_ground,6990505/262144)
happens(hit_ground,27962025/1048576)
happens(hit_ground,111848105/4194304)
happens(hit_ground,447392425/16777216)
happens(hit_ground,1789569705/67108864)
happens(hit_ground,7158278825/268435456)
happens(hit_ground,28633115305/1073741824)
happens(hit_ground,114532461225/4294967296)
happens(hit_ground,458129844905/17179869184)
happens(hit_ground,1832519379625/68719476736)
happens(hit_ground,7330077518505/274877906944)
happens(hit_ground,29320310074025/1099511627776)
happens(hit_ground,117281240296105/4398046511104)
happens(hit_ground,469124961184425/17592186044416)
happens(hit_ground,1876499844737705/70368744177664)
happens(reach_apex,45/2)
happens(reach_apex,205/8)
happens(reach_apex,845/32)
happens(reach_apex,3405/128)
happens(reach_apex,13645/512)
happens(reach_apex,54605/2048)
happens(reach_apex,218445/8192)
happens(reach_apex,873805/32768)
happens(reach_apex,3495245/131072)
happens(reach_apex,13981005/524288)
happens(reach_apex,55924045/2097152)
happens(reach_apex,223696205/8388608)
happens(reach_apex,894784845/33554432)
happens(reach_apex,3579139405/134217728)
happens(reach_apex,14316557645/536870912)
happens(reach_apex,57266230605/2147483648)
happens(reach_apex,229064922445/8589934592)
happens(reach_apex,916259689805/34359738368)
happens(reach_apex,3665038759245/137438953472)
happens(reach_apex,14660155037005/549755813888)
happens(reach_apex,58640620148045/2199023255552)
happens(reach_apex,234562480592205/8796093022208)
happens(reach_apex,938249922368845/35184372088832)
happens(reach_apex,3752999689475405/140737488355328)
holdsAt(falling,(10,"< T =<",20))
holdsAt(falling,(45/2,"< T =<",25))
holdsAt(falling,(205/8,"< T =<",105/4))
holdsAt(falling,(845/32,"< T =<",425/16))
holdsAt(falling,(3405/128,"< T =<",1705/64))
holdsAt(falling,(13645/512,"< T =<",6825/256))
holdsAt(falling,(54605/2048,"< T =<",27305/1024))
holdsAt(falling,(218445/8192,"< T =<",109225/4096))
holdsAt(falling,(873805/32768,"< T =<",436905/16384))
holdsAt(falling,(3495245/131072,"< T =<",1747625/65536))
holdsAt(falling,(13981005/524288,"< T =<",6990505/262144))
holdsAt(falling,(55924045/2097152,"< T =<",27962025/1048576))
holdsAt(falling,(223696205/8388608,"< T =<",111848105/4194304))
holdsAt(falling,(894784845/33554432,"< T =<",447392425/16777216))
holdsAt(falling,(3579139405/134217728,"< T =<",1789569705/67108864))
holdsAt(falling,(14316557645/536870912,"< T =<",7158278825/268435456))
holdsAt(falling,(57266230605/2147483648,"< T =<",28633115305/1073741824))
holdsAt(falling,(229064922445/8589934592,"< T =<",114532461225/4294967296))
holdsAt(falling,(916259689805/34359738368,"< T =<",458129844905/17179869184))
holdsAt(falling,(3665038759245/137438953472,"< T =<",1832519379625/68719476736))
holdsAt(falling,(14660155037005/549755813888,"< T =<",7330077518505/274877906944))
holdsAt(falling,(58640620148045/2199023255552,"< T =<",29320310074025/1099511627776))
holdsAt(falling,(234562480592205/8796093022208,"< T =<",117281240296105/4398046511104))
holdsAt(falling,(938249922368845/35184372088832,"< T =<",469124961184425/17592186044416))
holdsAt(falling,(3752999689475405/140737488355328,"< T =<",1876499844737705/70368744177664))
holdsAt(rising,(20,"< T =<",45/2))
holdsAt(rising,(25,"< T =<",205/8))
holdsAt(rising,(105/4,"< T =<",845/32))
holdsAt(rising,(425/16,"< T =<",3405/128))
holdsAt(rising,(1705/64,"< T =<",13645/512))
holdsAt(rising,(6825/256,"< T =<",54605/2048))
holdsAt(rising,(27305/1024,"< T =<",218445/8192))
holdsAt(rising,(109225/4096,"< T =<",873805/32768))
holdsAt(rising,(436905/16384,"< T =<",3495245/131072))
holdsAt(rising,(1747625/65536,"< T =<",13981005/524288))
holdsAt(rising,(6990505/262144,"< T =<",55924045/2097152))
holdsAt(rising,(27962025/1048576,"< T =<",223696205/8388608))
holdsAt(rising,(111848105/4194304,"< T =<",894784845/33554432))
holdsAt(rising,(447392425/16777216,"< T =<",3579139405/134217728))
holdsAt(rising,(1789569705/67108864,"< T =<",14316557645/536870912))
holdsAt(rising,(7158278825/268435456,"< T =<",57266230605/2147483648))
holdsAt(rising,(28633115305/1073741824,"< T =<",229064922445/8589934592))
holdsAt(rising,(114532461225/4294967296,"< T =<",916259689805/34359738368))
holdsAt(rising,(458129844905/17179869184,"< T =<",3665038759245/137438953472))
holdsAt(rising,(1832519379625/68719476736,"< T =<",14660155037005/549755813888))
holdsAt(rising,(7330077518505/274877906944,"< T =<",58640620148045/2199023255552))
holdsAt(rising,(29320310074025/1099511627776,"< T =<",234562480592205/8796093022208))
holdsAt(rising,(117281240296105/4398046511104,"< T =<",938249922368845/35184372088832))
holdsAt(rising,(469124961184425/17592186044416,"< T =<",3752999689475405/140737488355328))
holdsAt(constant_fall_rate(1),(0,"< T =<",10))
holdsAt(constant_fall_rate(1),(10,"< T =<",20))
holdsAt(constant_fall_rate(1),(20,"< T =<",45/2))
holdsAt(constant_fall_rate(1),(45/2,"< T =<",25))
holdsAt(constant_fall_rate(1),(25,"< T =<",205/8))
holdsAt(constant_fall_rate(1),(205/8,"< T =<",105/4))
holdsAt(constant_fall_rate(1),(105/4,"< T =<",845/32))
holdsAt(constant_fall_rate(1),(845/32,"< T =<",425/16))
holdsAt(constant_fall_rate(1),(425/16,"< T =<",3405/128))
holdsAt(constant_fall_rate(1),(3405/128,"< T =<",1705/64))
holdsAt(constant_fall_rate(1),(1705/64,"< T =<",13645/512))
holdsAt(constant_fall_rate(1),(13645/512,"< T =<",6825/256))
holdsAt(constant_fall_rate(1),(6825/256,"< T =<",54605/2048))
holdsAt(constant_fall_rate(1),(54605/2048,"< T =<",27305/1024))
holdsAt(constant_fall_rate(1),(27305/1024,"< T =<",218445/8192))
holdsAt(constant_fall_rate(1),(218445/8192,"< T =<",109225/4096))
holdsAt(constant_fall_rate(1),(109225/4096,"< T =<",873805/32768))
holdsAt(constant_fall_rate(1),(873805/32768,"< T =<",436905/16384))
holdsAt(constant_fall_rate(1),(436905/16384,"< T =<",3495245/131072))
holdsAt(constant_fall_rate(1),(3495245/131072,"< T =<",1747625/65536))
holdsAt(constant_fall_rate(1),(1747625/65536,"< T =<",13981005/524288))
holdsAt(constant_fall_rate(1),(13981005/524288,"< T =<",6990505/262144))
holdsAt(constant_fall_rate(1),(6990505/262144,"< T =<",55924045/2097152))
holdsAt(constant_fall_rate(1),(55924045/2097152,"< T =<",27962025/1048576))
holdsAt(constant_fall_rate(1),(27962025/1048576,"< T =<",223696205/8388608))
holdsAt(constant_fall_rate(1),(223696205/8388608,"< T =<",111848105/4194304))
holdsAt(constant_fall_rate(1),(111848105/4194304,"< T =<",894784845/33554432))
holdsAt(constant_fall_rate(1),(894784845/33554432,"< T =<",447392425/16777216))
holdsAt(constant_fall_rate(1),(447392425/16777216,"< T =<",3579139405/134217728))
holdsAt(constant_fall_rate(1),(3579139405/134217728,"< T =<",1789569705/67108864))
holdsAt(constant_fall_rate(1),(1789569705/67108864,"< T =<",14316557645/536870912))
holdsAt(constant_fall_rate(1),(14316557645/536870912,"< T =<",7158278825/268435456))
holdsAt(constant_fall_rate(1),(7158278825/268435456,"< T =<",57266230605/2147483648))
holdsAt(constant_fall_rate(1),(57266230605/2147483648,"< T =<",28633115305/1073741824))
holdsAt(constant_fall_rate(1),(28633115305/1073741824,"< T =<",229064922445/8589934592))
holdsAt(constant_fall_rate(1),(229064922445/8589934592,"< T =<",114532461225/4294967296))
holdsAt(constant_fall_rate(1),(114532461225/4294967296,"< T =<",916259689805/34359738368))
holdsAt(constant_fall_rate(1),(916259689805/34359738368,"< T =<",458129844905/17179869184))
holdsAt(constant_fall_rate(1),(458129844905/17179869184,"< T =<",3665038759245/137438953472))
holdsAt(constant_fall_rate(1),(3665038759245/137438953472,"< T =<",1832519379625/68719476736))
holdsAt(constant_fall_rate(1),(1832519379625/68719476736,"< T =<",14660155037005/549755813888))
holdsAt(constant_fall_rate(1),(14660155037005/549755813888,"< T =<",7330077518505/274877906944))
holdsAt(constant_fall_rate(1),(7330077518505/274877906944,"< T =<",58640620148045/2199023255552))
holdsAt(constant_fall_rate(1),(58640620148045/2199023255552,"< T =<",29320310074025/1099511627776))
holdsAt(constant_fall_rate(1),(29320310074025/1099511627776,"< T =<",234562480592205/8796093022208))
holdsAt(constant_fall_rate(1),(234562480592205/8796093022208,"< T =<",117281240296105/4398046511104))
holdsAt(constant_fall_rate(1),(117281240296105/4398046511104,"< T =<",938249922368845/35184372088832))
holdsAt(constant_fall_rate(1),(938249922368845/35184372088832,"< T =<",469124961184425/17592186044416))
holdsAt(constant_fall_rate(1),(469124961184425/17592186044416,"< T =<",3752999689475405/140737488355328))
holdsAt(constant_fall_rate(1),(3752999689475405/140737488355328,"< T =<",1876499844737705/70368744177664))
holdsAt(velocity_loss_portion("0.75"),(0,"< T =<",10))
holdsAt(velocity_loss_portion("0.75"),(10,"< T =<",20))
holdsAt(velocity_loss_portion("0.75"),(20,"< T =<",45/2))
holdsAt(velocity_loss_portion("0.75"),(45/2,"< T =<",25))
holdsAt(velocity_loss_portion("0.75"),(25,"< T =<",205/8))
holdsAt(velocity_loss_portion("0.75"),(205/8,"< T =<",105/4))
holdsAt(velocity_loss_portion("0.75"),(105/4,"< T =<",845/32))
holdsAt(velocity_loss_portion("0.75"),(845/32,"< T =<",425/16))
holdsAt(velocity_loss_portion("0.75"),(425/16,"< T =<",3405/128))
holdsAt(velocity_loss_portion("0.75"),(3405/128,"< T =<",1705/64))
holdsAt(velocity_loss_portion("0.75"),(1705/64,"< T =<",13645/512))
holdsAt(velocity_loss_portion("0.75"),(13645/512,"< T =<",6825/256))
holdsAt(velocity_loss_portion("0.75"),(6825/256,"< T =<",54605/2048))
holdsAt(velocity_loss_portion("0.75"),(54605/2048,"< T =<",27305/1024))
holdsAt(velocity_loss_portion("0.75"),(27305/1024,"< T =<",218445/8192))
holdsAt(velocity_loss_portion("0.75"),(218445/8192,"< T =<",109225/4096))
holdsAt(velocity_loss_portion("0.75"),(109225/4096,"< T =<",873805/32768))
holdsAt(velocity_loss_portion("0.75"),(873805/32768,"< T =<",436905/16384))
holdsAt(velocity_loss_portion("0.75"),(436905/16384,"< T =<",3495245/131072))
holdsAt(velocity_loss_portion("0.75"),(3495245/131072,"< T =<",1747625/65536))
holdsAt(velocity_loss_portion("0.75"),(1747625/65536,"< T =<",13981005/524288))
holdsAt(velocity_loss_portion("0.75"),(13981005/524288,"< T =<",6990505/262144))
holdsAt(velocity_loss_portion("0.75"),(6990505/262144,"< T =<",55924045/2097152))
holdsAt(velocity_loss_portion("0.75"),(55924045/2097152,"< T =<",27962025/1048576))
holdsAt(velocity_loss_portion("0.75"),(27962025/1048576,"< T =<",223696205/8388608))
holdsAt(velocity_loss_portion("0.75"),(223696205/8388608,"< T =<",111848105/4194304))
holdsAt(velocity_loss_portion("0.75"),(111848105/4194304,"< T =<",894784845/33554432))
holdsAt(velocity_loss_portion("0.75"),(894784845/33554432,"< T =<",447392425/16777216))
holdsAt(velocity_loss_portion("0.75"),(447392425/16777216,"< T =<",3579139405/134217728))
holdsAt(velocity_loss_portion("0.75"),(3579139405/134217728,"< T =<",1789569705/67108864))
holdsAt(velocity_loss_portion("0.75"),(1789569705/67108864,"< T =<",14316557645/536870912))
holdsAt(velocity_loss_portion("0.75"),(14316557645/536870912,"< T =<",7158278825/268435456))
holdsAt(velocity_loss_portion("0.75"),(7158278825/268435456,"< T =<",57266230605/2147483648))
holdsAt(velocity_loss_portion("0.75"),(57266230605/2147483648,"< T =<",28633115305/1073741824))
holdsAt(velocity_loss_portion("0.75"),(28633115305/1073741824,"< T =<",229064922445/8589934592))
holdsAt(velocity_loss_portion("0.75"),(229064922445/8589934592,"< T =<",114532461225/4294967296))
holdsAt(velocity_loss_portion("0.75"),(114532461225/4294967296,"< T =<",916259689805/34359738368))
holdsAt(velocity_loss_portion("0.75"),(916259689805/34359738368,"< T =<",458129844905/17179869184))
holdsAt(velocity_loss_portion("0.75"),(458129844905/17179869184,"< T =<",3665038759245/137438953472))
holdsAt(velocity_loss_portion("0.75"),(3665038759245/137438953472,"< T =<",1832519379625/68719476736))
holdsAt(velocity_loss_portion("0.75"),(1832519379625/68719476736,"< T =<",14660155037005/549755813888))
holdsAt(velocity_loss_portion("0.75"),(14660155037005/549755813888,"< T =<",7330077518505/274877906944))
holdsAt(velocity_loss_portion("0.75"),(7330077518505/274877906944,"< T =<",58640620148045/2199023255552))
holdsAt(velocity_loss_portion("0.75"),(58640620148045/2199023255552,"< T =<",29320310074025/1099511627776))
holdsAt(velocity_loss_portion("0.75"),(29320310074025/1099511627776,"< T =<",234562480592205/8796093022208))
holdsAt(velocity_loss_portion("0.75"),(234562480592205/8796093022208,"< T =<",117281240296105/4398046511104))
holdsAt(velocity_loss_portion("0.75"),(117281240296105/4398046511104,"< T =<",938249922368845/35184372088832))
holdsAt(velocity_loss_portion("0.75"),(938249922368845/35184372088832,"< T =<",469124961184425/17592186044416))
holdsAt(velocity_loss_portion("0.75"),(469124961184425/17592186044416,"< T =<",3752999689475405/140737488355328))
holdsAt(velocity_loss_portion("0.75"),(3752999689475405/140737488355328,"< T =<",1876499844737705/70368744177664))
releasedAt(height,(10,"< T =<",20))
releasedAt(height,(20,"< T =<",45/2))
releasedAt(height,(45/2,"< T =<",25))
releasedAt(height,(25,"< T =<",205/8))
releasedAt(height,(205/8,"< T =<",105/4))
releasedAt(height,(105/4,"< T =<",845/32))
releasedAt(height,(845/32,"< T =<",425/16))
releasedAt(height,(425/16,"< T =<",3405/128))
releasedAt(height,(3405/128,"< T =<",1705/64))
releasedAt(height,(1705/64,"< T =<",13645/512))
releasedAt(height,(13645/512,"< T =<",6825/256))
releasedAt(height,(6825/256,"< T =<",54605/2048))
releasedAt(height,(54605/2048,"< T =<",27305/1024))
releasedAt(height,(27305/1024,"< T =<",218445/8192))
releasedAt(height,(218445/8192,"< T =<",109225/4096))
releasedAt(height,(109225/4096,"< T =<",873805/32768))
releasedAt(height,(873805/32768,"< T =<",436905/16384))
releasedAt(height,(436905/16384,"< T =<",3495245/131072))
releasedAt(height,(3495245/131072,"< T =<",1747625/65536))
releasedAt(height,(1747625/65536,"< T =<",13981005/524288))
releasedAt(height,(13981005/524288,"< T =<",6990505/262144))
releasedAt(height,(6990505/262144,"< T =<",55924045/2097152))
releasedAt(height,(55924045/2097152,"< T =<",27962025/1048576))
releasedAt(height,(27962025/1048576,"< T =<",223696205/8388608))
releasedAt(height,(223696205/8388608,"< T =<",111848105/4194304))
releasedAt(height,(111848105/4194304,"< T =<",894784845/33554432))
releasedAt(height,(894784845/33554432,"< T =<",447392425/16777216))
releasedAt(height,(447392425/16777216,"< T =<",3579139405/134217728))
releasedAt(height,(3579139405/134217728,"< T =<",1789569705/67108864))
releasedAt(height,(1789569705/67108864,"< T =<",14316557645/536870912))
releasedAt(height,(14316557645/536870912,"< T =<",7158278825/268435456))
releasedAt(height,(7158278825/268435456,"< T =<",57266230605/2147483648))
releasedAt(height,(57266230605/2147483648,"< T =<",28633115305/1073741824))
releasedAt(height,(28633115305/1073741824,"< T =<",229064922445/8589934592))
releasedAt(height,(229064922445/8589934592,"< T =<",114532461225/4294967296))
releasedAt(height,(114532461225/4294967296,"< T =<",916259689805/34359738368))
releasedAt(height,(916259689805/34359738368,"< T =<",458129844905/17179869184))
releasedAt(height,(458129844905/17179869184,"< T =<",3665038759245/137438953472))
releasedAt(height,(3665038759245/137438953472,"< T =<",1832519379625/68719476736))
releasedAt(height,(1832519379625/68719476736,"< T =<",14660155037005/549755813888))
releasedAt(height,(14660155037005/549755813888,"< T =<",7330077518505/274877906944))
releasedAt(height,(7330077518505/274877906944,"< T =<",58640620148045/2199023255552))
releasedAt(height,(58640620148045/2199023255552,"< T =<",29320310074025/1099511627776))
releasedAt(height,(29320310074025/1099511627776,"< T =<",234562480592205/8796093022208))
releasedAt(height,(234562480592205/8796093022208,"< T =<",117281240296105/4398046511104))
releasedAt(height,(117281240296105/4398046511104,"< T =<",938249922368845/35184372088832))
releasedAt(height,(938249922368845/35184372088832,"< T =<",469124961184425/17592186044416))
releasedAt(height,(469124961184425/17592186044416,"< T =<",3752999689475405/140737488355328))
releasedAt(height,(3752999689475405/140737488355328,"< T =<",1876499844737705/70368744177664))
releasedAt(velocity,(10,"< T =<",20))
releasedAt(velocity,(20,"< T =<",45/2))
releasedAt(velocity,(45/2,"< T =<",25))
releasedAt(velocity,(25,"< T =<",205/8))
releasedAt(velocity,(205/8,"< T =<",105/4))
releasedAt(velocity,(105/4,"< T =<",845/32))
releasedAt(velocity,(845/32,"< T =<",425/16))
releasedAt(velocity,(425/16,"< T =<",3405/128))
releasedAt(velocity,(3405/128,"< T =<",1705/64))
releasedAt(velocity,(1705/64,"< T =<",13645/512))
releasedAt(velocity,(13645/512,"< T =<",6825/256))
releasedAt(velocity,(6825/256,"< T =<",54605/2048))
releasedAt(velocity,(54605/2048,"< T =<",27305/1024))
releasedAt(velocity,(27305/1024,"< T =<",218445/8192))
releasedAt(velocity,(218445/8192,"< T =<",109225/4096))
releasedAt(velocity,(109225/4096,"< T =<",873805/32768))
releasedAt(velocity,(873805/32768,"< T =<",436905/16384))
releasedAt(velocity,(436905/16384,"< T =<",3495245/131072))
releasedAt(velocity,(3495245/131072,"< T =<",1747625/65536))
releasedAt(velocity,(1747625/65536,"< T =<",13981005/524288))
releasedAt(velocity,(13981005/524288,"< T =<",6990505/262144))
releasedAt(velocity,(6990505/262144,"< T =<",55924045/2097152))
releasedAt(velocity,(55924045/2097152,"< T =<",27962025/1048576))
releasedAt(velocity,(27962025/1048576,"< T =<",223696205/8388608))
releasedAt(velocity,(223696205/8388608,"< T =<",111848105/4194304))
releasedAt(velocity,(111848105/4194304,"< T =<",894784845/33554432))
releasedAt(velocity,(894784845/33554432,"< T =<",447392425/16777216))
releasedAt(velocity,(447392425/16777216,"< T =<",3579139405/134217728))
releasedAt(velocity,(3579139405/134217728,"< T =<",1789569705/67108864))
releasedAt(velocity,(1789569705/67108864,"< T =<",14316557645/536870912))
releasedAt(velocity,(14316557645/536870912,"< T =<",7158278825/268435456))
releasedAt(velocity,(7158278825/268435456,"< T =<",57266230605/2147483648))
releasedAt(velocity,(57266230605/2147483648,"< T =<",28633115305/1073741824))
releasedAt(velocity,(28633115305/1073741824,"< T =<",229064922445/8589934592))
releasedAt(velocity,(229064922445/8589934592,"< T =<",114532461225/4294967296))
releasedAt(velocity,(114532461225/4294967296,"< T =<",916259689805/34359738368))
releasedAt(velocity,(916259689805/34359738368,"< T =<",458129844905/17179869184))
releasedAt(velocity,(458129844905/17179869184,"< T =<",3665038759245/137438953472))
releasedAt(velocity,(3665038759245/137438953472,"< T =<",1832519379625/68719476736))
releasedAt(velocity,(1832519379625/68719476736,"< T =<",14660155037005/549755813888))
releasedAt(velocity,(14660155037005/549755813888,"< T =<",7330077518505/274877906944))
releasedAt(velocity,(7330077518505/274877906944,"< T =<",58640620148045/2199023255552))
releasedAt(velocity,(58640620148045/2199023255552,"< T =<",29320310074025/1099511627776))
releasedAt(velocity,(29320310074025/1099511627776,"< T =<",234562480592205/8796093022208))
releasedAt(velocity,(234562480592205/8796093022208,"< T =<",117281240296105/4398046511104))
releasedAt(velocity,(117281240296105/4398046511104,"< T =<",938249922368845/35184372088832))
releasedAt(velocity,(938249922368845/35184372088832,"< T =<",469124961184425/17592186044416))
releasedAt(velocity,(469124961184425/17592186044416,"< T =<",3752999689475405/140737488355328))
releasedAt(velocity,(3752999689475405/140737488355328,"< T =<",1876499844737705/70368744177664))
fholdsAt(height,10,(0,"< T =<",10))
fholdsAt(velocity,0,(0,"< T =<",10))
fholdsAtC(height,(10,"->",0),(10,"< T =<",20),eq(off2(0),"+",koef(1),"*",(base(10),"+",off1(0)),"+",inc(-1),"*",dur(20,"-",10)))
fholdsAtC(height,(0,"->",5/2),(20,"< T =<",45/2),eq(off2(0),"+",koef(1),"*",(base(0),"+",off1(0)),"+",inc(1),"*",dur(45/2,"-",20)))
fholdsAtC(height,(5/2,"->",0),(45/2,"< T =<",25),eq(off2(0),"+",koef(1),"*",(base(5/2),"+",off1(0)),"+",inc(-1),"*",dur(25,"-",45/2)))
fholdsAtC(height,(0,"->",5/8),(25,"< T =<",205/8),eq(off2(0),"+",koef(1),"*",(base(0),"+",off1(0)),"+",inc(1),"*",dur(205/8,"-",25)))
fholdsAtC(height,(5/8,"->",0),(205/8,"< T =<",105/4),eq(off2(0),"+",koef(1),"*",(base(5/8),"+",off1(0)),"+",inc(-1),"*",dur(105/4,"-",205/8)))
fholdsAtC(height,(0,"->",5/32),(105/4,"< T =<",845/32),eq(off2(0),"+",koef(1),"*",(base(0),"+",off1(0)),"+",inc(1),"*",dur(845/32,"-",105/4)))
fholdsAtC(height,(5/32,"->",0),(845/32,"< T =<",425/16),eq(off2(0),"+",koef(1),"*",(base(5/32),"+",off1(0)),"+",inc(-1),"*",dur(425/16,"-",845/32)))
fholdsAtC(height,(0,"->",5/128),(425/16,"< T =<",3405/128),eq(off2(0),"+",koef(1),"*",(base(0),"+",off1(0)),"+",inc(1),"*",dur(3405/128,"-",425/16)))
fholdsAtC(height,(5/128,"->",0),(3405/128,"< T =<",1705/64),eq(off2(0),"+",koef(1),"*",(base(5/128),"+",off1(0)),"+",inc(-1),"*",dur(1705/64,"-",3405/128)))
fholdsAtC(height,(0,"->",5/512),(1705/64,"< T =<",13645/512),eq(off2(0),"+",koef(1),"*",(base(0),"+",off1(0)),"+",inc(1),"*",dur(13645/512,"-",1705/64)))
fholdsAtC(height,(5/512,"->",0),(13645/512,"< T =<",6825/256),eq(off2(0),"+",koef(1),"*",(base(5/512),"+",off1(0)),"+",inc(-1),"*",dur(6825/256,"-",13645/512)))
fholdsAtC(height,(0,"->",5/2048),(6825/256,"< T =<",54605/2048),eq(off2(0),"+",koef(1),"*",(base(0),"+",off1(0)),"+",inc(1),"*",dur(54605/2048,"-",6825/256)))
fholdsAtC(height,(5/2048,"->",0),(54605/2048,"< T =<",27305/1024),eq(off2(0),"+",koef(1),"*",(base(5/2048),"+",off1(0)),"+",inc(-1),"*",dur(27305/1024,"-",54605/2048)))
fholdsAtC(height,(0,"->",5/8192),(27305/1024,"< T =<",218445/8192),eq(off2(0),"+",koef(1),"*",(base(0),"+",off1(0)),"+",inc(1),"*",dur(218445/8192,"-",27305/1024)))
fholdsAtC(height,(5/8192,"->",0),(218445/8192,"< T =<",109225/4096),eq(off2(0),"+",koef(1),"*",(base(5/8192),"+",off1(0)),"+",inc(-1),"*",dur(109225/4096,"-",218445/8192)))
fholdsAtC(height,(0,"->",5/32768),(109225/4096,"< T =<",873805/32768),eq(off2(0),"+",koef(1),"*",(base(0),"+",off1(0)),"+",inc(1),"*",dur(873805/32768,"-",109225/4096)))
fholdsAtC(height,(5/32768,"->",0),(873805/32768,"< T =<",436905/16384),eq(off2(0),"+",koef(1),"*",(base(5/32768),"+",off1(0)),"+",inc(-1),"*",dur(436905/16384,"-",873805/32768)))
fholdsAtC(height,(0,"->",5/131072),(436905/16384,"< T =<",3495245/131072),eq(off2(0),"+",koef(1),"*",(base(0),"+",off1(0)),"+",inc(1),"*",dur(3495245/131072,"-",436905/16384)))
fholdsAtC(height,(5/131072,"->",0),(3495245/131072,"< T =<",1747625/65536),eq(off2(0),"+",koef(1),"*",(base(5/131072),"+",off1(0)),"+",inc(-1),"*",dur(1747625/65536,"-",3495245/131072)))
fholdsAtC(height,(0,"->",5/524288),(1747625/65536,"< T =<",13981005/524288),eq(off2(0),"+",koef(1),"*",(base(0),"+",off1(0)),"+",inc(1),"*",dur(13981005/524288,"-",1747625/65536)))
fholdsAtC(height,(5/524288,"->",0),(13981005/524288,"< T =<",6990505/262144),eq(off2(0),"+",koef(1),"*",(base(5/524288),"+",off1(0)),"+",inc(-1),"*",dur(6990505/262144,"-",13981005/524288)))
fholdsAtC(height,(0,"->",5/2097152),(6990505/262144,"< T =<",55924045/2097152),eq(off2(0),"+",koef(1),"*",(base(0),"+",off1(0)),"+",inc(1),"*",dur(55924045/2097152,"-",6990505/262144)))
fholdsAtC(height,(5/2097152,"->",0),(55924045/2097152,"< T =<",27962025/1048576),eq(off2(0),"+",koef(1),"*",(base(5/2097152),"+",off1(0)),"+",inc(-1),"*",dur(27962025/1048576,"-",55924045/2097152)))
fholdsAtC(height,(0,"->",5/8388608),(27962025/1048576,"< T =<",223696205/8388608),eq(off2(0),"+",koef(1),"*",(base(0),"+",off1(0)),"+",inc(1),"*",dur(223696205/8388608,"-",27962025/1048576)))
fholdsAtC(height,(5/8388608,"->",0),(223696205/8388608,"< T =<",111848105/4194304),eq(off2(0),"+",koef(1),"*",(base(5/8388608),"+",off1(0)),"+",inc(-1),"*",dur(111848105/4194304,"-",223696205/8388608)))
fholdsAtC(height,(0,"->",5/33554432),(111848105/4194304,"< T =<",894784845/33554432),eq(off2(0),"+",koef(1),"*",(base(0),"+",off1(0)),"+",inc(1),"*",dur(894784845/33554432,"-",111848105/4194304)))
fholdsAtC(height,(5/33554432,"->",0),(894784845/33554432,"< T =<",447392425/16777216),eq(off2(0),"+",koef(1),"*",(base(5/33554432),"+",off1(0)),"+",inc(-1),"*",dur(447392425/16777216,"-",894784845/33554432)))
fholdsAtC(height,(0,"->",5/134217728),(447392425/16777216,"< T =<",3579139405/134217728),eq(off2(0),"+",koef(1),"*",(base(0),"+",off1(0)),"+",inc(1),"*",dur(3579139405/134217728,"-",447392425/16777216)))
fholdsAtC(height,(5/134217728,"->",0),(3579139405/134217728,"< T =<",1789569705/67108864),eq(off2(0),"+",koef(1),"*",(base(5/134217728),"+",off1(0)),"+",inc(-1),"*",dur(1789569705/67108864,"-",3579139405/134217728)))
fholdsAtC(height,(0,"->",5/536870912),(1789569705/67108864,"< T =<",14316557645/536870912),eq(off2(0),"+",koef(1),"*",(base(0),"+",off1(0)),"+",inc(1),"*",dur(14316557645/536870912,"-",1789569705/67108864)))
fholdsAtC(height,(5/536870912,"->",0),(14316557645/536870912,"< T =<",7158278825/268435456),eq(off2(0),"+",koef(1),"*",(base(5/536870912),"+",off1(0)),"+",inc(-1),"*",dur(7158278825/268435456,"-",14316557645/536870912)))
fholdsAtC(height,(0,"->",5/2147483648),(7158278825/268435456,"< T =<",57266230605/2147483648),eq(off2(0),"+",koef(1),"*",(base(0),"+",off1(0)),"+",inc(1),"*",dur(57266230605/2147483648,"-",7158278825/268435456)))
fholdsAtC(height,(5/2147483648,"->",0),(57266230605/2147483648,"< T =<",28633115305/1073741824),eq(off2(0),"+",koef(1),"*",(base(5/2147483648),"+",off1(0)),"+",inc(-1),"*",dur(28633115305/1073741824,"-",57266230605/2147483648)))
fholdsAtC(height,(0,"->",5/8589934592),(28633115305/1073741824,"< T =<",229064922445/8589934592),eq(off2(0),"+",koef(1),"*",(base(0),"+",off1(0)),"+",inc(1),"*",dur(229064922445/8589934592,"-",28633115305/1073741824)))
fholdsAtC(height,(5/8589934592,"->",0),(229064922445/8589934592,"< T =<",114532461225/4294967296),eq(off2(0),"+",koef(1),"*",(base(5/8589934592),"+",off1(0)),"+",inc(-1),"*",dur(114532461225/4294967296,"-",229064922445/8589934592)))
fholdsAtC(height,(0,"->",5/34359738368),(114532461225/4294967296,"< T =<",916259689805/34359738368),eq(off2(0),"+",koef(1),"*",(base(0),"+",off1(0)),"+",inc(1),"*",dur(916259689805/34359738368,"-",114532461225/4294967296)))
fholdsAtC(height,(5/34359738368,"->",0),(916259689805/34359738368,"< T =<",458129844905/17179869184),eq(off2(0),"+",koef(1),"*",(base(5/34359738368),"+",off1(0)),"+",inc(-1),"*",dur(458129844905/17179869184,"-",916259689805/34359738368)))
fholdsAtC(height,(0,"->",5/137438953472),(458129844905/17179869184,"< T =<",3665038759245/137438953472),eq(off2(0),"+",koef(1),"*",(base(0),"+",off1(0)),"+",inc(1),"*",dur(3665038759245/137438953472,"-",458129844905/17179869184)))
fholdsAtC(height,(5/137438953472,"->",0),(3665038759245/137438953472,"< T =<",1832519379625/68719476736),eq(off2(0),"+",koef(1),"*",(base(5/137438953472),"+",off1(0)),"+",inc(-1),"*",dur(1832519379625/68719476736,"-",3665038759245/137438953472)))
fholdsAtC(height,(0,"->",5/549755813888),(1832519379625/68719476736,"< T =<",14660155037005/549755813888),eq(off2(0),"+",koef(1),"*",(base(0),"+",off1(0)),"+",inc(1),"*",dur(14660155037005/549755813888,"-",1832519379625/68719476736)))
fholdsAtC(height,(5/549755813888,"->",0),(14660155037005/549755813888,"< T =<",7330077518505/274877906944),eq(off2(0),"+",koef(1),"*",(base(5/549755813888),"+",off1(0)),"+",inc(-1),"*",dur(7330077518505/274877906944,"-",14660155037005/549755813888)))
fholdsAtC(height,(0,"->",5/2199023255552),(7330077518505/274877906944,"< T =<",58640620148045/2199023255552),eq(off2(0),"+",koef(1),"*",(base(0),"+",off1(0)),"+",inc(1),"*",dur(58640620148045/2199023255552,"-",7330077518505/274877906944)))
fholdsAtC(height,(5/2199023255552,"->",0),(58640620148045/2199023255552,"< T =<",29320310074025/1099511627776),eq(off2(0),"+",koef(1),"*",(base(5/2199023255552),"+",off1(0)),"+",inc(-1),"*",dur(29320310074025/1099511627776,"-",58640620148045/2199023255552)))
fholdsAtC(height,(0,"->",5/8796093022208),(29320310074025/1099511627776,"< T =<",234562480592205/8796093022208),eq(off2(0),"+",koef(1),"*",(base(0),"+",off1(0)),"+",inc(1),"*",dur(234562480592205/8796093022208,"-",29320310074025/1099511627776)))
fholdsAtC(height,(5/8796093022208,"->",0),(234562480592205/8796093022208,"< T =<",117281240296105/4398046511104),eq(off2(0),"+",koef(1),"*",(base(5/8796093022208),"+",off1(0)),"+",inc(-1),"*",dur(117281240296105/4398046511104,"-",234562480592205/8796093022208)))
fholdsAtC(height,(0,"->",5/35184372088832),(117281240296105/4398046511104,"< T =<",938249922368845/35184372088832),eq(off2(0),"+",koef(1),"*",(base(0),"+",off1(0)),"+",inc(1),"*",dur(938249922368845/35184372088832,"-",117281240296105/4398046511104)))
fholdsAtC(height,(5/35184372088832,"->",0),(938249922368845/35184372088832,"< T =<",469124961184425/17592186044416),eq(off2(0),"+",koef(1),"*",(base(5/35184372088832),"+",off1(0)),"+",inc(-1),"*",dur(469124961184425/17592186044416,"-",938249922368845/35184372088832)))
fholdsAtC(height,(0,"->",5/140737488355328),(469124961184425/17592186044416,"< T =<",3752999689475405/140737488355328),eq(off2(0),"+",koef(1),"*",(base(0),"+",off1(0)),"+",inc(1),"*",dur(3752999689475405/140737488355328,"-",469124961184425/17592186044416)))
fholdsAtC(height,(5/140737488355328,"->",0),(3752999689475405/140737488355328,"< T =<",1876499844737705/70368744177664),eq(off2(0),"+",koef(1),"*",(base(5/140737488355328),"+",off1(0)),"+",inc(-1),"*",dur(1876499844737705/70368744177664,"-",3752999689475405/140737488355328)))
fholdsAtC(velocity,(0,"->",10),(10,"< T =<",20),eq(off2(0),"+",koef(1),"*",(base(0),"+",off1(0)),"+",inc(1),"*",dur(20,"-",10)))
fholdsAtC(velocity,(10,"->",0),(20,"< T =<",45/2),eq(off2(0),"+",koef("0.25"),"*",(base(10),"+",off1(0)),"+",inc(-1),"*",dur(45/2,"-",20)))
fholdsAtC(velocity,(0,"->",5/2),(45/2,"< T =<",25),eq(off2(0),"+",koef(1),"*",(base(0),"+",off1(0)),"+",inc(1),"*",dur(25,"-",45/2)))
fholdsAtC(velocity,(5/2,"->",0),(25,"< T =<",205/8),eq(off2(0),"+",koef("0.25"),"*",(base(5/2),"+",off1(0)),"+",inc(-1),"*",dur(205/8,"-",25)))
fholdsAtC(velocity,(0,"->",5/8),(205/8,"< T =<",105/4),eq(off2(0),"+",koef(1),"*",(base(0),"+",off1(0)),"+",inc(1),"*",dur(105/4,"-",205/8)))
fholdsAtC(velocity,(5/8,"->",0),(105/4,"< T =<",845/32),eq(off2(0),"+",koef("0.25"),"*",(base(5/8),"+",off1(0)),"+",inc(-1),"*",dur(845/32,"-",105/4)))
fholdsAtC(velocity,(0,"->",5/32),(845/32,"< T =<",425/16),eq(off2(0),"+",koef(1),"*",(base(0),"+",off1(0)),"+",inc(1),"*",dur(425/16,"-",845/32)))
fholdsAtC(velocity,(5/32,"->",0),(425/16,"< T =<",3405/128),eq(off2(0),"+",koef("0.25"),"*",(base(5/32),"+",off1(0)),"+",inc(-1),"*",dur(3405/128,"-",425/16)))
fholdsAtC(velocity,(0,"->",5/128),(3405/128,"< T =<",1705/64),eq(off2(0),"+",koef(1),"*",(base(0),"+",off1(0)),"+",inc(1),"*",dur(1705/64,"-",3405/128)))
fholdsAtC(velocity,(5/128,"->",0),(1705/64,"< T =<",13645/512),eq(off2(0),"+",koef("0.25"),"*",(base(5/128),"+",off1(0)),"+",inc(-1),"*",dur(13645/512,"-",1705/64)))
fholdsAtC(velocity,(0,"->",5/512),(13645/512,"< T =<",6825/256),eq(off2(0),"+",koef(1),"*",(base(0),"+",off1(0)),"+",inc(1),"*",dur(6825/256,"-",13645/512)))
fholdsAtC(velocity,(5/512,"->",0),(6825/256,"< T =<",54605/2048),eq(off2(0),"+",koef("0.25"),"*",(base(5/512),"+",off1(0)),"+",inc(-1),"*",dur(54605/2048,"-",6825/256)))
fholdsAtC(velocity,(0,"->",5/2048),(54605/2048,"< T =<",27305/1024),eq(off2(0),"+",koef(1),"*",(base(0),"+",off1(0)),"+",inc(1),"*",dur(27305/1024,"-",54605/2048)))
fholdsAtC(velocity,(5/2048,"->",0),(27305/1024,"< T =<",218445/8192),eq(off2(0),"+",koef("0.25"),"*",(base(5/2048),"+",off1(0)),"+",inc(-1),"*",dur(218445/8192,"-",27305/1024)))
fholdsAtC(velocity,(0,"->",5/8192),(218445/8192,"< T =<",109225/4096),eq(off2(0),"+",koef(1),"*",(base(0),"+",off1(0)),"+",inc(1),"*",dur(109225/4096,"-",218445/8192)))
fholdsAtC(velocity,(5/8192,"->",0),(109225/4096,"< T =<",873805/32768),eq(off2(0),"+",koef("0.25"),"*",(base(5/8192),"+",off1(0)),"+",inc(-1),"*",dur(873805/32768,"-",109225/4096)))
fholdsAtC(velocity,(0,"->",5/32768),(873805/32768,"< T =<",436905/16384),eq(off2(0),"+",koef(1),"*",(base(0),"+",off1(0)),"+",inc(1),"*",dur(436905/16384,"-",873805/32768)))
fholdsAtC(velocity,(5/32768,"->",0),(436905/16384,"< T =<",3495245/131072),eq(off2(0),"+",koef("0.25"),"*",(base(5/32768),"+",off1(0)),"+",inc(-1),"*",dur(3495245/131072,"-",436905/16384)))
fholdsAtC(velocity,(0,"->",5/131072),(3495245/131072,"< T =<",1747625/65536),eq(off2(0),"+",koef(1),"*",(base(0),"+",off1(0)),"+",inc(1),"*",dur(1747625/65536,"-",3495245/131072)))
fholdsAtC(velocity,(5/131072,"->",0),(1747625/65536,"< T =<",13981005/524288),eq(off2(0),"+",koef("0.25"),"*",(base(5/131072),"+",off1(0)),"+",inc(-1),"*",dur(13981005/524288,"-",1747625/65536)))
fholdsAtC(velocity,(0,"->",5/524288),(13981005/524288,"< T =<",6990505/262144),eq(off2(0),"+",koef(1),"*",(base(0),"+",off1(0)),"+",inc(1),"*",dur(6990505/262144,"-",13981005/524288)))
fholdsAtC(velocity,(5/524288,"->",0),(6990505/262144,"< T =<",55924045/2097152),eq(off2(0),"+",koef("0.25"),"*",(base(5/524288),"+",off1(0)),"+",inc(-1),"*",dur(55924045/2097152,"-",6990505/262144)))
fholdsAtC(velocity,(0,"->",5/2097152),(55924045/2097152,"< T =<",27962025/1048576),eq(off2(0),"+",koef(1),"*",(base(0),"+",off1(0)),"+",inc(1),"*",dur(27962025/1048576,"-",55924045/2097152)))
fholdsAtC(velocity,(5/2097152,"->",0),(27962025/1048576,"< T =<",223696205/8388608),eq(off2(0),"+",koef("0.25"),"*",(base(5/2097152),"+",off1(0)),"+",inc(-1),"*",dur(223696205/8388608,"-",27962025/1048576)))
fholdsAtC(velocity,(0,"->",5/8388608),(223696205/8388608,"< T =<",111848105/4194304),eq(off2(0),"+",koef(1),"*",(base(0),"+",off1(0)),"+",inc(1),"*",dur(111848105/4194304,"-",223696205/8388608)))
fholdsAtC(velocity,(5/8388608,"->",0),(111848105/4194304,"< T =<",894784845/33554432),eq(off2(0),"+",koef("0.25"),"*",(base(5/8388608),"+",off1(0)),"+",inc(-1),"*",dur(894784845/33554432,"-",111848105/4194304)))
fholdsAtC(velocity,(0,"->",5/33554432),(894784845/33554432,"< T =<",447392425/16777216),eq(off2(0),"+",koef(1),"*",(base(0),"+",off1(0)),"+",inc(1),"*",dur(447392425/16777216,"-",894784845/33554432)))
fholdsAtC(velocity,(5/33554432,"->",0),(447392425/16777216,"< T =<",3579139405/134217728),eq(off2(0),"+",koef("0.25"),"*",(base(5/33554432),"+",off1(0)),"+",inc(-1),"*",dur(3579139405/134217728,"-",447392425/16777216)))
fholdsAtC(velocity,(0,"->",5/134217728),(3579139405/134217728,"< T =<",1789569705/67108864),eq(off2(0),"+",koef(1),"*",(base(0),"+",off1(0)),"+",inc(1),"*",dur(1789569705/67108864,"-",3579139405/134217728)))
fholdsAtC(velocity,(5/134217728,"->",0),(1789569705/67108864,"< T =<",14316557645/536870912),eq(off2(0),"+",koef("0.25"),"*",(base(5/134217728),"+",off1(0)),"+",inc(-1),"*",dur(14316557645/536870912,"-",1789569705/67108864)))
fholdsAtC(velocity,(0,"->",5/536870912),(14316557645/536870912,"< T =<",7158278825/268435456),eq(off2(0),"+",koef(1),"*",(base(0),"+",off1(0)),"+",inc(1),"*",dur(7158278825/268435456,"-",14316557645/536870912)))
fholdsAtC(velocity,(5/536870912,"->",0),(7158278825/268435456,"< T =<",57266230605/2147483648),eq(off2(0),"+",koef("0.25"),"*",(base(5/536870912),"+",off1(0)),"+",inc(-1),"*",dur(57266230605/2147483648,"-",7158278825/268435456)))
fholdsAtC(velocity,(0,"->",5/2147483648),(57266230605/2147483648,"< T =<",28633115305/1073741824),eq(off2(0),"+",koef(1),"*",(base(0),"+",off1(0)),"+",inc(1),"*",dur(28633115305/1073741824,"-",57266230605/2147483648)))
fholdsAtC(velocity,(5/2147483648,"->",0),(28633115305/1073741824,"< T =<",229064922445/8589934592),eq(off2(0),"+",koef("0.25"),"*",(base(5/2147483648),"+",off1(0)),"+",inc(-1),"*",dur(229064922445/8589934592,"-",28633115305/1073741824)))
fholdsAtC(velocity,(0,"->",5/8589934592),(229064922445/8589934592,"< T =<",114532461225/4294967296),eq(off2(0),"+",koef(1),"*",(base(0),"+",off1(0)),"+",inc(1),"*",dur(114532461225/4294967296,"-",229064922445/8589934592)))
fholdsAtC(velocity,(5/8589934592,"->",0),(114532461225/4294967296,"< T =<",916259689805/34359738368),eq(off2(0),"+",koef("0.25"),"*",(base(5/8589934592),"+",off1(0)),"+",inc(-1),"*",dur(916259689805/34359738368,"-",114532461225/4294967296)))
fholdsAtC(velocity,(0,"->",5/34359738368),(916259689805/34359738368,"< T =<",458129844905/17179869184),eq(off2(0),"+",koef(1),"*",(base(0),"+",off1(0)),"+",inc(1),"*",dur(458129844905/17179869184,"-",916259689805/34359738368)))
fholdsAtC(velocity,(5/34359738368,"->",0),(458129844905/17179869184,"< T =<",3665038759245/137438953472),eq(off2(0),"+",koef("0.25"),"*",(base(5/34359738368),"+",off1(0)),"+",inc(-1),"*",dur(3665038759245/137438953472,"-",458129844905/17179869184)))
fholdsAtC(velocity,(0,"->",5/137438953472),(3665038759245/137438953472,"< T =<",1832519379625/68719476736),eq(off2(0),"+",koef(1),"*",(base(0),"+",off1(0)),"+",inc(1),"*",dur(1832519379625/68719476736,"-",3665038759245/137438953472)))
fholdsAtC(velocity,(5/137438953472,"->",0),(1832519379625/68719476736,"< T =<",14660155037005/549755813888),eq(off2(0),"+",koef("0.25"),"*",(base(5/137438953472),"+",off1(0)),"+",inc(-1),"*",dur(14660155037005/549755813888,"-",1832519379625/68719476736)))
fholdsAtC(velocity,(0,"->",5/549755813888),(14660155037005/549755813888,"< T =<",7330077518505/274877906944),eq(off2(0),"+",koef(1),"*",(base(0),"+",off1(0)),"+",inc(1),"*",dur(7330077518505/274877906944,"-",14660155037005/549755813888)))
fholdsAtC(velocity,(5/549755813888,"->",0),(7330077518505/274877906944,"< T =<",58640620148045/2199023255552),eq(off2(0),"+",koef("0.25"),"*",(base(5/549755813888),"+",off1(0)),"+",inc(-1),"*",dur(58640620148045/2199023255552,"-",7330077518505/274877906944)))
fholdsAtC(velocity,(0,"->",5/2199023255552),(58640620148045/2199023255552,"< T =<",29320310074025/1099511627776),eq(off2(0),"+",koef(1),"*",(base(0),"+",off1(0)),"+",inc(1),"*",dur(29320310074025/1099511627776,"-",58640620148045/2199023255552)))
fholdsAtC(velocity,(5/2199023255552,"->",0),(29320310074025/1099511627776,"< T =<",234562480592205/8796093022208),eq(off2(0),"+",koef("0.25"),"*",(base(5/2199023255552),"+",off1(0)),"+",inc(-1),"*",dur(234562480592205/8796093022208,"-",29320310074025/1099511627776)))
fholdsAtC(velocity,(0,"->",5/8796093022208),(234562480592205/8796093022208,"< T =<",117281240296105/4398046511104),eq(off2(0),"+",koef(1),"*",(base(0),"+",off1(0)),"+",inc(1),"*",dur(117281240296105/4398046511104,"-",234562480592205/8796093022208)))
fholdsAtC(velocity,(5/8796093022208,"->",0),(117281240296105/4398046511104,"< T =<",938249922368845/35184372088832),eq(off2(0),"+",koef("0.25"),"*",(base(5/8796093022208),"+",off1(0)),"+",inc(-1),"*",dur(938249922368845/35184372088832,"-",117281240296105/4398046511104)))
fholdsAtC(velocity,(0,"->",5/35184372088832),(938249922368845/35184372088832,"< T =<",469124961184425/17592186044416),eq(off2(0),"+",koef(1),"*",(base(0),"+",off1(0)),"+",inc(1),"*",dur(469124961184425/17592186044416,"-",938249922368845/35184372088832)))
fholdsAtC(velocity,(5/35184372088832,"->",0),(469124961184425/17592186044416,"< T =<",3752999689475405/140737488355328),eq(off2(0),"+",koef("0.25"),"*",(base(5/35184372088832),"+",off1(0)),"+",inc(-1),"*",dur(3752999689475405/140737488355328,"-",469124961184425/17592186044416)))
fholdsAtC(velocity,(0,"->",5/140737488355328),(3752999689475405/140737488355328,"< T =<",1876499844737705/70368744177664),eq(off2(0),"+",koef(1),"*",(base(0),"+",off1(0)),"+",inc(1),"*",dur(1876499844737705/70368744177664,"-",3752999689475405/140737488355328)))
Assignment: [leftovers]
fholdsAt(height,0)=10
fholdsAt(velocity,0)=0
SATISFIABLE

Models       : 1
Calls        : 1
Time         : 49.123s (Solving: 48.41s 1st Model: 48.41s Unsat: 0.00s)
CPU Time     : 49.107s

Command exited with non-zero status 30

  real      0:49.23
  real [s]  49.23
  user [s]  48.92
  sys  [s]  0.29
  mem  [KB] 123520
  avgm [KB] 0
