$ clingo-lpx --strict -n0 ../axioms/fdec-ffholds.lp -c maxstep=7 -c maxtime=1000 ./fix-min_dur.lp ./narrative2.lp | ../utils/replace_assignments.sh | ../utils/make-readable.sh


clingo-lpx version 1.3.0
Reading from ../axioms/fdec-ffholds.lp ...
Solving...
Answer: 1
(Time: 0.050s)
happens(bounce_up,20)
happens(bounce_up,25)
happens(drop,10)
happens(fall_down,10)
happens(fall_down,45/2)
happens(fall_down,205/8)
happens(hit_ground,20)
happens(hit_ground,25)
happens(hit_ground,105/4)
happens(reach_apex,45/2)
happens(reach_apex,205/8)
happens(stop_bouncing,105/4)
holdsAt(falling,(10,"< T =<",20))
holdsAt(falling,(45/2,"< T =<",25))
holdsAt(falling,(205/8,"< T =<",105/4))
holdsAt(rising,(20,"< T =<",45/2))
holdsAt(rising,(25,"< T =<",205/8))
holdsAt(constant_fall_rate(1),(0,"< T =<",10))
holdsAt(constant_fall_rate(1),(10,"< T =<",20))
holdsAt(constant_fall_rate(1),(20,"< T =<",45/2))
holdsAt(constant_fall_rate(1),(45/2,"< T =<",25))
holdsAt(constant_fall_rate(1),(25,"< T =<",205/8))
holdsAt(constant_fall_rate(1),(205/8,"< T =<",105/4))
holdsAt(constant_fall_rate(1),(105/4,"< T =<",1000))
holdsAt(velocity_loss_portion("0.75"),(0,"< T =<",10))
holdsAt(velocity_loss_portion("0.75"),(10,"< T =<",20))
holdsAt(velocity_loss_portion("0.75"),(20,"< T =<",45/2))
holdsAt(velocity_loss_portion("0.75"),(45/2,"< T =<",25))
holdsAt(velocity_loss_portion("0.75"),(25,"< T =<",205/8))
holdsAt(velocity_loss_portion("0.75"),(205/8,"< T =<",105/4))
holdsAt(velocity_loss_portion("0.75"),(105/4,"< T =<",1000))
releasedAt(height,(10,"< T =<",20))
releasedAt(height,(20,"< T =<",45/2))
releasedAt(height,(45/2,"< T =<",25))
releasedAt(height,(25,"< T =<",205/8))
releasedAt(height,(205/8,"< T =<",105/4))
releasedAt(velocity,(10,"< T =<",20))
releasedAt(velocity,(20,"< T =<",45/2))
releasedAt(velocity,(45/2,"< T =<",25))
releasedAt(velocity,(25,"< T =<",205/8))
releasedAt(velocity,(205/8,"< T =<",105/4))
fholdsAt(height,10,(0,"< T =<",10))
fholdsAt(height,0,(105/4,"< T =<",1000))
fholdsAt(velocity,0,(0,"< T =<",10))
fholdsAt(velocity,0,(105/4,"< T =<",1000))
fholdsAtC(height,(10,"->",0),(10,"< T =<",20),eq(off2(0),"+",koef(1),"*",(base(10),"+",off1(0)),"+",inc(-1),"*",dur(20,"-",10)))
fholdsAtC(height,(0,"->",5/2),(20,"< T =<",45/2),eq(off2(0),"+",koef(1),"*",(base(0),"+",off1(0)),"+",inc(1),"*",dur(45/2,"-",20)))
fholdsAtC(height,(5/2,"->",0),(45/2,"< T =<",25),eq(off2(0),"+",koef(1),"*",(base(5/2),"+",off1(0)),"+",inc(-1),"*",dur(25,"-",45/2)))
fholdsAtC(height,(0,"->",5/8),(25,"< T =<",205/8),eq(off2(0),"+",koef(1),"*",(base(0),"+",off1(0)),"+",inc(1),"*",dur(205/8,"-",25)))
fholdsAtC(height,(5/8,"->",0),(205/8,"< T =<",105/4),eq(off2(0),"+",koef(1),"*",(base(5/8),"+",off1(0)),"+",inc(-1),"*",dur(105/4,"-",205/8)))
fholdsAtC(velocity,(0,"->",10),(10,"< T =<",20),eq(off2(0),"+",koef(1),"*",(base(0),"+",off1(0)),"+",inc(1),"*",dur(20,"-",10)))
fholdsAtC(velocity,(10,"->",0),(20,"< T =<",45/2),eq(off2(0),"+",koef("0.25"),"*",(base(10),"+",off1(0)),"+",inc(-1),"*",dur(45/2,"-",20)))
fholdsAtC(velocity,(0,"->",5/2),(45/2,"< T =<",25),eq(off2(0),"+",koef(1),"*",(base(0),"+",off1(0)),"+",inc(1),"*",dur(25,"-",45/2)))
fholdsAtC(velocity,(5/2,"->",0),(25,"< T =<",205/8),eq(off2(0),"+",koef("0.25"),"*",(base(5/2),"+",off1(0)),"+",inc(-1),"*",dur(205/8,"-",25)))
fholdsAtC(velocity,(0,"->",5/8),(205/8,"< T =<",105/4),eq(off2(0),"+",koef(1),"*",(base(0),"+",off1(0)),"+",inc(1),"*",dur(105/4,"-",205/8)))
Assignment: [leftovers]
aux__fallDurAtStep(0)=0
aux__fallDurAtStep(1)=0
aux__fallDurAtStep(2)=10
aux__fallDurAtStep(3)=0
aux__fallDurAtStep(4)=5/2
aux__fallDurAtStep(5)=0
aux__fallDurAtStep(6)=5/8
aux__fallDurAtStep(7)=0
fholdsAt(height,0)=10
fholdsAt(velocity,0)=0
SATISFIABLE

Models       : 1
Calls        : 1
Time         : 0.051s (Solving: 0.00s 1st Model: 0.00s Unsat: 0.00s)
CPU Time     : 0.037s

Command exited with non-zero status 30

  real      0:00.06
  real [s]  0.06
  user [s]  0.03
  sys  [s]  0.01
  mem  [KB] 9856
  avgm [KB] 0
