$ clingo-lpx --strict -n0 ./model-nocatch.lp ../axioms/bec_steps-clingo_lpx.lp -c maxstep=50 | ../utils/replace_assignments.sh | ../utils/make-readable.sh


clingo-lpx version 1.3.0
Reading from ./model-nocatch.lp ...
Solving...
Answer: 1
(Time: 3.315s)
happens(bounce_up,20)
happens(bounce_up,25)
happens(bounce_up,105/4)
happens(bounce_up,425/16)
happens(bounce_up,1705/64)
happens(bounce_up,6825/256)
happens(bounce_up,27305/1024)
happens(bounce_up,109225/4096)
happens(bounce_up,436905/16384)
happens(bounce_up,1747625/65536)
happens(bounce_up,6990505/262144)
happens(bounce_up,27962025/1048576)
happens(bounce_up,111848105/4194304)
happens(bounce_up,447392425/16777216)
happens(bounce_up,1789569705/67108864)
happens(bounce_up,7158278825/268435456)
happens(bounce_up,28633115305/1073741824)
happens(bounce_up,114532461225/4294967296)
happens(bounce_up,458129844905/17179869184)
happens(bounce_up,1832519379625/68719476736)
happens(bounce_up,7330077518505/274877906944)
happens(bounce_up,29320310074025/1099511627776)
happens(bounce_up,117281240296105/4398046511104)
happens(bounce_up,469124961184425/17592186044416)
happens(bounce_up,1876499844737705/70368744177664)
happens(drop,10)
happens(fall_down,10)
happens(fall_down,45/2)
happens(fall_down,205/8)
happens(fall_down,845/32)
happens(fall_down,3405/128)
happens(fall_down,13645/512)
happens(fall_down,54605/2048)
happens(fall_down,218445/8192)
happens(fall_down,873805/32768)
happens(fall_down,3495245/131072)
happens(fall_down,13981005/524288)
happens(fall_down,55924045/2097152)
happens(fall_down,223696205/8388608)
happens(fall_down,894784845/33554432)
happens(fall_down,3579139405/134217728)
happens(fall_down,14316557645/536870912)
happens(fall_down,57266230605/2147483648)
happens(fall_down,229064922445/8589934592)
happens(fall_down,916259689805/34359738368)
happens(fall_down,3665038759245/137438953472)
happens(fall_down,14660155037005/549755813888)
happens(fall_down,58640620148045/2199023255552)
happens(fall_down,234562480592205/8796093022208)
happens(fall_down,938249922368845/35184372088832)
happens(fall_down,3752999689475405/140737488355328)
happens(hit_ground,20)
happens(hit_ground,25)
happens(hit_ground,105/4)
happens(hit_ground,425/16)
happens(hit_ground,1705/64)
happens(hit_ground,6825/256)
happens(hit_ground,27305/1024)
happens(hit_ground,109225/4096)
happens(hit_ground,436905/16384)
happens(hit_ground,1747625/65536)
happens(hit_ground,6990505/262144)
happens(hit_ground,27962025/1048576)
happens(hit_ground,111848105/4194304)
happens(hit_ground,447392425/16777216)
happens(hit_ground,1789569705/67108864)
happens(hit_ground,7158278825/268435456)
happens(hit_ground,28633115305/1073741824)
happens(hit_ground,114532461225/4294967296)
happens(hit_ground,458129844905/17179869184)
happens(hit_ground,1832519379625/68719476736)
happens(hit_ground,7330077518505/274877906944)
happens(hit_ground,29320310074025/1099511627776)
happens(hit_ground,117281240296105/4398046511104)
happens(hit_ground,469124961184425/17592186044416)
happens(hit_ground,1876499844737705/70368744177664)
happens(reach_apex,45/2)
happens(reach_apex,205/8)
happens(reach_apex,845/32)
happens(reach_apex,3405/128)
happens(reach_apex,13645/512)
happens(reach_apex,54605/2048)
happens(reach_apex,218445/8192)
happens(reach_apex,873805/32768)
happens(reach_apex,3495245/131072)
happens(reach_apex,13981005/524288)
happens(reach_apex,55924045/2097152)
happens(reach_apex,223696205/8388608)
happens(reach_apex,894784845/33554432)
happens(reach_apex,3579139405/134217728)
happens(reach_apex,14316557645/536870912)
happens(reach_apex,57266230605/2147483648)
happens(reach_apex,229064922445/8589934592)
happens(reach_apex,916259689805/34359738368)
happens(reach_apex,3665038759245/137438953472)
happens(reach_apex,14660155037005/549755813888)
happens(reach_apex,58640620148045/2199023255552)
happens(reach_apex,234562480592205/8796093022208)
happens(reach_apex,938249922368845/35184372088832)
happens(reach_apex,3752999689475405/140737488355328)
holdsAt(falling,(10,"< T =<",20))
holdsAt(falling,(45/2,"< T =<",25))
holdsAt(falling,(205/8,"< T =<",105/4))
holdsAt(falling,(845/32,"< T =<",425/16))
holdsAt(falling,(3405/128,"< T =<",1705/64))
holdsAt(falling,(13645/512,"< T =<",6825/256))
holdsAt(falling,(54605/2048,"< T =<",27305/1024))
holdsAt(falling,(218445/8192,"< T =<",109225/4096))
holdsAt(falling,(873805/32768,"< T =<",436905/16384))
holdsAt(falling,(3495245/131072,"< T =<",1747625/65536))
holdsAt(falling,(13981005/524288,"< T =<",6990505/262144))
holdsAt(falling,(55924045/2097152,"< T =<",27962025/1048576))
holdsAt(falling,(223696205/8388608,"< T =<",111848105/4194304))
holdsAt(falling,(894784845/33554432,"< T =<",447392425/16777216))
holdsAt(falling,(3579139405/134217728,"< T =<",1789569705/67108864))
holdsAt(falling,(14316557645/536870912,"< T =<",7158278825/268435456))
holdsAt(falling,(57266230605/2147483648,"< T =<",28633115305/1073741824))
holdsAt(falling,(229064922445/8589934592,"< T =<",114532461225/4294967296))
holdsAt(falling,(916259689805/34359738368,"< T =<",458129844905/17179869184))
holdsAt(falling,(3665038759245/137438953472,"< T =<",1832519379625/68719476736))
holdsAt(falling,(14660155037005/549755813888,"< T =<",7330077518505/274877906944))
holdsAt(falling,(58640620148045/2199023255552,"< T =<",29320310074025/1099511627776))
holdsAt(falling,(234562480592205/8796093022208,"< T =<",117281240296105/4398046511104))
holdsAt(falling,(938249922368845/35184372088832,"< T =<",469124961184425/17592186044416))
holdsAt(falling,(3752999689475405/140737488355328,"< T =<",1876499844737705/70368744177664))
holdsAt(rising,("T >",1876499844737705/70368744177664))
holdsAt(rising,(20,"< T =<",45/2))
holdsAt(rising,(25,"< T =<",205/8))
holdsAt(rising,(105/4,"< T =<",845/32))
holdsAt(rising,(425/16,"< T =<",3405/128))
holdsAt(rising,(1705/64,"< T =<",13645/512))
holdsAt(rising,(6825/256,"< T =<",54605/2048))
holdsAt(rising,(27305/1024,"< T =<",218445/8192))
holdsAt(rising,(109225/4096,"< T =<",873805/32768))
holdsAt(rising,(436905/16384,"< T =<",3495245/131072))
holdsAt(rising,(1747625/65536,"< T =<",13981005/524288))
holdsAt(rising,(6990505/262144,"< T =<",55924045/2097152))
holdsAt(rising,(27962025/1048576,"< T =<",223696205/8388608))
holdsAt(rising,(111848105/4194304,"< T =<",894784845/33554432))
holdsAt(rising,(447392425/16777216,"< T =<",3579139405/134217728))
holdsAt(rising,(1789569705/67108864,"< T =<",14316557645/536870912))
holdsAt(rising,(7158278825/268435456,"< T =<",57266230605/2147483648))
holdsAt(rising,(28633115305/1073741824,"< T =<",229064922445/8589934592))
holdsAt(rising,(114532461225/4294967296,"< T =<",916259689805/34359738368))
holdsAt(rising,(458129844905/17179869184,"< T =<",3665038759245/137438953472))
holdsAt(rising,(1832519379625/68719476736,"< T =<",14660155037005/549755813888))
holdsAt(rising,(7330077518505/274877906944,"< T =<",58640620148045/2199023255552))
holdsAt(rising,(29320310074025/1099511627776,"< T =<",234562480592205/8796093022208))
holdsAt(rising,(117281240296105/4398046511104,"< T =<",938249922368845/35184372088832))
holdsAt(rising,(469124961184425/17592186044416,"< T =<",3752999689475405/140737488355328))
holdsAt((constant_fall_rate,1),(0,"< T =<",10))
holdsAt((constant_fall_rate,1),(10,"< T =<",20))
holdsAt((constant_fall_rate,1),(20,"< T =<",45/2))
holdsAt((constant_fall_rate,1),(45/2,"< T =<",25))
holdsAt((constant_fall_rate,1),(25,"< T =<",205/8))
holdsAt((constant_fall_rate,1),(205/8,"< T =<",105/4))
holdsAt((constant_fall_rate,1),(105/4,"< T =<",845/32))
holdsAt((constant_fall_rate,1),(845/32,"< T =<",425/16))
holdsAt((constant_fall_rate,1),(425/16,"< T =<",3405/128))
holdsAt((constant_fall_rate,1),(3405/128,"< T =<",1705/64))
holdsAt((constant_fall_rate,1),(1705/64,"< T =<",13645/512))
holdsAt((constant_fall_rate,1),(13645/512,"< T =<",6825/256))
holdsAt((constant_fall_rate,1),(6825/256,"< T =<",54605/2048))
holdsAt((constant_fall_rate,1),(54605/2048,"< T =<",27305/1024))
holdsAt((constant_fall_rate,1),(27305/1024,"< T =<",218445/8192))
holdsAt((constant_fall_rate,1),(218445/8192,"< T =<",109225/4096))
holdsAt((constant_fall_rate,1),(109225/4096,"< T =<",873805/32768))
holdsAt((constant_fall_rate,1),(873805/32768,"< T =<",436905/16384))
holdsAt((constant_fall_rate,1),(436905/16384,"< T =<",3495245/131072))
holdsAt((constant_fall_rate,1),(3495245/131072,"< T =<",1747625/65536))
holdsAt((constant_fall_rate,1),(1747625/65536,"< T =<",13981005/524288))
holdsAt((constant_fall_rate,1),(13981005/524288,"< T =<",6990505/262144))
holdsAt((constant_fall_rate,1),(6990505/262144,"< T =<",55924045/2097152))
holdsAt((constant_fall_rate,1),(55924045/2097152,"< T =<",27962025/1048576))
holdsAt((constant_fall_rate,1),(27962025/1048576,"< T =<",223696205/8388608))
holdsAt((constant_fall_rate,1),(223696205/8388608,"< T =<",111848105/4194304))
holdsAt((constant_fall_rate,1),(111848105/4194304,"< T =<",894784845/33554432))
holdsAt((constant_fall_rate,1),(894784845/33554432,"< T =<",447392425/16777216))
holdsAt((constant_fall_rate,1),(447392425/16777216,"< T =<",3579139405/134217728))
holdsAt((constant_fall_rate,1),(3579139405/134217728,"< T =<",1789569705/67108864))
holdsAt((constant_fall_rate,1),(1789569705/67108864,"< T =<",14316557645/536870912))
holdsAt((constant_fall_rate,1),(14316557645/536870912,"< T =<",7158278825/268435456))
holdsAt((constant_fall_rate,1),(7158278825/268435456,"< T =<",57266230605/2147483648))
holdsAt((constant_fall_rate,1),(57266230605/2147483648,"< T =<",28633115305/1073741824))
holdsAt((constant_fall_rate,1),(28633115305/1073741824,"< T =<",229064922445/8589934592))
holdsAt((constant_fall_rate,1),(229064922445/8589934592,"< T =<",114532461225/4294967296))
holdsAt((constant_fall_rate,1),(114532461225/4294967296,"< T =<",916259689805/34359738368))
holdsAt((constant_fall_rate,1),(916259689805/34359738368,"< T =<",458129844905/17179869184))
holdsAt((constant_fall_rate,1),(458129844905/17179869184,"< T =<",3665038759245/137438953472))
holdsAt((constant_fall_rate,1),(3665038759245/137438953472,"< T =<",1832519379625/68719476736))
holdsAt((constant_fall_rate,1),(1832519379625/68719476736,"< T =<",14660155037005/549755813888))
holdsAt((constant_fall_rate,1),(14660155037005/549755813888,"< T =<",7330077518505/274877906944))
holdsAt((constant_fall_rate,1),(7330077518505/274877906944,"< T =<",58640620148045/2199023255552))
holdsAt((constant_fall_rate,1),(58640620148045/2199023255552,"< T =<",29320310074025/1099511627776))
holdsAt((constant_fall_rate,1),(29320310074025/1099511627776,"< T =<",234562480592205/8796093022208))
holdsAt((constant_fall_rate,1),(234562480592205/8796093022208,"< T =<",117281240296105/4398046511104))
holdsAt((constant_fall_rate,1),(117281240296105/4398046511104,"< T =<",938249922368845/35184372088832))
holdsAt((constant_fall_rate,1),(938249922368845/35184372088832,"< T =<",469124961184425/17592186044416))
holdsAt((constant_fall_rate,1),(469124961184425/17592186044416,"< T =<",3752999689475405/140737488355328))
holdsAt((constant_fall_rate,1),(3752999689475405/140737488355328,"< T =<",1876499844737705/70368744177664))
holdsAt((constant_fall_rate,1),("T >",1876499844737705/70368744177664))
holdsAt((height,10),(0,"< T =<",10))
holdsAt((height,0),(10,"< T =<",20))
holdsAt((height,5/2),(20,"< T =<",45/2))
holdsAt((height,0),(45/2,"< T =<",25))
holdsAt((height,5/8),(25,"< T =<",205/8))
holdsAt((height,0),(205/8,"< T =<",105/4))
holdsAt((height,5/32),(105/4,"< T =<",845/32))
holdsAt((height,0),(845/32,"< T =<",425/16))
holdsAt((height,5/128),(425/16,"< T =<",3405/128))
holdsAt((height,0),(3405/128,"< T =<",1705/64))
holdsAt((height,5/512),(1705/64,"< T =<",13645/512))
holdsAt((height,0),(13645/512,"< T =<",6825/256))
holdsAt((height,5/2048),(6825/256,"< T =<",54605/2048))
holdsAt((height,0),(54605/2048,"< T =<",27305/1024))
holdsAt((height,5/8192),(27305/1024,"< T =<",218445/8192))
holdsAt((height,0),(218445/8192,"< T =<",109225/4096))
holdsAt((height,5/32768),(109225/4096,"< T =<",873805/32768))
holdsAt((height,0),(873805/32768,"< T =<",436905/16384))
holdsAt((height,5/131072),(436905/16384,"< T =<",3495245/131072))
holdsAt((height,0),(3495245/131072,"< T =<",1747625/65536))
holdsAt((height,5/524288),(1747625/65536,"< T =<",13981005/524288))
holdsAt((height,0),(13981005/524288,"< T =<",6990505/262144))
holdsAt((height,5/2097152),(6990505/262144,"< T =<",55924045/2097152))
holdsAt((height,0),(55924045/2097152,"< T =<",27962025/1048576))
holdsAt((height,5/8388608),(27962025/1048576,"< T =<",223696205/8388608))
holdsAt((height,0),(223696205/8388608,"< T =<",111848105/4194304))
holdsAt((height,5/33554432),(111848105/4194304,"< T =<",894784845/33554432))
holdsAt((height,0),(894784845/33554432,"< T =<",447392425/16777216))
holdsAt((height,5/134217728),(447392425/16777216,"< T =<",3579139405/134217728))
holdsAt((height,0),(3579139405/134217728,"< T =<",1789569705/67108864))
holdsAt((height,5/536870912),(1789569705/67108864,"< T =<",14316557645/536870912))
holdsAt((height,0),(14316557645/536870912,"< T =<",7158278825/268435456))
holdsAt((height,5/2147483648),(7158278825/268435456,"< T =<",57266230605/2147483648))
holdsAt((height,0),(57266230605/2147483648,"< T =<",28633115305/1073741824))
holdsAt((height,5/8589934592),(28633115305/1073741824,"< T =<",229064922445/8589934592))
holdsAt((height,0),(229064922445/8589934592,"< T =<",114532461225/4294967296))
holdsAt((height,5/34359738368),(114532461225/4294967296,"< T =<",916259689805/34359738368))
holdsAt((height,0),(916259689805/34359738368,"< T =<",458129844905/17179869184))
holdsAt((height,5/137438953472),(458129844905/17179869184,"< T =<",3665038759245/137438953472))
holdsAt((height,0),(3665038759245/137438953472,"< T =<",1832519379625/68719476736))
holdsAt((height,5/549755813888),(1832519379625/68719476736,"< T =<",14660155037005/549755813888))
holdsAt((height,0),(14660155037005/549755813888,"< T =<",7330077518505/274877906944))
holdsAt((height,5/2199023255552),(7330077518505/274877906944,"< T =<",58640620148045/2199023255552))
holdsAt((height,0),(58640620148045/2199023255552,"< T =<",29320310074025/1099511627776))
holdsAt((height,5/8796093022208),(29320310074025/1099511627776,"< T =<",234562480592205/8796093022208))
holdsAt((height,0),(234562480592205/8796093022208,"< T =<",117281240296105/4398046511104))
holdsAt((height,5/35184372088832),(117281240296105/4398046511104,"< T =<",938249922368845/35184372088832))
holdsAt((height,0),(938249922368845/35184372088832,"< T =<",469124961184425/17592186044416))
holdsAt((height,5/140737488355328),(469124961184425/17592186044416,"< T =<",3752999689475405/140737488355328))
holdsAt((height,0),(3752999689475405/140737488355328,"< T =<",1876499844737705/70368744177664))
holdsAt((velocity,0),(0,"< T =<",10))
holdsAt((velocity,10),(10,"< T =<",20))
holdsAt((velocity,0),(20,"< T =<",45/2))
holdsAt((velocity,5/2),(45/2,"< T =<",25))
holdsAt((velocity,0),(25,"< T =<",205/8))
holdsAt((velocity,5/8),(205/8,"< T =<",105/4))
holdsAt((velocity,0),(105/4,"< T =<",845/32))
holdsAt((velocity,5/32),(845/32,"< T =<",425/16))
holdsAt((velocity,0),(425/16,"< T =<",3405/128))
holdsAt((velocity,5/128),(3405/128,"< T =<",1705/64))
holdsAt((velocity,0),(1705/64,"< T =<",13645/512))
holdsAt((velocity,5/512),(13645/512,"< T =<",6825/256))
holdsAt((velocity,0),(6825/256,"< T =<",54605/2048))
holdsAt((velocity,5/2048),(54605/2048,"< T =<",27305/1024))
holdsAt((velocity,0),(27305/1024,"< T =<",218445/8192))
holdsAt((velocity,5/8192),(218445/8192,"< T =<",109225/4096))
holdsAt((velocity,0),(109225/4096,"< T =<",873805/32768))
holdsAt((velocity,5/32768),(873805/32768,"< T =<",436905/16384))
holdsAt((velocity,0),(436905/16384,"< T =<",3495245/131072))
holdsAt((velocity,5/131072),(3495245/131072,"< T =<",1747625/65536))
holdsAt((velocity,0),(1747625/65536,"< T =<",13981005/524288))
holdsAt((velocity,5/524288),(13981005/524288,"< T =<",6990505/262144))
holdsAt((velocity,0),(6990505/262144,"< T =<",55924045/2097152))
holdsAt((velocity,5/2097152),(55924045/2097152,"< T =<",27962025/1048576))
holdsAt((velocity,0),(27962025/1048576,"< T =<",223696205/8388608))
holdsAt((velocity,5/8388608),(223696205/8388608,"< T =<",111848105/4194304))
holdsAt((velocity,0),(111848105/4194304,"< T =<",894784845/33554432))
holdsAt((velocity,5/33554432),(894784845/33554432,"< T =<",447392425/16777216))
holdsAt((velocity,0),(447392425/16777216,"< T =<",3579139405/134217728))
holdsAt((velocity,5/134217728),(3579139405/134217728,"< T =<",1789569705/67108864))
holdsAt((velocity,0),(1789569705/67108864,"< T =<",14316557645/536870912))
holdsAt((velocity,5/536870912),(14316557645/536870912,"< T =<",7158278825/268435456))
holdsAt((velocity,0),(7158278825/268435456,"< T =<",57266230605/2147483648))
holdsAt((velocity,5/2147483648),(57266230605/2147483648,"< T =<",28633115305/1073741824))
holdsAt((velocity,0),(28633115305/1073741824,"< T =<",229064922445/8589934592))
holdsAt((velocity,5/8589934592),(229064922445/8589934592,"< T =<",114532461225/4294967296))
holdsAt((velocity,0),(114532461225/4294967296,"< T =<",916259689805/34359738368))
holdsAt((velocity,5/34359738368),(916259689805/34359738368,"< T =<",458129844905/17179869184))
holdsAt((velocity,0),(458129844905/17179869184,"< T =<",3665038759245/137438953472))
holdsAt((velocity,5/137438953472),(3665038759245/137438953472,"< T =<",1832519379625/68719476736))
holdsAt((velocity,0),(1832519379625/68719476736,"< T =<",14660155037005/549755813888))
holdsAt((velocity,5/549755813888),(14660155037005/549755813888,"< T =<",7330077518505/274877906944))
holdsAt((velocity,0),(7330077518505/274877906944,"< T =<",58640620148045/2199023255552))
holdsAt((velocity,5/2199023255552),(58640620148045/2199023255552,"< T =<",29320310074025/1099511627776))
holdsAt((velocity,0),(29320310074025/1099511627776,"< T =<",234562480592205/8796093022208))
holdsAt((velocity,5/8796093022208),(234562480592205/8796093022208,"< T =<",117281240296105/4398046511104))
holdsAt((velocity,0),(117281240296105/4398046511104,"< T =<",938249922368845/35184372088832))
holdsAt((velocity,5/35184372088832),(938249922368845/35184372088832,"< T =<",469124961184425/17592186044416))
holdsAt((velocity,0),(469124961184425/17592186044416,"< T =<",3752999689475405/140737488355328))
holdsAt((velocity,5/140737488355328),(3752999689475405/140737488355328,"< T =<",1876499844737705/70368744177664))
holdsAt((velocity_loss_portion,3/4),(0,"< T =<",10))
holdsAt((velocity_loss_portion,3/4),(10,"< T =<",20))
holdsAt((velocity_loss_portion,3/4),(20,"< T =<",45/2))
holdsAt((velocity_loss_portion,3/4),(45/2,"< T =<",25))
holdsAt((velocity_loss_portion,3/4),(25,"< T =<",205/8))
holdsAt((velocity_loss_portion,3/4),(205/8,"< T =<",105/4))
holdsAt((velocity_loss_portion,3/4),(105/4,"< T =<",845/32))
holdsAt((velocity_loss_portion,3/4),(845/32,"< T =<",425/16))
holdsAt((velocity_loss_portion,3/4),(425/16,"< T =<",3405/128))
holdsAt((velocity_loss_portion,3/4),(3405/128,"< T =<",1705/64))
holdsAt((velocity_loss_portion,3/4),(1705/64,"< T =<",13645/512))
holdsAt((velocity_loss_portion,3/4),(13645/512,"< T =<",6825/256))
holdsAt((velocity_loss_portion,3/4),(6825/256,"< T =<",54605/2048))
holdsAt((velocity_loss_portion,3/4),(54605/2048,"< T =<",27305/1024))
holdsAt((velocity_loss_portion,3/4),(27305/1024,"< T =<",218445/8192))
holdsAt((velocity_loss_portion,3/4),(218445/8192,"< T =<",109225/4096))
holdsAt((velocity_loss_portion,3/4),(109225/4096,"< T =<",873805/32768))
holdsAt((velocity_loss_portion,3/4),(873805/32768,"< T =<",436905/16384))
holdsAt((velocity_loss_portion,3/4),(436905/16384,"< T =<",3495245/131072))
holdsAt((velocity_loss_portion,3/4),(3495245/131072,"< T =<",1747625/65536))
holdsAt((velocity_loss_portion,3/4),(1747625/65536,"< T =<",13981005/524288))
holdsAt((velocity_loss_portion,3/4),(13981005/524288,"< T =<",6990505/262144))
holdsAt((velocity_loss_portion,3/4),(6990505/262144,"< T =<",55924045/2097152))
holdsAt((velocity_loss_portion,3/4),(55924045/2097152,"< T =<",27962025/1048576))
holdsAt((velocity_loss_portion,3/4),(27962025/1048576,"< T =<",223696205/8388608))
holdsAt((velocity_loss_portion,3/4),(223696205/8388608,"< T =<",111848105/4194304))
holdsAt((velocity_loss_portion,3/4),(111848105/4194304,"< T =<",894784845/33554432))
holdsAt((velocity_loss_portion,3/4),(894784845/33554432,"< T =<",447392425/16777216))
holdsAt((velocity_loss_portion,3/4),(447392425/16777216,"< T =<",3579139405/134217728))
holdsAt((velocity_loss_portion,3/4),(3579139405/134217728,"< T =<",1789569705/67108864))
holdsAt((velocity_loss_portion,3/4),(1789569705/67108864,"< T =<",14316557645/536870912))
holdsAt((velocity_loss_portion,3/4),(14316557645/536870912,"< T =<",7158278825/268435456))
holdsAt((velocity_loss_portion,3/4),(7158278825/268435456,"< T =<",57266230605/2147483648))
holdsAt((velocity_loss_portion,3/4),(57266230605/2147483648,"< T =<",28633115305/1073741824))
holdsAt((velocity_loss_portion,3/4),(28633115305/1073741824,"< T =<",229064922445/8589934592))
holdsAt((velocity_loss_portion,3/4),(229064922445/8589934592,"< T =<",114532461225/4294967296))
holdsAt((velocity_loss_portion,3/4),(114532461225/4294967296,"< T =<",916259689805/34359738368))
holdsAt((velocity_loss_portion,3/4),(916259689805/34359738368,"< T =<",458129844905/17179869184))
holdsAt((velocity_loss_portion,3/4),(458129844905/17179869184,"< T =<",3665038759245/137438953472))
holdsAt((velocity_loss_portion,3/4),(3665038759245/137438953472,"< T =<",1832519379625/68719476736))
holdsAt((velocity_loss_portion,3/4),(1832519379625/68719476736,"< T =<",14660155037005/549755813888))
holdsAt((velocity_loss_portion,3/4),(14660155037005/549755813888,"< T =<",7330077518505/274877906944))
holdsAt((velocity_loss_portion,3/4),(7330077518505/274877906944,"< T =<",58640620148045/2199023255552))
holdsAt((velocity_loss_portion,3/4),(58640620148045/2199023255552,"< T =<",29320310074025/1099511627776))
holdsAt((velocity_loss_portion,3/4),(29320310074025/1099511627776,"< T =<",234562480592205/8796093022208))
holdsAt((velocity_loss_portion,3/4),(234562480592205/8796093022208,"< T =<",117281240296105/4398046511104))
holdsAt((velocity_loss_portion,3/4),(117281240296105/4398046511104,"< T =<",938249922368845/35184372088832))
holdsAt((velocity_loss_portion,3/4),(938249922368845/35184372088832,"< T =<",469124961184425/17592186044416))
holdsAt((velocity_loss_portion,3/4),(469124961184425/17592186044416,"< T =<",3752999689475405/140737488355328))
holdsAt((velocity_loss_portion,3/4),(3752999689475405/140737488355328,"< T =<",1876499844737705/70368744177664))
holdsAt((velocity_loss_portion,3/4),("T >",1876499844737705/70368744177664))
releasedAtStepF(height,0,2)
releasedAtStepF(height,5/2,3)
releasedAtStepF(height,0,4)
releasedAtStepF(height,5/8,5)
releasedAtStepF(height,0,6)
releasedAtStepF(height,5/32,7)
releasedAtStepF(height,0,8)
releasedAtStepF(height,5/128,9)
releasedAtStepF(height,0,10)
releasedAtStepF(height,5/512,11)
releasedAtStepF(height,0,12)
releasedAtStepF(height,5/2048,13)
releasedAtStepF(height,0,14)
releasedAtStepF(height,5/8192,15)
releasedAtStepF(height,0,16)
releasedAtStepF(height,5/32768,17)
releasedAtStepF(height,0,18)
releasedAtStepF(height,5/131072,19)
releasedAtStepF(height,0,20)
releasedAtStepF(height,5/524288,21)
releasedAtStepF(height,0,22)
releasedAtStepF(height,5/2097152,23)
releasedAtStepF(height,0,24)
releasedAtStepF(height,5/8388608,25)
releasedAtStepF(height,0,26)
releasedAtStepF(height,5/33554432,27)
releasedAtStepF(height,0,28)
releasedAtStepF(height,5/134217728,29)
releasedAtStepF(height,0,30)
releasedAtStepF(height,5/536870912,31)
releasedAtStepF(height,0,32)
releasedAtStepF(height,5/2147483648,33)
releasedAtStepF(height,0,34)
releasedAtStepF(height,5/8589934592,35)
releasedAtStepF(height,0,36)
releasedAtStepF(height,5/34359738368,37)
releasedAtStepF(height,0,38)
releasedAtStepF(height,5/137438953472,39)
releasedAtStepF(height,0,40)
releasedAtStepF(height,5/549755813888,41)
releasedAtStepF(height,0,42)
releasedAtStepF(height,5/2199023255552,43)
releasedAtStepF(height,0,44)
releasedAtStepF(height,5/8796093022208,45)
releasedAtStepF(height,0,46)
releasedAtStepF(height,5/35184372088832,47)
releasedAtStepF(height,0,48)
releasedAtStepF(height,5/140737488355328,49)
releasedAtStepF(height,0,50)
releasedAtStepF(height,0,51)
releasedAtStepF(velocity,10,2)
releasedAtStepF(velocity,0,3)
releasedAtStepF(velocity,5/2,4)
releasedAtStepF(velocity,0,5)
releasedAtStepF(velocity,5/8,6)
releasedAtStepF(velocity,0,7)
releasedAtStepF(velocity,5/32,8)
releasedAtStepF(velocity,0,9)
releasedAtStepF(velocity,5/128,10)
releasedAtStepF(velocity,0,11)
releasedAtStepF(velocity,5/512,12)
releasedAtStepF(velocity,0,13)
releasedAtStepF(velocity,5/2048,14)
releasedAtStepF(velocity,0,15)
releasedAtStepF(velocity,5/8192,16)
releasedAtStepF(velocity,0,17)
releasedAtStepF(velocity,5/32768,18)
releasedAtStepF(velocity,0,19)
releasedAtStepF(velocity,5/131072,20)
releasedAtStepF(velocity,0,21)
releasedAtStepF(velocity,5/524288,22)
releasedAtStepF(velocity,0,23)
releasedAtStepF(velocity,5/2097152,24)
releasedAtStepF(velocity,0,25)
releasedAtStepF(velocity,5/8388608,26)
releasedAtStepF(velocity,0,27)
releasedAtStepF(velocity,5/33554432,28)
releasedAtStepF(velocity,0,29)
releasedAtStepF(velocity,5/134217728,30)
releasedAtStepF(velocity,0,31)
releasedAtStepF(velocity,5/536870912,32)
releasedAtStepF(velocity,0,33)
releasedAtStepF(velocity,5/2147483648,34)
releasedAtStepF(velocity,0,35)
releasedAtStepF(velocity,5/8589934592,36)
releasedAtStepF(velocity,0,37)
releasedAtStepF(velocity,5/34359738368,38)
releasedAtStepF(velocity,0,39)
releasedAtStepF(velocity,5/137438953472,40)
releasedAtStepF(velocity,0,41)
releasedAtStepF(velocity,5/549755813888,42)
releasedAtStepF(velocity,0,43)
releasedAtStepF(velocity,5/2199023255552,44)
releasedAtStepF(velocity,0,45)
releasedAtStepF(velocity,5/8796093022208,46)
releasedAtStepF(velocity,0,47)
releasedAtStepF(velocity,5/35184372088832,48)
releasedAtStepF(velocity,0,49)
releasedAtStepF(velocity,5/140737488355328,50)
releasedAtStepF(velocity,0,51)
trajectoryAtStep(falling,1,height,0,2)
trajectoryAtStep(falling,1,velocity,10,2)
trajectoryAtStep(falling,3,height,0,4)
trajectoryAtStep(falling,3,velocity,5/2,4)
trajectoryAtStep(falling,5,height,0,6)
trajectoryAtStep(falling,5,velocity,5/8,6)
trajectoryAtStep(falling,7,height,0,8)
trajectoryAtStep(falling,7,velocity,5/32,8)
trajectoryAtStep(falling,9,height,0,10)
trajectoryAtStep(falling,9,velocity,5/128,10)
trajectoryAtStep(falling,11,height,0,12)
trajectoryAtStep(falling,11,velocity,5/512,12)
trajectoryAtStep(falling,13,height,0,14)
trajectoryAtStep(falling,13,velocity,5/2048,14)
trajectoryAtStep(falling,15,height,0,16)
trajectoryAtStep(falling,15,velocity,5/8192,16)
trajectoryAtStep(falling,17,height,0,18)
trajectoryAtStep(falling,17,velocity,5/32768,18)
trajectoryAtStep(falling,19,height,0,20)
trajectoryAtStep(falling,19,velocity,5/131072,20)
trajectoryAtStep(falling,21,height,0,22)
trajectoryAtStep(falling,21,velocity,5/524288,22)
trajectoryAtStep(falling,23,height,0,24)
trajectoryAtStep(falling,23,velocity,5/2097152,24)
trajectoryAtStep(falling,25,height,0,26)
trajectoryAtStep(falling,25,velocity,5/8388608,26)
trajectoryAtStep(falling,27,height,0,28)
trajectoryAtStep(falling,27,velocity,5/33554432,28)
trajectoryAtStep(falling,29,height,0,30)
trajectoryAtStep(falling,29,velocity,5/134217728,30)
trajectoryAtStep(falling,31,height,0,32)
trajectoryAtStep(falling,31,velocity,5/536870912,32)
trajectoryAtStep(falling,33,height,0,34)
trajectoryAtStep(falling,33,velocity,5/2147483648,34)
trajectoryAtStep(falling,35,height,0,36)
trajectoryAtStep(falling,35,velocity,5/8589934592,36)
trajectoryAtStep(falling,37,height,0,38)
trajectoryAtStep(falling,37,velocity,5/34359738368,38)
trajectoryAtStep(falling,39,height,0,40)
trajectoryAtStep(falling,39,velocity,5/137438953472,40)
trajectoryAtStep(falling,41,height,0,42)
trajectoryAtStep(falling,41,velocity,5/549755813888,42)
trajectoryAtStep(falling,43,height,0,44)
trajectoryAtStep(falling,43,velocity,5/2199023255552,44)
trajectoryAtStep(falling,45,height,0,46)
trajectoryAtStep(falling,45,velocity,5/8796093022208,46)
trajectoryAtStep(falling,47,height,0,48)
trajectoryAtStep(falling,47,velocity,5/35184372088832,48)
trajectoryAtStep(falling,49,height,0,50)
trajectoryAtStep(falling,49,velocity,5/140737488355328,50)
trajectoryAtStep(rising,2,height,5/2,3)
trajectoryAtStep(rising,2,velocity,0,3)
trajectoryAtStep(rising,4,height,5/8,5)
trajectoryAtStep(rising,4,velocity,0,5)
trajectoryAtStep(rising,6,height,5/32,7)
trajectoryAtStep(rising,6,velocity,0,7)
trajectoryAtStep(rising,8,height,5/128,9)
trajectoryAtStep(rising,8,velocity,0,9)
trajectoryAtStep(rising,10,height,5/512,11)
trajectoryAtStep(rising,10,velocity,0,11)
trajectoryAtStep(rising,12,height,5/2048,13)
trajectoryAtStep(rising,12,velocity,0,13)
trajectoryAtStep(rising,14,height,5/8192,15)
trajectoryAtStep(rising,14,velocity,0,15)
trajectoryAtStep(rising,16,height,5/32768,17)
trajectoryAtStep(rising,16,velocity,0,17)
trajectoryAtStep(rising,18,height,5/131072,19)
trajectoryAtStep(rising,18,velocity,0,19)
trajectoryAtStep(rising,20,height,5/524288,21)
trajectoryAtStep(rising,20,velocity,0,21)
trajectoryAtStep(rising,22,height,5/2097152,23)
trajectoryAtStep(rising,22,velocity,0,23)
trajectoryAtStep(rising,24,height,5/8388608,25)
trajectoryAtStep(rising,24,velocity,0,25)
trajectoryAtStep(rising,26,height,5/33554432,27)
trajectoryAtStep(rising,26,velocity,0,27)
trajectoryAtStep(rising,28,height,5/134217728,29)
trajectoryAtStep(rising,28,velocity,0,29)
trajectoryAtStep(rising,30,height,5/536870912,31)
trajectoryAtStep(rising,30,velocity,0,31)
trajectoryAtStep(rising,32,height,5/2147483648,33)
trajectoryAtStep(rising,32,velocity,0,33)
trajectoryAtStep(rising,34,height,5/8589934592,35)
trajectoryAtStep(rising,34,velocity,0,35)
trajectoryAtStep(rising,36,height,5/34359738368,37)
trajectoryAtStep(rising,36,velocity,0,37)
trajectoryAtStep(rising,38,height,5/137438953472,39)
trajectoryAtStep(rising,38,velocity,0,39)
trajectoryAtStep(rising,40,height,5/549755813888,41)
trajectoryAtStep(rising,40,velocity,0,41)
trajectoryAtStep(rising,42,height,5/2199023255552,43)
trajectoryAtStep(rising,42,velocity,0,43)
trajectoryAtStep(rising,44,height,5/8796093022208,45)
trajectoryAtStep(rising,44,velocity,0,45)
trajectoryAtStep(rising,46,height,5/35184372088832,47)
trajectoryAtStep(rising,46,velocity,0,47)
trajectoryAtStep(rising,48,height,5/140737488355328,49)
trajectoryAtStep(rising,48,velocity,0,49)
-holdsAt(falling,("T >",1876499844737705/70368744177664))
-holdsAt(falling,(0,"< T =<",10))
-holdsAt(falling,(20,"< T =<",45/2))
-holdsAt(falling,(25,"< T =<",205/8))
-holdsAt(falling,(105/4,"< T =<",845/32))
-holdsAt(falling,(425/16,"< T =<",3405/128))
-holdsAt(falling,(1705/64,"< T =<",13645/512))
-holdsAt(falling,(6825/256,"< T =<",54605/2048))
-holdsAt(falling,(27305/1024,"< T =<",218445/8192))
-holdsAt(falling,(109225/4096,"< T =<",873805/32768))
-holdsAt(falling,(436905/16384,"< T =<",3495245/131072))
-holdsAt(falling,(1747625/65536,"< T =<",13981005/524288))
-holdsAt(falling,(6990505/262144,"< T =<",55924045/2097152))
-holdsAt(falling,(27962025/1048576,"< T =<",223696205/8388608))
-holdsAt(falling,(111848105/4194304,"< T =<",894784845/33554432))
-holdsAt(falling,(447392425/16777216,"< T =<",3579139405/134217728))
-holdsAt(falling,(1789569705/67108864,"< T =<",14316557645/536870912))
-holdsAt(falling,(7158278825/268435456,"< T =<",57266230605/2147483648))
-holdsAt(falling,(28633115305/1073741824,"< T =<",229064922445/8589934592))
-holdsAt(falling,(114532461225/4294967296,"< T =<",916259689805/34359738368))
-holdsAt(falling,(458129844905/17179869184,"< T =<",3665038759245/137438953472))
-holdsAt(falling,(1832519379625/68719476736,"< T =<",14660155037005/549755813888))
-holdsAt(falling,(7330077518505/274877906944,"< T =<",58640620148045/2199023255552))
-holdsAt(falling,(29320310074025/1099511627776,"< T =<",234562480592205/8796093022208))
-holdsAt(falling,(117281240296105/4398046511104,"< T =<",938249922368845/35184372088832))
-holdsAt(falling,(469124961184425/17592186044416,"< T =<",3752999689475405/140737488355328))
-holdsAt(rising,(0,"< T =<",10))
-holdsAt(rising,(10,"< T =<",20))
-holdsAt(rising,(45/2,"< T =<",25))
-holdsAt(rising,(205/8,"< T =<",105/4))
-holdsAt(rising,(845/32,"< T =<",425/16))
-holdsAt(rising,(3405/128,"< T =<",1705/64))
-holdsAt(rising,(13645/512,"< T =<",6825/256))
-holdsAt(rising,(54605/2048,"< T =<",27305/1024))
-holdsAt(rising,(218445/8192,"< T =<",109225/4096))
-holdsAt(rising,(873805/32768,"< T =<",436905/16384))
-holdsAt(rising,(3495245/131072,"< T =<",1747625/65536))
-holdsAt(rising,(13981005/524288,"< T =<",6990505/262144))
-holdsAt(rising,(55924045/2097152,"< T =<",27962025/1048576))
-holdsAt(rising,(223696205/8388608,"< T =<",111848105/4194304))
-holdsAt(rising,(894784845/33554432,"< T =<",447392425/16777216))
-holdsAt(rising,(3579139405/134217728,"< T =<",1789569705/67108864))
-holdsAt(rising,(14316557645/536870912,"< T =<",7158278825/268435456))
-holdsAt(rising,(57266230605/2147483648,"< T =<",28633115305/1073741824))
-holdsAt(rising,(229064922445/8589934592,"< T =<",114532461225/4294967296))
-holdsAt(rising,(916259689805/34359738368,"< T =<",458129844905/17179869184))
-holdsAt(rising,(3665038759245/137438953472,"< T =<",1832519379625/68719476736))
-holdsAt(rising,(14660155037005/549755813888,"< T =<",7330077518505/274877906944))
-holdsAt(rising,(58640620148045/2199023255552,"< T =<",29320310074025/1099511627776))
-holdsAt(rising,(234562480592205/8796093022208,"< T =<",117281240296105/4398046511104))
-holdsAt(rising,(938249922368845/35184372088832,"< T =<",469124961184425/17592186044416))
-holdsAt(rising,(3752999689475405/140737488355328,"< T =<",1876499844737705/70368744177664))
SATISFIABLE

Models       : 1
Calls        : 1
Time         : 3.320s (Solving: 2.94s 1st Model: 2.94s Unsat: 0.01s)
CPU Time     : 3.300s

../axioms/bec_steps-clingo_lpx.lp:98:53-76: info: atom does not occur in any rule head:
  releasesAtStep(E,F,S)

Command exited with non-zero status 30

  real      0:03.34
  real [s]  3.34
  user [s]  3.27
  sys  [s]  0.04
  mem  [KB] 31160
  avgm [KB] 0
