$ clingo -c maxtime=10 -c maxmoney=20 -n 0 ../axioms/bec_clingo.pl ./model.pl | ../utils/format-output/format-output-rework | ../utils/remove_grounding.sh


../axioms/bec_clingo.pl:17:5-31: info: atom does not occur in any rule head:
  releases(Event,Fluent,T)

../axioms/bec_clingo.pl:30:5-31: info: atom does not occur in any rule head:
  releases(Event,Fluent,T)

../axioms/bec_clingo.pl:39:5-41: info: atom does not occur in any rule head:
  trajectory(Fluent1,T1,Fluent2,T2)


==========
Answer: 1

0
serviceFee(account2,1)
serviceFee(account1,1)
minimumBalance(account2,5)
minimumBalance(account1,5)
balance(account2,10)
balance(account1,10)

1
serviceFee(account2,1)
serviceFee(account1,1)
minimumBalance(account2,5)
minimumBalance(account1,5)
balance(account2,10)
balance(account1,10)
happens(transfer(account1,account2,2),1)

2
-balance(account2,10)
-balance(account1,10)
+balance(account2,12)
+balance(account1,8)
serviceFee(account2,1)
serviceFee(account1,1)
minimumBalance(account2,5)
minimumBalance(account1,5)
happens(transfer(account1,account2,4),2)

3
-balance(account2,12)
-balance(account1,8)
+balance(account2,16)
+balance(account1,4)
serviceFee(account2,1)
serviceFee(account1,1)
minimumBalance(account2,5)
minimumBalance(account1,5)
happens(chargeServiceFee(account1),3)

4
-balance(account1,4)
+serviceFeeCharged(account1)
+balance(account1,3)
balance(account2,16)
serviceFee(account2,1)
serviceFee(account1,1)
minimumBalance(account2,5)
minimumBalance(account1,5)

5
serviceFeeCharged(account1)
balance(account2,16)
balance(account1,3)
serviceFee(account2,1)
serviceFee(account1,1)
minimumBalance(account2,5)
minimumBalance(account1,5)
happens(monthlyReset(account2),5)
happens(monthlyReset(account1),5)

6
-serviceFeeCharged(account1)
balance(account2,16)
balance(account1,3)
serviceFee(account2,1)
serviceFee(account1,1)
minimumBalance(account2,5)
minimumBalance(account1,5)
happens(chargeServiceFee(account1),6)

7
-balance(account1,3)
+serviceFeeCharged(account1)
+balance(account1,2)
balance(account2,16)
serviceFee(account2,1)
serviceFee(account1,1)
minimumBalance(account2,5)
minimumBalance(account1,5)

8
serviceFeeCharged(account1)
balance(account2,16)
balance(account1,2)
serviceFee(account2,1)
serviceFee(account1,1)
minimumBalance(account2,5)
minimumBalance(account1,5)

9
serviceFeeCharged(account1)
balance(account2,16)
balance(account1,2)
serviceFee(account2,1)
serviceFee(account1,1)
minimumBalance(account2,5)
minimumBalance(account1,5)

10
serviceFeeCharged(account1)
balance(account2,16)
balance(account1,2)
serviceFee(account2,1)
serviceFee(account1,1)
minimumBalance(account2,5)
minimumBalance(account1,5)
P ... predicate grounding skipped ...

  real      0:02.35
  real [s]  2.35
  user [s]  2.18
  sys  [s]  0.15
  mem  [KB] 54704
  avgm [KB] 0
