$ clingo -c maxtime=160 -c maxmoney=20 -n 0 ../axioms/bec_clingo.pl ./model.pl | ../utils/format-output/format-output-rework | ../utils/remove_grounding.sh


../axioms/bec_clingo.pl:17:5-31: info: atom does not occur in any rule head:
  releases(Event,Fluent,T)

../axioms/bec_clingo.pl:30:5-31: info: atom does not occur in any rule head:
  releases(Event,Fluent,T)

../axioms/bec_clingo.pl:39:5-41: info: atom does not occur in any rule head:
  trajectory(Fluent1,T1,Fluent2,T2)


==========
Answer: 1

0
serviceFee(account2,1)
serviceFee(account1,1)
minimumBalance(account2,5)
minimumBalance(account1,5)
balance(account2,10)
balance(account1,10)

1
serviceFee(account2,1)
serviceFee(account1,1)
minimumBalance(account2,5)
minimumBalance(account1,5)
balance(account2,10)
balance(account1,10)
happens(transfer(account1,account2,2),1)

2
-balance(account2,10)
-balance(account1,10)
+balance(account2,12)
+balance(account1,8)
serviceFee(account2,1)
serviceFee(account1,1)
minimumBalance(account2,5)
minimumBalance(account1,5)
happens(transfer(account1,account2,4),2)

3
-balance(account2,12)
-balance(account1,8)
+balance(account2,16)
+balance(account1,4)
serviceFee(account2,1)
serviceFee(account1,1)
minimumBalance(account2,5)
minimumBalance(account1,5)
happens(chargeServiceFee(account1),3)

4
-balance(account1,4)
+serviceFeeCharged(account1)
+balance(account1,3)
balance(account2,16)
serviceFee(account2,1)
serviceFee(account1,1)
minimumBalance(account2,5)
minimumBalance(account1,5)

5
serviceFeeCharged(account1)
balance(account2,16)
balance(account1,3)
serviceFee(account2,1)
serviceFee(account1,1)
minimumBalance(account2,5)
minimumBalance(account1,5)
happens(monthlyReset(account2),5)
happens(monthlyReset(account1),5)

6
-serviceFeeCharged(account1)
balance(account2,16)
balance(account1,3)
serviceFee(account2,1)
serviceFee(account1,1)
minimumBalance(account2,5)
minimumBalance(account1,5)
happens(chargeServiceFee(account1),6)

7
-balance(account1,3)
+serviceFeeCharged(account1)
+balance(account1,2)
balance(account2,16)
serviceFee(account2,1)
serviceFee(account1,1)
minimumBalance(account2,5)
minimumBalance(account1,5)

8
serviceFeeCharged(account1)
balance(account2,16)
balance(account1,2)
serviceFee(account2,1)
serviceFee(account1,1)
minimumBalance(account2,5)
minimumBalance(account1,5)

9
serviceFeeCharged(account1)
balance(account2,16)
balance(account1,2)
serviceFee(account2,1)
serviceFee(account1,1)
minimumBalance(account2,5)
minimumBalance(account1,5)

10
serviceFeeCharged(account1)
balance(account2,16)
balance(account1,2)
serviceFee(account2,1)
serviceFee(account1,1)
minimumBalance(account2,5)
minimumBalance(account1,5)

11
serviceFeeCharged(account1)
balance(account2,16)
balance(account1,2)
serviceFee(account2,1)
serviceFee(account1,1)
minimumBalance(account2,5)
minimumBalance(account1,5)

12
serviceFeeCharged(account1)
balance(account2,16)
balance(account1,2)
serviceFee(account2,1)
serviceFee(account1,1)
minimumBalance(account2,5)
minimumBalance(account1,5)

13
serviceFeeCharged(account1)
balance(account2,16)
balance(account1,2)
serviceFee(account2,1)
serviceFee(account1,1)
minimumBalance(account2,5)
minimumBalance(account1,5)

14
serviceFeeCharged(account1)
balance(account2,16)
balance(account1,2)
serviceFee(account2,1)
serviceFee(account1,1)
minimumBalance(account2,5)
minimumBalance(account1,5)

15
serviceFeeCharged(account1)
balance(account2,16)
balance(account1,2)
serviceFee(account2,1)
serviceFee(account1,1)
minimumBalance(account2,5)
minimumBalance(account1,5)

16
serviceFeeCharged(account1)
balance(account2,16)
balance(account1,2)
serviceFee(account2,1)
serviceFee(account1,1)
minimumBalance(account2,5)
minimumBalance(account1,5)

17
serviceFeeCharged(account1)
balance(account2,16)
balance(account1,2)
serviceFee(account2,1)
serviceFee(account1,1)
minimumBalance(account2,5)
minimumBalance(account1,5)

18
serviceFeeCharged(account1)
balance(account2,16)
balance(account1,2)
serviceFee(account2,1)
serviceFee(account1,1)
minimumBalance(account2,5)
minimumBalance(account1,5)

19
serviceFeeCharged(account1)
balance(account2,16)
balance(account1,2)
serviceFee(account2,1)
serviceFee(account1,1)
minimumBalance(account2,5)
minimumBalance(account1,5)

20
serviceFeeCharged(account1)
balance(account2,16)
balance(account1,2)
serviceFee(account2,1)
serviceFee(account1,1)
minimumBalance(account2,5)
minimumBalance(account1,5)

21
serviceFeeCharged(account1)
balance(account2,16)
balance(account1,2)
serviceFee(account2,1)
serviceFee(account1,1)
minimumBalance(account2,5)
minimumBalance(account1,5)

22
serviceFeeCharged(account1)
balance(account2,16)
balance(account1,2)
serviceFee(account2,1)
serviceFee(account1,1)
minimumBalance(account2,5)
minimumBalance(account1,5)

23
serviceFeeCharged(account1)
balance(account2,16)
balance(account1,2)
serviceFee(account2,1)
serviceFee(account1,1)
minimumBalance(account2,5)
minimumBalance(account1,5)

24
serviceFeeCharged(account1)
balance(account2,16)
balance(account1,2)
serviceFee(account2,1)
serviceFee(account1,1)
minimumBalance(account2,5)
minimumBalance(account1,5)

25
serviceFeeCharged(account1)
balance(account2,16)
balance(account1,2)
serviceFee(account2,1)
serviceFee(account1,1)
minimumBalance(account2,5)
minimumBalance(account1,5)

26
serviceFeeCharged(account1)
balance(account2,16)
balance(account1,2)
serviceFee(account2,1)
serviceFee(account1,1)
minimumBalance(account2,5)
minimumBalance(account1,5)

27
serviceFeeCharged(account1)
balance(account2,16)
balance(account1,2)
serviceFee(account2,1)
serviceFee(account1,1)
minimumBalance(account2,5)
minimumBalance(account1,5)

28
serviceFeeCharged(account1)
balance(account2,16)
balance(account1,2)
serviceFee(account2,1)
serviceFee(account1,1)
minimumBalance(account2,5)
minimumBalance(account1,5)

29
serviceFeeCharged(account1)
balance(account2,16)
balance(account1,2)
serviceFee(account2,1)
serviceFee(account1,1)
minimumBalance(account2,5)
minimumBalance(account1,5)

30
serviceFeeCharged(account1)
balance(account2,16)
balance(account1,2)
serviceFee(account2,1)
serviceFee(account1,1)
minimumBalance(account2,5)
minimumBalance(account1,5)

31
serviceFeeCharged(account1)
balance(account2,16)
balance(account1,2)
serviceFee(account2,1)
serviceFee(account1,1)
minimumBalance(account2,5)
minimumBalance(account1,5)

32
serviceFeeCharged(account1)
balance(account2,16)
balance(account1,2)
serviceFee(account2,1)
serviceFee(account1,1)
minimumBalance(account2,5)
minimumBalance(account1,5)

33
serviceFeeCharged(account1)
balance(account2,16)
balance(account1,2)
serviceFee(account2,1)
serviceFee(account1,1)
minimumBalance(account2,5)
minimumBalance(account1,5)

34
serviceFeeCharged(account1)
balance(account2,16)
balance(account1,2)
serviceFee(account2,1)
serviceFee(account1,1)
minimumBalance(account2,5)
minimumBalance(account1,5)

35
serviceFeeCharged(account1)
balance(account2,16)
balance(account1,2)
serviceFee(account2,1)
serviceFee(account1,1)
minimumBalance(account2,5)
minimumBalance(account1,5)

36
serviceFeeCharged(account1)
balance(account2,16)
balance(account1,2)
serviceFee(account2,1)
serviceFee(account1,1)
minimumBalance(account2,5)
minimumBalance(account1,5)

37
serviceFeeCharged(account1)
balance(account2,16)
balance(account1,2)
serviceFee(account2,1)
serviceFee(account1,1)
minimumBalance(account2,5)
minimumBalance(account1,5)

38
serviceFeeCharged(account1)
balance(account2,16)
balance(account1,2)
serviceFee(account2,1)
serviceFee(account1,1)
minimumBalance(account2,5)
minimumBalance(account1,5)

39
serviceFeeCharged(account1)
balance(account2,16)
balance(account1,2)
serviceFee(account2,1)
serviceFee(account1,1)
minimumBalance(account2,5)
minimumBalance(account1,5)

40
serviceFeeCharged(account1)
balance(account2,16)
balance(account1,2)
serviceFee(account2,1)
serviceFee(account1,1)
minimumBalance(account2,5)
minimumBalance(account1,5)

41
serviceFeeCharged(account1)
balance(account2,16)
balance(account1,2)
serviceFee(account2,1)
serviceFee(account1,1)
minimumBalance(account2,5)
minimumBalance(account1,5)

42
serviceFeeCharged(account1)
balance(account2,16)
balance(account1,2)
serviceFee(account2,1)
serviceFee(account1,1)
minimumBalance(account2,5)
minimumBalance(account1,5)

43
serviceFeeCharged(account1)
balance(account2,16)
balance(account1,2)
serviceFee(account2,1)
serviceFee(account1,1)
minimumBalance(account2,5)
minimumBalance(account1,5)

44
serviceFeeCharged(account1)
balance(account2,16)
balance(account1,2)
serviceFee(account2,1)
serviceFee(account1,1)
minimumBalance(account2,5)
minimumBalance(account1,5)

45
serviceFeeCharged(account1)
balance(account2,16)
balance(account1,2)
serviceFee(account2,1)
serviceFee(account1,1)
minimumBalance(account2,5)
minimumBalance(account1,5)

46
serviceFeeCharged(account1)
balance(account2,16)
balance(account1,2)
serviceFee(account2,1)
serviceFee(account1,1)
minimumBalance(account2,5)
minimumBalance(account1,5)

47
serviceFeeCharged(account1)
balance(account2,16)
balance(account1,2)
serviceFee(account2,1)
serviceFee(account1,1)
minimumBalance(account2,5)
minimumBalance(account1,5)

48
serviceFeeCharged(account1)
balance(account2,16)
balance(account1,2)
serviceFee(account2,1)
serviceFee(account1,1)
minimumBalance(account2,5)
minimumBalance(account1,5)

49
serviceFeeCharged(account1)
balance(account2,16)
balance(account1,2)
serviceFee(account2,1)
serviceFee(account1,1)
minimumBalance(account2,5)
minimumBalance(account1,5)

50
serviceFeeCharged(account1)
balance(account2,16)
balance(account1,2)
serviceFee(account2,1)
serviceFee(account1,1)
minimumBalance(account2,5)
minimumBalance(account1,5)

51
serviceFeeCharged(account1)
balance(account2,16)
balance(account1,2)
serviceFee(account2,1)
serviceFee(account1,1)
minimumBalance(account2,5)
minimumBalance(account1,5)

52
serviceFeeCharged(account1)
balance(account2,16)
balance(account1,2)
serviceFee(account2,1)
serviceFee(account1,1)
minimumBalance(account2,5)
minimumBalance(account1,5)

53
serviceFeeCharged(account1)
balance(account2,16)
balance(account1,2)
serviceFee(account2,1)
serviceFee(account1,1)
minimumBalance(account2,5)
minimumBalance(account1,5)

54
serviceFeeCharged(account1)
balance(account2,16)
balance(account1,2)
serviceFee(account2,1)
serviceFee(account1,1)
minimumBalance(account2,5)
minimumBalance(account1,5)

55
serviceFeeCharged(account1)
balance(account2,16)
balance(account1,2)
serviceFee(account2,1)
serviceFee(account1,1)
minimumBalance(account2,5)
minimumBalance(account1,5)

56
serviceFeeCharged(account1)
balance(account2,16)
balance(account1,2)
serviceFee(account2,1)
serviceFee(account1,1)
minimumBalance(account2,5)
minimumBalance(account1,5)

57
serviceFeeCharged(account1)
balance(account2,16)
balance(account1,2)
serviceFee(account2,1)
serviceFee(account1,1)
minimumBalance(account2,5)
minimumBalance(account1,5)

58
serviceFeeCharged(account1)
balance(account2,16)
balance(account1,2)
serviceFee(account2,1)
serviceFee(account1,1)
minimumBalance(account2,5)
minimumBalance(account1,5)

59
serviceFeeCharged(account1)
balance(account2,16)
balance(account1,2)
serviceFee(account2,1)
serviceFee(account1,1)
minimumBalance(account2,5)
minimumBalance(account1,5)

60
serviceFeeCharged(account1)
balance(account2,16)
balance(account1,2)
serviceFee(account2,1)
serviceFee(account1,1)
minimumBalance(account2,5)
minimumBalance(account1,5)

61
serviceFeeCharged(account1)
balance(account2,16)
balance(account1,2)
serviceFee(account2,1)
serviceFee(account1,1)
minimumBalance(account2,5)
minimumBalance(account1,5)

62
serviceFeeCharged(account1)
balance(account2,16)
balance(account1,2)
serviceFee(account2,1)
serviceFee(account1,1)
minimumBalance(account2,5)
minimumBalance(account1,5)

63
serviceFeeCharged(account1)
balance(account2,16)
balance(account1,2)
serviceFee(account2,1)
serviceFee(account1,1)
minimumBalance(account2,5)
minimumBalance(account1,5)

64
serviceFeeCharged(account1)
balance(account2,16)
balance(account1,2)
serviceFee(account2,1)
serviceFee(account1,1)
minimumBalance(account2,5)
minimumBalance(account1,5)

65
serviceFeeCharged(account1)
balance(account2,16)
balance(account1,2)
serviceFee(account2,1)
serviceFee(account1,1)
minimumBalance(account2,5)
minimumBalance(account1,5)

66
serviceFeeCharged(account1)
balance(account2,16)
balance(account1,2)
serviceFee(account2,1)
serviceFee(account1,1)
minimumBalance(account2,5)
minimumBalance(account1,5)

67
serviceFeeCharged(account1)
balance(account2,16)
balance(account1,2)
serviceFee(account2,1)
serviceFee(account1,1)
minimumBalance(account2,5)
minimumBalance(account1,5)

68
serviceFeeCharged(account1)
balance(account2,16)
balance(account1,2)
serviceFee(account2,1)
serviceFee(account1,1)
minimumBalance(account2,5)
minimumBalance(account1,5)

69
serviceFeeCharged(account1)
balance(account2,16)
balance(account1,2)
serviceFee(account2,1)
serviceFee(account1,1)
minimumBalance(account2,5)
minimumBalance(account1,5)

70
serviceFeeCharged(account1)
balance(account2,16)
balance(account1,2)
serviceFee(account2,1)
serviceFee(account1,1)
minimumBalance(account2,5)
minimumBalance(account1,5)

71
serviceFeeCharged(account1)
balance(account2,16)
balance(account1,2)
serviceFee(account2,1)
serviceFee(account1,1)
minimumBalance(account2,5)
minimumBalance(account1,5)

72
serviceFeeCharged(account1)
balance(account2,16)
balance(account1,2)
serviceFee(account2,1)
serviceFee(account1,1)
minimumBalance(account2,5)
minimumBalance(account1,5)

73
serviceFeeCharged(account1)
balance(account2,16)
balance(account1,2)
serviceFee(account2,1)
serviceFee(account1,1)
minimumBalance(account2,5)
minimumBalance(account1,5)

74
serviceFeeCharged(account1)
balance(account2,16)
balance(account1,2)
serviceFee(account2,1)
serviceFee(account1,1)
minimumBalance(account2,5)
minimumBalance(account1,5)

75
serviceFeeCharged(account1)
balance(account2,16)
balance(account1,2)
serviceFee(account2,1)
serviceFee(account1,1)
minimumBalance(account2,5)
minimumBalance(account1,5)

76
serviceFeeCharged(account1)
balance(account2,16)
balance(account1,2)
serviceFee(account2,1)
serviceFee(account1,1)
minimumBalance(account2,5)
minimumBalance(account1,5)

77
serviceFeeCharged(account1)
balance(account2,16)
balance(account1,2)
serviceFee(account2,1)
serviceFee(account1,1)
minimumBalance(account2,5)
minimumBalance(account1,5)

78
serviceFeeCharged(account1)
balance(account2,16)
balance(account1,2)
serviceFee(account2,1)
serviceFee(account1,1)
minimumBalance(account2,5)
minimumBalance(account1,5)

79
serviceFeeCharged(account1)
balance(account2,16)
balance(account1,2)
serviceFee(account2,1)
serviceFee(account1,1)
minimumBalance(account2,5)
minimumBalance(account1,5)

80
serviceFeeCharged(account1)
balance(account2,16)
balance(account1,2)
serviceFee(account2,1)
serviceFee(account1,1)
minimumBalance(account2,5)
minimumBalance(account1,5)

81
serviceFeeCharged(account1)
balance(account2,16)
balance(account1,2)
serviceFee(account2,1)
serviceFee(account1,1)
minimumBalance(account2,5)
minimumBalance(account1,5)

82
serviceFeeCharged(account1)
balance(account2,16)
balance(account1,2)
serviceFee(account2,1)
serviceFee(account1,1)
minimumBalance(account2,5)
minimumBalance(account1,5)

83
serviceFeeCharged(account1)
balance(account2,16)
balance(account1,2)
serviceFee(account2,1)
serviceFee(account1,1)
minimumBalance(account2,5)
minimumBalance(account1,5)

84
serviceFeeCharged(account1)
balance(account2,16)
balance(account1,2)
serviceFee(account2,1)
serviceFee(account1,1)
minimumBalance(account2,5)
minimumBalance(account1,5)

85
serviceFeeCharged(account1)
balance(account2,16)
balance(account1,2)
serviceFee(account2,1)
serviceFee(account1,1)
minimumBalance(account2,5)
minimumBalance(account1,5)

86
serviceFeeCharged(account1)
balance(account2,16)
balance(account1,2)
serviceFee(account2,1)
serviceFee(account1,1)
minimumBalance(account2,5)
minimumBalance(account1,5)

87
serviceFeeCharged(account1)
balance(account2,16)
balance(account1,2)
serviceFee(account2,1)
serviceFee(account1,1)
minimumBalance(account2,5)
minimumBalance(account1,5)

88
serviceFeeCharged(account1)
balance(account2,16)
balance(account1,2)
serviceFee(account2,1)
serviceFee(account1,1)
minimumBalance(account2,5)
minimumBalance(account1,5)

89
serviceFeeCharged(account1)
balance(account2,16)
balance(account1,2)
serviceFee(account2,1)
serviceFee(account1,1)
minimumBalance(account2,5)
minimumBalance(account1,5)

90
serviceFeeCharged(account1)
balance(account2,16)
balance(account1,2)
serviceFee(account2,1)
serviceFee(account1,1)
minimumBalance(account2,5)
minimumBalance(account1,5)

91
serviceFeeCharged(account1)
balance(account2,16)
balance(account1,2)
serviceFee(account2,1)
serviceFee(account1,1)
minimumBalance(account2,5)
minimumBalance(account1,5)

92
serviceFeeCharged(account1)
balance(account2,16)
balance(account1,2)
serviceFee(account2,1)
serviceFee(account1,1)
minimumBalance(account2,5)
minimumBalance(account1,5)

93
serviceFeeCharged(account1)
balance(account2,16)
balance(account1,2)
serviceFee(account2,1)
serviceFee(account1,1)
minimumBalance(account2,5)
minimumBalance(account1,5)

94
serviceFeeCharged(account1)
balance(account2,16)
balance(account1,2)
serviceFee(account2,1)
serviceFee(account1,1)
minimumBalance(account2,5)
minimumBalance(account1,5)

95
serviceFeeCharged(account1)
balance(account2,16)
balance(account1,2)
serviceFee(account2,1)
serviceFee(account1,1)
minimumBalance(account2,5)
minimumBalance(account1,5)

96
serviceFeeCharged(account1)
balance(account2,16)
balance(account1,2)
serviceFee(account2,1)
serviceFee(account1,1)
minimumBalance(account2,5)
minimumBalance(account1,5)

97
serviceFeeCharged(account1)
balance(account2,16)
balance(account1,2)
serviceFee(account2,1)
serviceFee(account1,1)
minimumBalance(account2,5)
minimumBalance(account1,5)

98
serviceFeeCharged(account1)
balance(account2,16)
balance(account1,2)
serviceFee(account2,1)
serviceFee(account1,1)
minimumBalance(account2,5)
minimumBalance(account1,5)

99
serviceFeeCharged(account1)
balance(account2,16)
balance(account1,2)
serviceFee(account2,1)
serviceFee(account1,1)
minimumBalance(account2,5)
minimumBalance(account1,5)

100
serviceFeeCharged(account1)
balance(account2,16)
balance(account1,2)
serviceFee(account2,1)
serviceFee(account1,1)
minimumBalance(account2,5)
minimumBalance(account1,5)

101
serviceFeeCharged(account1)
balance(account2,16)
balance(account1,2)
serviceFee(account2,1)
serviceFee(account1,1)
minimumBalance(account2,5)
minimumBalance(account1,5)

102
serviceFeeCharged(account1)
balance(account2,16)
balance(account1,2)
serviceFee(account2,1)
serviceFee(account1,1)
minimumBalance(account2,5)
minimumBalance(account1,5)

103
serviceFeeCharged(account1)
balance(account2,16)
balance(account1,2)
serviceFee(account2,1)
serviceFee(account1,1)
minimumBalance(account2,5)
minimumBalance(account1,5)

104
serviceFeeCharged(account1)
balance(account2,16)
balance(account1,2)
serviceFee(account2,1)
serviceFee(account1,1)
minimumBalance(account2,5)
minimumBalance(account1,5)

105
serviceFeeCharged(account1)
balance(account2,16)
balance(account1,2)
serviceFee(account2,1)
serviceFee(account1,1)
minimumBalance(account2,5)
minimumBalance(account1,5)

106
serviceFeeCharged(account1)
balance(account2,16)
balance(account1,2)
serviceFee(account2,1)
serviceFee(account1,1)
minimumBalance(account2,5)
minimumBalance(account1,5)

107
serviceFeeCharged(account1)
balance(account2,16)
balance(account1,2)
serviceFee(account2,1)
serviceFee(account1,1)
minimumBalance(account2,5)
minimumBalance(account1,5)

108
serviceFeeCharged(account1)
balance(account2,16)
balance(account1,2)
serviceFee(account2,1)
serviceFee(account1,1)
minimumBalance(account2,5)
minimumBalance(account1,5)

109
serviceFeeCharged(account1)
balance(account2,16)
balance(account1,2)
serviceFee(account2,1)
serviceFee(account1,1)
minimumBalance(account2,5)
minimumBalance(account1,5)

110
serviceFeeCharged(account1)
balance(account2,16)
balance(account1,2)
serviceFee(account2,1)
serviceFee(account1,1)
minimumBalance(account2,5)
minimumBalance(account1,5)

111
serviceFeeCharged(account1)
balance(account2,16)
balance(account1,2)
serviceFee(account2,1)
serviceFee(account1,1)
minimumBalance(account2,5)
minimumBalance(account1,5)

112
serviceFeeCharged(account1)
balance(account2,16)
balance(account1,2)
serviceFee(account2,1)
serviceFee(account1,1)
minimumBalance(account2,5)
minimumBalance(account1,5)

113
serviceFeeCharged(account1)
balance(account2,16)
balance(account1,2)
serviceFee(account2,1)
serviceFee(account1,1)
minimumBalance(account2,5)
minimumBalance(account1,5)

114
serviceFeeCharged(account1)
balance(account2,16)
balance(account1,2)
serviceFee(account2,1)
serviceFee(account1,1)
minimumBalance(account2,5)
minimumBalance(account1,5)

115
serviceFeeCharged(account1)
balance(account2,16)
balance(account1,2)
serviceFee(account2,1)
serviceFee(account1,1)
minimumBalance(account2,5)
minimumBalance(account1,5)

116
serviceFeeCharged(account1)
balance(account2,16)
balance(account1,2)
serviceFee(account2,1)
serviceFee(account1,1)
minimumBalance(account2,5)
minimumBalance(account1,5)

117
serviceFeeCharged(account1)
balance(account2,16)
balance(account1,2)
serviceFee(account2,1)
serviceFee(account1,1)
minimumBalance(account2,5)
minimumBalance(account1,5)

118
serviceFeeCharged(account1)
balance(account2,16)
balance(account1,2)
serviceFee(account2,1)
serviceFee(account1,1)
minimumBalance(account2,5)
minimumBalance(account1,5)

119
serviceFeeCharged(account1)
balance(account2,16)
balance(account1,2)
serviceFee(account2,1)
serviceFee(account1,1)
minimumBalance(account2,5)
minimumBalance(account1,5)

120
serviceFeeCharged(account1)
balance(account2,16)
balance(account1,2)
serviceFee(account2,1)
serviceFee(account1,1)
minimumBalance(account2,5)
minimumBalance(account1,5)

121
serviceFeeCharged(account1)
balance(account2,16)
balance(account1,2)
serviceFee(account2,1)
serviceFee(account1,1)
minimumBalance(account2,5)
minimumBalance(account1,5)

122
serviceFeeCharged(account1)
balance(account2,16)
balance(account1,2)
serviceFee(account2,1)
serviceFee(account1,1)
minimumBalance(account2,5)
minimumBalance(account1,5)

123
serviceFeeCharged(account1)
balance(account2,16)
balance(account1,2)
serviceFee(account2,1)
serviceFee(account1,1)
minimumBalance(account2,5)
minimumBalance(account1,5)

124
serviceFeeCharged(account1)
balance(account2,16)
balance(account1,2)
serviceFee(account2,1)
serviceFee(account1,1)
minimumBalance(account2,5)
minimumBalance(account1,5)

125
serviceFeeCharged(account1)
balance(account2,16)
balance(account1,2)
serviceFee(account2,1)
serviceFee(account1,1)
minimumBalance(account2,5)
minimumBalance(account1,5)

126
serviceFeeCharged(account1)
balance(account2,16)
balance(account1,2)
serviceFee(account2,1)
serviceFee(account1,1)
minimumBalance(account2,5)
minimumBalance(account1,5)

127
serviceFeeCharged(account1)
balance(account2,16)
balance(account1,2)
serviceFee(account2,1)
serviceFee(account1,1)
minimumBalance(account2,5)
minimumBalance(account1,5)

128
serviceFeeCharged(account1)
balance(account2,16)
balance(account1,2)
serviceFee(account2,1)
serviceFee(account1,1)
minimumBalance(account2,5)
minimumBalance(account1,5)

129
serviceFeeCharged(account1)
balance(account2,16)
balance(account1,2)
serviceFee(account2,1)
serviceFee(account1,1)
minimumBalance(account2,5)
minimumBalance(account1,5)

130
serviceFeeCharged(account1)
balance(account2,16)
balance(account1,2)
serviceFee(account2,1)
serviceFee(account1,1)
minimumBalance(account2,5)
minimumBalance(account1,5)

131
serviceFeeCharged(account1)
balance(account2,16)
balance(account1,2)
serviceFee(account2,1)
serviceFee(account1,1)
minimumBalance(account2,5)
minimumBalance(account1,5)

132
serviceFeeCharged(account1)
balance(account2,16)
balance(account1,2)
serviceFee(account2,1)
serviceFee(account1,1)
minimumBalance(account2,5)
minimumBalance(account1,5)

133
serviceFeeCharged(account1)
balance(account2,16)
balance(account1,2)
serviceFee(account2,1)
serviceFee(account1,1)
minimumBalance(account2,5)
minimumBalance(account1,5)

134
serviceFeeCharged(account1)
balance(account2,16)
balance(account1,2)
serviceFee(account2,1)
serviceFee(account1,1)
minimumBalance(account2,5)
minimumBalance(account1,5)

135
serviceFeeCharged(account1)
balance(account2,16)
balance(account1,2)
serviceFee(account2,1)
serviceFee(account1,1)
minimumBalance(account2,5)
minimumBalance(account1,5)

136
serviceFeeCharged(account1)
balance(account2,16)
balance(account1,2)
serviceFee(account2,1)
serviceFee(account1,1)
minimumBalance(account2,5)
minimumBalance(account1,5)

137
serviceFeeCharged(account1)
balance(account2,16)
balance(account1,2)
serviceFee(account2,1)
serviceFee(account1,1)
minimumBalance(account2,5)
minimumBalance(account1,5)

138
serviceFeeCharged(account1)
balance(account2,16)
balance(account1,2)
serviceFee(account2,1)
serviceFee(account1,1)
minimumBalance(account2,5)
minimumBalance(account1,5)

139
serviceFeeCharged(account1)
balance(account2,16)
balance(account1,2)
serviceFee(account2,1)
serviceFee(account1,1)
minimumBalance(account2,5)
minimumBalance(account1,5)

140
serviceFeeCharged(account1)
balance(account2,16)
balance(account1,2)
serviceFee(account2,1)
serviceFee(account1,1)
minimumBalance(account2,5)
minimumBalance(account1,5)

141
serviceFeeCharged(account1)
balance(account2,16)
balance(account1,2)
serviceFee(account2,1)
serviceFee(account1,1)
minimumBalance(account2,5)
minimumBalance(account1,5)

142
serviceFeeCharged(account1)
balance(account2,16)
balance(account1,2)
serviceFee(account2,1)
serviceFee(account1,1)
minimumBalance(account2,5)
minimumBalance(account1,5)

143
serviceFeeCharged(account1)
balance(account2,16)
balance(account1,2)
serviceFee(account2,1)
serviceFee(account1,1)
minimumBalance(account2,5)
minimumBalance(account1,5)

144
serviceFeeCharged(account1)
balance(account2,16)
balance(account1,2)
serviceFee(account2,1)
serviceFee(account1,1)
minimumBalance(account2,5)
minimumBalance(account1,5)

145
serviceFeeCharged(account1)
balance(account2,16)
balance(account1,2)
serviceFee(account2,1)
serviceFee(account1,1)
minimumBalance(account2,5)
minimumBalance(account1,5)

146
serviceFeeCharged(account1)
balance(account2,16)
balance(account1,2)
serviceFee(account2,1)
serviceFee(account1,1)
minimumBalance(account2,5)
minimumBalance(account1,5)

147
serviceFeeCharged(account1)
balance(account2,16)
balance(account1,2)
serviceFee(account2,1)
serviceFee(account1,1)
minimumBalance(account2,5)
minimumBalance(account1,5)

148
serviceFeeCharged(account1)
balance(account2,16)
balance(account1,2)
serviceFee(account2,1)
serviceFee(account1,1)
minimumBalance(account2,5)
minimumBalance(account1,5)

149
serviceFeeCharged(account1)
balance(account2,16)
balance(account1,2)
serviceFee(account2,1)
serviceFee(account1,1)
minimumBalance(account2,5)
minimumBalance(account1,5)

150
serviceFeeCharged(account1)
balance(account2,16)
balance(account1,2)
serviceFee(account2,1)
serviceFee(account1,1)
minimumBalance(account2,5)
minimumBalance(account1,5)

151
serviceFeeCharged(account1)
balance(account2,16)
balance(account1,2)
serviceFee(account2,1)
serviceFee(account1,1)
minimumBalance(account2,5)
minimumBalance(account1,5)

152
serviceFeeCharged(account1)
balance(account2,16)
balance(account1,2)
serviceFee(account2,1)
serviceFee(account1,1)
minimumBalance(account2,5)
minimumBalance(account1,5)

153
serviceFeeCharged(account1)
balance(account2,16)
balance(account1,2)
serviceFee(account2,1)
serviceFee(account1,1)
minimumBalance(account2,5)
minimumBalance(account1,5)

154
serviceFeeCharged(account1)
balance(account2,16)
balance(account1,2)
serviceFee(account2,1)
serviceFee(account1,1)
minimumBalance(account2,5)
minimumBalance(account1,5)

155
serviceFeeCharged(account1)
balance(account2,16)
balance(account1,2)
serviceFee(account2,1)
serviceFee(account1,1)
minimumBalance(account2,5)
minimumBalance(account1,5)

156
serviceFeeCharged(account1)
balance(account2,16)
balance(account1,2)
serviceFee(account2,1)
serviceFee(account1,1)
minimumBalance(account2,5)
minimumBalance(account1,5)

157
serviceFeeCharged(account1)
balance(account2,16)
balance(account1,2)
serviceFee(account2,1)
serviceFee(account1,1)
minimumBalance(account2,5)
minimumBalance(account1,5)

158
serviceFeeCharged(account1)
balance(account2,16)
balance(account1,2)
serviceFee(account2,1)
serviceFee(account1,1)
minimumBalance(account2,5)
minimumBalance(account1,5)

159
serviceFeeCharged(account1)
balance(account2,16)
balance(account1,2)
serviceFee(account2,1)
serviceFee(account1,1)
minimumBalance(account2,5)
minimumBalance(account1,5)

160
serviceFeeCharged(account1)
balance(account2,16)
balance(account1,2)
serviceFee(account2,1)
serviceFee(account1,1)
minimumBalance(account2,5)
minimumBalance(account1,5)
P ... predicate grounding skipped ...

  real      3:45.31
  real [s]  225.31
  user [s]  218.50
  sys  [s]  7.93
  mem  [KB] 3112248
  avgm [KB] 0
