$ clingo -c maxtime=80 -c maxmoney=20 -n 0 ../axioms/bec_clingo.pl ./model.pl | ../utils/format-output/format-output-rework | ../utils/remove_grounding.sh


../axioms/bec_clingo.pl:17:5-31: info: atom does not occur in any rule head:
  releases(Event,Fluent,T)

../axioms/bec_clingo.pl:30:5-31: info: atom does not occur in any rule head:
  releases(Event,Fluent,T)

../axioms/bec_clingo.pl:39:5-41: info: atom does not occur in any rule head:
  trajectory(Fluent1,T1,Fluent2,T2)


==========
Answer: 1

0
serviceFee(account2,1)
serviceFee(account1,1)
minimumBalance(account2,5)
minimumBalance(account1,5)
balance(account2,10)
balance(account1,10)

1
serviceFee(account2,1)
serviceFee(account1,1)
minimumBalance(account2,5)
minimumBalance(account1,5)
balance(account2,10)
balance(account1,10)
happens(transfer(account1,account2,2),1)

2
-balance(account2,10)
-balance(account1,10)
+balance(account2,12)
+balance(account1,8)
serviceFee(account2,1)
serviceFee(account1,1)
minimumBalance(account2,5)
minimumBalance(account1,5)
happens(transfer(account1,account2,4),2)

3
-balance(account2,12)
-balance(account1,8)
+balance(account2,16)
+balance(account1,4)
serviceFee(account2,1)
serviceFee(account1,1)
minimumBalance(account2,5)
minimumBalance(account1,5)
happens(chargeServiceFee(account1),3)

4
-balance(account1,4)
+serviceFeeCharged(account1)
+balance(account1,3)
balance(account2,16)
serviceFee(account2,1)
serviceFee(account1,1)
minimumBalance(account2,5)
minimumBalance(account1,5)

5
serviceFeeCharged(account1)
balance(account2,16)
balance(account1,3)
serviceFee(account2,1)
serviceFee(account1,1)
minimumBalance(account2,5)
minimumBalance(account1,5)
happens(monthlyReset(account2),5)
happens(monthlyReset(account1),5)

6
-serviceFeeCharged(account1)
balance(account2,16)
balance(account1,3)
serviceFee(account2,1)
serviceFee(account1,1)
minimumBalance(account2,5)
minimumBalance(account1,5)
happens(chargeServiceFee(account1),6)

7
-balance(account1,3)
+serviceFeeCharged(account1)
+balance(account1,2)
balance(account2,16)
serviceFee(account2,1)
serviceFee(account1,1)
minimumBalance(account2,5)
minimumBalance(account1,5)

8
serviceFeeCharged(account1)
balance(account2,16)
balance(account1,2)
serviceFee(account2,1)
serviceFee(account1,1)
minimumBalance(account2,5)
minimumBalance(account1,5)

9
serviceFeeCharged(account1)
balance(account2,16)
balance(account1,2)
serviceFee(account2,1)
serviceFee(account1,1)
minimumBalance(account2,5)
minimumBalance(account1,5)

10
serviceFeeCharged(account1)
balance(account2,16)
balance(account1,2)
serviceFee(account2,1)
serviceFee(account1,1)
minimumBalance(account2,5)
minimumBalance(account1,5)

11
serviceFeeCharged(account1)
balance(account2,16)
balance(account1,2)
serviceFee(account2,1)
serviceFee(account1,1)
minimumBalance(account2,5)
minimumBalance(account1,5)

12
serviceFeeCharged(account1)
balance(account2,16)
balance(account1,2)
serviceFee(account2,1)
serviceFee(account1,1)
minimumBalance(account2,5)
minimumBalance(account1,5)

13
serviceFeeCharged(account1)
balance(account2,16)
balance(account1,2)
serviceFee(account2,1)
serviceFee(account1,1)
minimumBalance(account2,5)
minimumBalance(account1,5)

14
serviceFeeCharged(account1)
balance(account2,16)
balance(account1,2)
serviceFee(account2,1)
serviceFee(account1,1)
minimumBalance(account2,5)
minimumBalance(account1,5)

15
serviceFeeCharged(account1)
balance(account2,16)
balance(account1,2)
serviceFee(account2,1)
serviceFee(account1,1)
minimumBalance(account2,5)
minimumBalance(account1,5)

16
serviceFeeCharged(account1)
balance(account2,16)
balance(account1,2)
serviceFee(account2,1)
serviceFee(account1,1)
minimumBalance(account2,5)
minimumBalance(account1,5)

17
serviceFeeCharged(account1)
balance(account2,16)
balance(account1,2)
serviceFee(account2,1)
serviceFee(account1,1)
minimumBalance(account2,5)
minimumBalance(account1,5)

18
serviceFeeCharged(account1)
balance(account2,16)
balance(account1,2)
serviceFee(account2,1)
serviceFee(account1,1)
minimumBalance(account2,5)
minimumBalance(account1,5)

19
serviceFeeCharged(account1)
balance(account2,16)
balance(account1,2)
serviceFee(account2,1)
serviceFee(account1,1)
minimumBalance(account2,5)
minimumBalance(account1,5)

20
serviceFeeCharged(account1)
balance(account2,16)
balance(account1,2)
serviceFee(account2,1)
serviceFee(account1,1)
minimumBalance(account2,5)
minimumBalance(account1,5)

21
serviceFeeCharged(account1)
balance(account2,16)
balance(account1,2)
serviceFee(account2,1)
serviceFee(account1,1)
minimumBalance(account2,5)
minimumBalance(account1,5)

22
serviceFeeCharged(account1)
balance(account2,16)
balance(account1,2)
serviceFee(account2,1)
serviceFee(account1,1)
minimumBalance(account2,5)
minimumBalance(account1,5)

23
serviceFeeCharged(account1)
balance(account2,16)
balance(account1,2)
serviceFee(account2,1)
serviceFee(account1,1)
minimumBalance(account2,5)
minimumBalance(account1,5)

24
serviceFeeCharged(account1)
balance(account2,16)
balance(account1,2)
serviceFee(account2,1)
serviceFee(account1,1)
minimumBalance(account2,5)
minimumBalance(account1,5)

25
serviceFeeCharged(account1)
balance(account2,16)
balance(account1,2)
serviceFee(account2,1)
serviceFee(account1,1)
minimumBalance(account2,5)
minimumBalance(account1,5)

26
serviceFeeCharged(account1)
balance(account2,16)
balance(account1,2)
serviceFee(account2,1)
serviceFee(account1,1)
minimumBalance(account2,5)
minimumBalance(account1,5)

27
serviceFeeCharged(account1)
balance(account2,16)
balance(account1,2)
serviceFee(account2,1)
serviceFee(account1,1)
minimumBalance(account2,5)
minimumBalance(account1,5)

28
serviceFeeCharged(account1)
balance(account2,16)
balance(account1,2)
serviceFee(account2,1)
serviceFee(account1,1)
minimumBalance(account2,5)
minimumBalance(account1,5)

29
serviceFeeCharged(account1)
balance(account2,16)
balance(account1,2)
serviceFee(account2,1)
serviceFee(account1,1)
minimumBalance(account2,5)
minimumBalance(account1,5)

30
serviceFeeCharged(account1)
balance(account2,16)
balance(account1,2)
serviceFee(account2,1)
serviceFee(account1,1)
minimumBalance(account2,5)
minimumBalance(account1,5)

31
serviceFeeCharged(account1)
balance(account2,16)
balance(account1,2)
serviceFee(account2,1)
serviceFee(account1,1)
minimumBalance(account2,5)
minimumBalance(account1,5)

32
serviceFeeCharged(account1)
balance(account2,16)
balance(account1,2)
serviceFee(account2,1)
serviceFee(account1,1)
minimumBalance(account2,5)
minimumBalance(account1,5)

33
serviceFeeCharged(account1)
balance(account2,16)
balance(account1,2)
serviceFee(account2,1)
serviceFee(account1,1)
minimumBalance(account2,5)
minimumBalance(account1,5)

34
serviceFeeCharged(account1)
balance(account2,16)
balance(account1,2)
serviceFee(account2,1)
serviceFee(account1,1)
minimumBalance(account2,5)
minimumBalance(account1,5)

35
serviceFeeCharged(account1)
balance(account2,16)
balance(account1,2)
serviceFee(account2,1)
serviceFee(account1,1)
minimumBalance(account2,5)
minimumBalance(account1,5)

36
serviceFeeCharged(account1)
balance(account2,16)
balance(account1,2)
serviceFee(account2,1)
serviceFee(account1,1)
minimumBalance(account2,5)
minimumBalance(account1,5)

37
serviceFeeCharged(account1)
balance(account2,16)
balance(account1,2)
serviceFee(account2,1)
serviceFee(account1,1)
minimumBalance(account2,5)
minimumBalance(account1,5)

38
serviceFeeCharged(account1)
balance(account2,16)
balance(account1,2)
serviceFee(account2,1)
serviceFee(account1,1)
minimumBalance(account2,5)
minimumBalance(account1,5)

39
serviceFeeCharged(account1)
balance(account2,16)
balance(account1,2)
serviceFee(account2,1)
serviceFee(account1,1)
minimumBalance(account2,5)
minimumBalance(account1,5)

40
serviceFeeCharged(account1)
balance(account2,16)
balance(account1,2)
serviceFee(account2,1)
serviceFee(account1,1)
minimumBalance(account2,5)
minimumBalance(account1,5)

41
serviceFeeCharged(account1)
balance(account2,16)
balance(account1,2)
serviceFee(account2,1)
serviceFee(account1,1)
minimumBalance(account2,5)
minimumBalance(account1,5)

42
serviceFeeCharged(account1)
balance(account2,16)
balance(account1,2)
serviceFee(account2,1)
serviceFee(account1,1)
minimumBalance(account2,5)
minimumBalance(account1,5)

43
serviceFeeCharged(account1)
balance(account2,16)
balance(account1,2)
serviceFee(account2,1)
serviceFee(account1,1)
minimumBalance(account2,5)
minimumBalance(account1,5)

44
serviceFeeCharged(account1)
balance(account2,16)
balance(account1,2)
serviceFee(account2,1)
serviceFee(account1,1)
minimumBalance(account2,5)
minimumBalance(account1,5)

45
serviceFeeCharged(account1)
balance(account2,16)
balance(account1,2)
serviceFee(account2,1)
serviceFee(account1,1)
minimumBalance(account2,5)
minimumBalance(account1,5)

46
serviceFeeCharged(account1)
balance(account2,16)
balance(account1,2)
serviceFee(account2,1)
serviceFee(account1,1)
minimumBalance(account2,5)
minimumBalance(account1,5)

47
serviceFeeCharged(account1)
balance(account2,16)
balance(account1,2)
serviceFee(account2,1)
serviceFee(account1,1)
minimumBalance(account2,5)
minimumBalance(account1,5)

48
serviceFeeCharged(account1)
balance(account2,16)
balance(account1,2)
serviceFee(account2,1)
serviceFee(account1,1)
minimumBalance(account2,5)
minimumBalance(account1,5)

49
serviceFeeCharged(account1)
balance(account2,16)
balance(account1,2)
serviceFee(account2,1)
serviceFee(account1,1)
minimumBalance(account2,5)
minimumBalance(account1,5)

50
serviceFeeCharged(account1)
balance(account2,16)
balance(account1,2)
serviceFee(account2,1)
serviceFee(account1,1)
minimumBalance(account2,5)
minimumBalance(account1,5)

51
serviceFeeCharged(account1)
balance(account2,16)
balance(account1,2)
serviceFee(account2,1)
serviceFee(account1,1)
minimumBalance(account2,5)
minimumBalance(account1,5)

52
serviceFeeCharged(account1)
balance(account2,16)
balance(account1,2)
serviceFee(account2,1)
serviceFee(account1,1)
minimumBalance(account2,5)
minimumBalance(account1,5)

53
serviceFeeCharged(account1)
balance(account2,16)
balance(account1,2)
serviceFee(account2,1)
serviceFee(account1,1)
minimumBalance(account2,5)
minimumBalance(account1,5)

54
serviceFeeCharged(account1)
balance(account2,16)
balance(account1,2)
serviceFee(account2,1)
serviceFee(account1,1)
minimumBalance(account2,5)
minimumBalance(account1,5)

55
serviceFeeCharged(account1)
balance(account2,16)
balance(account1,2)
serviceFee(account2,1)
serviceFee(account1,1)
minimumBalance(account2,5)
minimumBalance(account1,5)

56
serviceFeeCharged(account1)
balance(account2,16)
balance(account1,2)
serviceFee(account2,1)
serviceFee(account1,1)
minimumBalance(account2,5)
minimumBalance(account1,5)

57
serviceFeeCharged(account1)
balance(account2,16)
balance(account1,2)
serviceFee(account2,1)
serviceFee(account1,1)
minimumBalance(account2,5)
minimumBalance(account1,5)

58
serviceFeeCharged(account1)
balance(account2,16)
balance(account1,2)
serviceFee(account2,1)
serviceFee(account1,1)
minimumBalance(account2,5)
minimumBalance(account1,5)

59
serviceFeeCharged(account1)
balance(account2,16)
balance(account1,2)
serviceFee(account2,1)
serviceFee(account1,1)
minimumBalance(account2,5)
minimumBalance(account1,5)

60
serviceFeeCharged(account1)
balance(account2,16)
balance(account1,2)
serviceFee(account2,1)
serviceFee(account1,1)
minimumBalance(account2,5)
minimumBalance(account1,5)

61
serviceFeeCharged(account1)
balance(account2,16)
balance(account1,2)
serviceFee(account2,1)
serviceFee(account1,1)
minimumBalance(account2,5)
minimumBalance(account1,5)

62
serviceFeeCharged(account1)
balance(account2,16)
balance(account1,2)
serviceFee(account2,1)
serviceFee(account1,1)
minimumBalance(account2,5)
minimumBalance(account1,5)

63
serviceFeeCharged(account1)
balance(account2,16)
balance(account1,2)
serviceFee(account2,1)
serviceFee(account1,1)
minimumBalance(account2,5)
minimumBalance(account1,5)

64
serviceFeeCharged(account1)
balance(account2,16)
balance(account1,2)
serviceFee(account2,1)
serviceFee(account1,1)
minimumBalance(account2,5)
minimumBalance(account1,5)

65
serviceFeeCharged(account1)
balance(account2,16)
balance(account1,2)
serviceFee(account2,1)
serviceFee(account1,1)
minimumBalance(account2,5)
minimumBalance(account1,5)

66
serviceFeeCharged(account1)
balance(account2,16)
balance(account1,2)
serviceFee(account2,1)
serviceFee(account1,1)
minimumBalance(account2,5)
minimumBalance(account1,5)

67
serviceFeeCharged(account1)
balance(account2,16)
balance(account1,2)
serviceFee(account2,1)
serviceFee(account1,1)
minimumBalance(account2,5)
minimumBalance(account1,5)

68
serviceFeeCharged(account1)
balance(account2,16)
balance(account1,2)
serviceFee(account2,1)
serviceFee(account1,1)
minimumBalance(account2,5)
minimumBalance(account1,5)

69
serviceFeeCharged(account1)
balance(account2,16)
balance(account1,2)
serviceFee(account2,1)
serviceFee(account1,1)
minimumBalance(account2,5)
minimumBalance(account1,5)

70
serviceFeeCharged(account1)
balance(account2,16)
balance(account1,2)
serviceFee(account2,1)
serviceFee(account1,1)
minimumBalance(account2,5)
minimumBalance(account1,5)

71
serviceFeeCharged(account1)
balance(account2,16)
balance(account1,2)
serviceFee(account2,1)
serviceFee(account1,1)
minimumBalance(account2,5)
minimumBalance(account1,5)

72
serviceFeeCharged(account1)
balance(account2,16)
balance(account1,2)
serviceFee(account2,1)
serviceFee(account1,1)
minimumBalance(account2,5)
minimumBalance(account1,5)

73
serviceFeeCharged(account1)
balance(account2,16)
balance(account1,2)
serviceFee(account2,1)
serviceFee(account1,1)
minimumBalance(account2,5)
minimumBalance(account1,5)

74
serviceFeeCharged(account1)
balance(account2,16)
balance(account1,2)
serviceFee(account2,1)
serviceFee(account1,1)
minimumBalance(account2,5)
minimumBalance(account1,5)

75
serviceFeeCharged(account1)
balance(account2,16)
balance(account1,2)
serviceFee(account2,1)
serviceFee(account1,1)
minimumBalance(account2,5)
minimumBalance(account1,5)

76
serviceFeeCharged(account1)
balance(account2,16)
balance(account1,2)
serviceFee(account2,1)
serviceFee(account1,1)
minimumBalance(account2,5)
minimumBalance(account1,5)

77
serviceFeeCharged(account1)
balance(account2,16)
balance(account1,2)
serviceFee(account2,1)
serviceFee(account1,1)
minimumBalance(account2,5)
minimumBalance(account1,5)

78
serviceFeeCharged(account1)
balance(account2,16)
balance(account1,2)
serviceFee(account2,1)
serviceFee(account1,1)
minimumBalance(account2,5)
minimumBalance(account1,5)

79
serviceFeeCharged(account1)
balance(account2,16)
balance(account1,2)
serviceFee(account2,1)
serviceFee(account1,1)
minimumBalance(account2,5)
minimumBalance(account1,5)

80
serviceFeeCharged(account1)
balance(account2,16)
balance(account1,2)
serviceFee(account2,1)
serviceFee(account1,1)
minimumBalance(account2,5)
minimumBalance(account1,5)
P ... predicate grounding skipped ...

  real      0:40.72
  real [s]  40.72
  user [s]  38.88
  sys  [s]  2.14
  mem  [KB] 796840
  avgm [KB] 0
