$ clingo-lpx --strict -n0 ./model.lp ../axioms/bec_steps-clingo_lpx.lp -c maxstep=2 | ../utils/make-readable.sh


clingo-lpx version 1.3.0
Reading from ./model.lp ...
Solving...
Answer: 1
(Time: 0.021s)
happensAtStep(land,2)
happensAtStep(toss,1)
holdsAtStep(up(heads),0)
holdsAtStep(up(heads),1)
holdsAtStep(up(tails),2)
holdsAtStep(up(tails),3)
-holdsAtStep(up(heads),2)
-holdsAtStep(up(heads),3)
-holdsAtStep(up(tails),0)
-holdsAtStep(up(tails),1)
Assignment:
timeAtStep(0)=0
timeAtStep(1)=10
timeAtStep(2)=20
Answer: 2
(Time: 0.021s)
happensAtStep(land,2)
happensAtStep(toss,1)
holdsAtStep(up(heads),0)
holdsAtStep(up(heads),1)
holdsAtStep(up(heads),2)
holdsAtStep(up(heads),3)
-holdsAtStep(up(tails),0)
-holdsAtStep(up(tails),1)
-holdsAtStep(up(tails),2)
-holdsAtStep(up(tails),3)
Assignment:
timeAtStep(0)=0
timeAtStep(1)=10
timeAtStep(2)=20
SATISFIABLE

Models       : 2
Calls        : 1
Time         : 0.021s (Solving: 0.00s 1st Model: 0.00s Unsat: 0.00s)
CPU Time     : 0.010s

../axioms/bec_steps-clingo_lpx.lp:154:42-59: info: atom does not occur in any rule head:
  initiallyPF(F,V)

../axioms/bec_steps-clingo_lpx.lp:155:33-50: info: atom does not occur in any rule head:
  initiallyPF(F,V)

../axioms/bec_steps-clingo_lpx.lp:161:75-120: info: atom does not occur in any rule head:
  initiatesAtStepF(E,F,valueAtStep(F,S1),S)

../axioms/bec_steps-clingo_lpx.lp:162:76-122: info: atom does not occur in any rule head:
  terminatesAtStepF(E,F,valueAtStep(F,S1),S)

../axioms/bec_steps-clingo_lpx.lp:180:73-118: info: atom does not occur in any rule head:
  initiatesAtStepF(E,F,valueAtStep(F,S1),S)

../axioms/bec_steps-clingo_lpx.lp:181:74-120: info: atom does not occur in any rule head:
  terminatesAtStepF(E,F,valueAtStep(F,S1),S)

../axioms/bec_steps-clingo_lpx.lp:230:3-65: info: atom does not occur in any rule head:
  trajectory(Fluent1,S1,Fluent2,valueAtStep(Fluent2,S2),S2)

Command exited with non-zero status 30

  real      0:00.02
  real [s]  0.02
  user [s]  0.00
  sys  [s]  0.00
  mem  [KB] 8448
  avgm [KB] 0
