$ clingo -c maxtime=20 -c maxmoney=20 -n 0 ../axioms/bec_clingo.pl ./model.pl | ../utils/format-output/format-output-rework 1



==========
Answer: 1

0
balance(account2,10)
balance(account1,10)

1
balance(account2,10)
balance(account1,10)
happens(transfer(account1,account2,2),1)

2
-balance(account2,10)
-balance(account1,10)
+balance(account2,12)
+balance(account1,8)
happens(transfer(account1,account2,4),2)

3
-balance(account2,12)
-balance(account1,8)
+balance(account2,16)
+balance(account1,4)

4
balance(account2,16)
balance(account1,4)

5
balance(account2,16)
balance(account1,4)

6
balance(account2,16)
balance(account1,4)

7
balance(account2,16)
balance(account1,4)

8
balance(account2,16)
balance(account1,4)

9
balance(account2,16)
balance(account1,4)

10
balance(account2,16)
balance(account1,4)

11
balance(account2,16)
balance(account1,4)

12
balance(account2,16)
balance(account1,4)

13
balance(account2,16)
balance(account1,4)

14
balance(account2,16)
balance(account1,4)

15
balance(account2,16)
balance(account1,4)

16
balance(account2,16)
balance(account1,4)

17
balance(account2,16)
balance(account1,4)

18
balance(account2,16)
balance(account1,4)

19
balance(account2,16)
balance(account1,4)

20
balance(account2,16)
balance(account1,4)
P
 ... predicate grounding skipped ...

Models       : 1
Calls        : 1
Time         : 3.038s (Solving: 0.01s 1st Model: 0.01s Unsat: 0.00s)
CPU Time     : 3.024s

../axioms/bec_clingo.pl:15:5-31: info: atom does not occur in any rule head:
  releases(Event,Fluent,T)

../axioms/bec_clingo.pl:28:5-31: info: atom does not occur in any rule head:
  releases(Event,Fluent,T)

../axioms/bec_clingo.pl:37:5-41: info: atom does not occur in any rule head:
  trajectory(Fluent1,T1,Fluent2,T2)

Command exited with non-zero status 30

  real      0:03.09
  real [s]  3.09
  user [s]  2.93
  sys  [s]  0.14
  mem  [KB] 69300
  avgm [KB] 0
