$ clingo -c maxtime=320 -c maxmoney=20 -n 0 ../axioms/bec_clingo.pl ./model.pl | ../utils/format-output/format-output-rework 1



==========
Answer: 1

0
balance(account2,10)
balance(account1,10)

1
balance(account2,10)
balance(account1,10)
happens(transfer(account1,account2,2),1)

2
-balance(account2,10)
-balance(account1,10)
+balance(account2,12)
+balance(account1,8)
happens(transfer(account1,account2,4),2)

3
-balance(account2,12)
-balance(account1,8)
+balance(account2,16)
+balance(account1,4)

4
balance(account2,16)
balance(account1,4)

5
balance(account2,16)
balance(account1,4)

6
balance(account2,16)
balance(account1,4)

7
balance(account2,16)
balance(account1,4)

8
balance(account2,16)
balance(account1,4)

9
balance(account2,16)
balance(account1,4)

10
balance(account2,16)
balance(account1,4)

11
balance(account2,16)
balance(account1,4)

12
balance(account2,16)
balance(account1,4)

13
balance(account2,16)
balance(account1,4)

14
balance(account2,16)
balance(account1,4)

15
balance(account2,16)
balance(account1,4)

16
balance(account2,16)
balance(account1,4)

17
balance(account2,16)
balance(account1,4)

18
balance(account2,16)
balance(account1,4)

19
balance(account2,16)
balance(account1,4)

20
balance(account2,16)
balance(account1,4)

21
balance(account2,16)
balance(account1,4)

22
balance(account2,16)
balance(account1,4)

23
balance(account2,16)
balance(account1,4)

24
balance(account2,16)
balance(account1,4)

25
balance(account2,16)
balance(account1,4)

26
balance(account2,16)
balance(account1,4)

27
balance(account2,16)
balance(account1,4)

28
balance(account2,16)
balance(account1,4)

29
balance(account2,16)
balance(account1,4)

30
balance(account2,16)
balance(account1,4)

31
balance(account2,16)
balance(account1,4)

32
balance(account2,16)
balance(account1,4)

33
balance(account2,16)
balance(account1,4)

34
balance(account2,16)
balance(account1,4)

35
balance(account2,16)
balance(account1,4)

36
balance(account2,16)
balance(account1,4)

37
balance(account2,16)
balance(account1,4)

38
balance(account2,16)
balance(account1,4)

39
balance(account2,16)
balance(account1,4)

40
balance(account2,16)
balance(account1,4)

41
balance(account2,16)
balance(account1,4)

42
balance(account2,16)
balance(account1,4)

43
balance(account2,16)
balance(account1,4)

44
balance(account2,16)
balance(account1,4)

45
balance(account2,16)
balance(account1,4)

46
balance(account2,16)
balance(account1,4)

47
balance(account2,16)
balance(account1,4)

48
balance(account2,16)
balance(account1,4)

49
balance(account2,16)
balance(account1,4)

50
balance(account2,16)
balance(account1,4)

51
balance(account2,16)
balance(account1,4)

52
balance(account2,16)
balance(account1,4)

53
balance(account2,16)
balance(account1,4)

54
balance(account2,16)
balance(account1,4)

55
balance(account2,16)
balance(account1,4)

56
balance(account2,16)
balance(account1,4)

57
balance(account2,16)
balance(account1,4)

58
balance(account2,16)
balance(account1,4)

59
balance(account2,16)
balance(account1,4)

60
balance(account2,16)
balance(account1,4)

61
balance(account2,16)
balance(account1,4)

62
balance(account2,16)
balance(account1,4)

63
balance(account2,16)
balance(account1,4)

64
balance(account2,16)
balance(account1,4)

65
balance(account2,16)
balance(account1,4)

66
balance(account2,16)
balance(account1,4)

67
balance(account2,16)
balance(account1,4)

68
balance(account2,16)
balance(account1,4)

69
balance(account2,16)
balance(account1,4)

70
balance(account2,16)
balance(account1,4)

71
balance(account2,16)
balance(account1,4)

72
balance(account2,16)
balance(account1,4)

73
balance(account2,16)
balance(account1,4)

74
balance(account2,16)
balance(account1,4)

75
balance(account2,16)
balance(account1,4)

76
balance(account2,16)
balance(account1,4)

77
balance(account2,16)
balance(account1,4)

78
balance(account2,16)
balance(account1,4)

79
balance(account2,16)
balance(account1,4)

80
balance(account2,16)
balance(account1,4)

81
balance(account2,16)
balance(account1,4)

82
balance(account2,16)
balance(account1,4)

83
balance(account2,16)
balance(account1,4)

84
balance(account2,16)
balance(account1,4)

85
balance(account2,16)
balance(account1,4)

86
balance(account2,16)
balance(account1,4)

87
balance(account2,16)
balance(account1,4)

88
balance(account2,16)
balance(account1,4)

89
balance(account2,16)
balance(account1,4)

90
balance(account2,16)
balance(account1,4)

91
balance(account2,16)
balance(account1,4)

92
balance(account2,16)
balance(account1,4)

93
balance(account2,16)
balance(account1,4)

94
balance(account2,16)
balance(account1,4)

95
balance(account2,16)
balance(account1,4)

96
balance(account2,16)
balance(account1,4)

97
balance(account2,16)
balance(account1,4)

98
balance(account2,16)
balance(account1,4)

99
balance(account2,16)
balance(account1,4)

100
balance(account2,16)
balance(account1,4)

101
balance(account2,16)
balance(account1,4)

102
balance(account2,16)
balance(account1,4)

103
balance(account2,16)
balance(account1,4)

104
balance(account2,16)
balance(account1,4)

105
balance(account2,16)
balance(account1,4)

106
balance(account2,16)
balance(account1,4)

107
balance(account2,16)
balance(account1,4)

108
balance(account2,16)
balance(account1,4)

109
balance(account2,16)
balance(account1,4)

110
balance(account2,16)
balance(account1,4)

111
balance(account2,16)
balance(account1,4)

112
balance(account2,16)
balance(account1,4)

113
balance(account2,16)
balance(account1,4)

114
balance(account2,16)
balance(account1,4)

115
balance(account2,16)
balance(account1,4)

116
balance(account2,16)
balance(account1,4)

117
balance(account2,16)
balance(account1,4)

118
balance(account2,16)
balance(account1,4)

119
balance(account2,16)
balance(account1,4)

120
balance(account2,16)
balance(account1,4)

121
balance(account2,16)
balance(account1,4)

122
balance(account2,16)
balance(account1,4)

123
balance(account2,16)
balance(account1,4)

124
balance(account2,16)
balance(account1,4)

125
balance(account2,16)
balance(account1,4)

126
balance(account2,16)
balance(account1,4)

127
balance(account2,16)
balance(account1,4)

128
balance(account2,16)
balance(account1,4)

129
balance(account2,16)
balance(account1,4)

130
balance(account2,16)
balance(account1,4)

131
balance(account2,16)
balance(account1,4)

132
balance(account2,16)
balance(account1,4)

133
balance(account2,16)
balance(account1,4)

134
balance(account2,16)
balance(account1,4)

135
balance(account2,16)
balance(account1,4)

136
balance(account2,16)
balance(account1,4)

137
balance(account2,16)
balance(account1,4)

138
balance(account2,16)
balance(account1,4)

139
balance(account2,16)
balance(account1,4)

140
balance(account2,16)
balance(account1,4)

141
balance(account2,16)
balance(account1,4)

142
balance(account2,16)
balance(account1,4)

143
balance(account2,16)
balance(account1,4)

144
balance(account2,16)
balance(account1,4)

145
balance(account2,16)
balance(account1,4)

146
balance(account2,16)
balance(account1,4)

147
balance(account2,16)
balance(account1,4)

148
balance(account2,16)
balance(account1,4)

149
balance(account2,16)
balance(account1,4)

150
balance(account2,16)
balance(account1,4)

151
balance(account2,16)
balance(account1,4)

152
balance(account2,16)
balance(account1,4)

153
balance(account2,16)
balance(account1,4)

154
balance(account2,16)
balance(account1,4)

155
balance(account2,16)
balance(account1,4)

156
balance(account2,16)
balance(account1,4)

157
balance(account2,16)
balance(account1,4)

158
balance(account2,16)
balance(account1,4)

159
balance(account2,16)
balance(account1,4)

160
balance(account2,16)
balance(account1,4)

161
balance(account2,16)
balance(account1,4)

162
balance(account2,16)
balance(account1,4)

163
balance(account2,16)
balance(account1,4)

164
balance(account2,16)
balance(account1,4)

165
balance(account2,16)
balance(account1,4)

166
balance(account2,16)
balance(account1,4)

167
balance(account2,16)
balance(account1,4)

168
balance(account2,16)
balance(account1,4)

169
balance(account2,16)
balance(account1,4)

170
balance(account2,16)
balance(account1,4)

171
balance(account2,16)
balance(account1,4)

172
balance(account2,16)
balance(account1,4)

173
balance(account2,16)
balance(account1,4)

174
balance(account2,16)
balance(account1,4)

175
balance(account2,16)
balance(account1,4)

176
balance(account2,16)
balance(account1,4)

177
balance(account2,16)
balance(account1,4)

178
balance(account2,16)
balance(account1,4)

179
balance(account2,16)
balance(account1,4)

180
balance(account2,16)
balance(account1,4)

181
balance(account2,16)
balance(account1,4)

182
balance(account2,16)
balance(account1,4)

183
balance(account2,16)
balance(account1,4)

184
balance(account2,16)
balance(account1,4)

185
balance(account2,16)
balance(account1,4)

186
balance(account2,16)
balance(account1,4)

187
balance(account2,16)
balance(account1,4)

188
balance(account2,16)
balance(account1,4)

189
balance(account2,16)
balance(account1,4)

190
balance(account2,16)
balance(account1,4)

191
balance(account2,16)
balance(account1,4)

192
balance(account2,16)
balance(account1,4)

193
balance(account2,16)
balance(account1,4)

194
balance(account2,16)
balance(account1,4)

195
balance(account2,16)
balance(account1,4)

196
balance(account2,16)
balance(account1,4)

197
balance(account2,16)
balance(account1,4)

198
balance(account2,16)
balance(account1,4)

199
balance(account2,16)
balance(account1,4)

200
balance(account2,16)
balance(account1,4)

201
balance(account2,16)
balance(account1,4)

202
balance(account2,16)
balance(account1,4)

203
balance(account2,16)
balance(account1,4)

204
balance(account2,16)
balance(account1,4)

205
balance(account2,16)
balance(account1,4)

206
balance(account2,16)
balance(account1,4)

207
balance(account2,16)
balance(account1,4)

208
balance(account2,16)
balance(account1,4)

209
balance(account2,16)
balance(account1,4)

210
balance(account2,16)
balance(account1,4)

211
balance(account2,16)
balance(account1,4)

212
balance(account2,16)
balance(account1,4)

213
balance(account2,16)
balance(account1,4)

214
balance(account2,16)
balance(account1,4)

215
balance(account2,16)
balance(account1,4)

216
balance(account2,16)
balance(account1,4)

217
balance(account2,16)
balance(account1,4)

218
balance(account2,16)
balance(account1,4)

219
balance(account2,16)
balance(account1,4)

220
balance(account2,16)
balance(account1,4)

221
balance(account2,16)
balance(account1,4)

222
balance(account2,16)
balance(account1,4)

223
balance(account2,16)
balance(account1,4)

224
balance(account2,16)
balance(account1,4)

225
balance(account2,16)
balance(account1,4)

226
balance(account2,16)
balance(account1,4)

227
balance(account2,16)
balance(account1,4)

228
balance(account2,16)
balance(account1,4)

229
balance(account2,16)
balance(account1,4)

230
balance(account2,16)
balance(account1,4)

231
balance(account2,16)
balance(account1,4)

232
balance(account2,16)
balance(account1,4)

233
balance(account2,16)
balance(account1,4)

234
balance(account2,16)
balance(account1,4)

235
balance(account2,16)
balance(account1,4)

236
balance(account2,16)
balance(account1,4)

237
balance(account2,16)
balance(account1,4)

238
balance(account2,16)
balance(account1,4)

239
balance(account2,16)
balance(account1,4)

240
balance(account2,16)
balance(account1,4)

241
balance(account2,16)
balance(account1,4)

242
balance(account2,16)
balance(account1,4)

243
balance(account2,16)
balance(account1,4)

244
balance(account2,16)
balance(account1,4)

245
balance(account2,16)
balance(account1,4)

246
balance(account2,16)
balance(account1,4)

247
balance(account2,16)
balance(account1,4)

248
balance(account2,16)
balance(account1,4)

249
balance(account2,16)
balance(account1,4)

250
balance(account2,16)
balance(account1,4)

251
balance(account2,16)
balance(account1,4)

252
balance(account2,16)
balance(account1,4)

253
balance(account2,16)
balance(account1,4)

254
balance(account2,16)
balance(account1,4)

255
balance(account2,16)
balance(account1,4)

256
balance(account2,16)
balance(account1,4)

257
balance(account2,16)
balance(account1,4)

258
balance(account2,16)
balance(account1,4)

259
balance(account2,16)
balance(account1,4)

260
balance(account2,16)
balance(account1,4)

261
balance(account2,16)
balance(account1,4)

262
balance(account2,16)
balance(account1,4)

263
balance(account2,16)
balance(account1,4)

264
balance(account2,16)
balance(account1,4)

265
balance(account2,16)
balance(account1,4)

266
balance(account2,16)
balance(account1,4)

267
balance(account2,16)
balance(account1,4)

268
balance(account2,16)
balance(account1,4)

269
balance(account2,16)
balance(account1,4)

270
balance(account2,16)
balance(account1,4)

271
balance(account2,16)
balance(account1,4)

272
balance(account2,16)
balance(account1,4)

273
balance(account2,16)
balance(account1,4)

274
balance(account2,16)
balance(account1,4)

275
balance(account2,16)
balance(account1,4)

276
balance(account2,16)
balance(account1,4)

277
balance(account2,16)
balance(account1,4)

278
balance(account2,16)
balance(account1,4)

279
balance(account2,16)
balance(account1,4)

280
balance(account2,16)
balance(account1,4)

281
balance(account2,16)
balance(account1,4)

282
balance(account2,16)
balance(account1,4)

283
balance(account2,16)
balance(account1,4)

284
balance(account2,16)
balance(account1,4)

285
balance(account2,16)
balance(account1,4)

286
balance(account2,16)
balance(account1,4)

287
balance(account2,16)
balance(account1,4)

288
balance(account2,16)
balance(account1,4)

289
balance(account2,16)
balance(account1,4)

290
balance(account2,16)
balance(account1,4)

291
balance(account2,16)
balance(account1,4)

292
balance(account2,16)
balance(account1,4)

293
balance(account2,16)
balance(account1,4)

294
balance(account2,16)
balance(account1,4)

295
balance(account2,16)
balance(account1,4)

296
balance(account2,16)
balance(account1,4)

297
balance(account2,16)
balance(account1,4)

298
balance(account2,16)
balance(account1,4)

299
balance(account2,16)
balance(account1,4)

300
balance(account2,16)
balance(account1,4)

301
balance(account2,16)
balance(account1,4)

302
balance(account2,16)
balance(account1,4)

303
balance(account2,16)
balance(account1,4)

304
balance(account2,16)
balance(account1,4)

305
balance(account2,16)
balance(account1,4)

306
balance(account2,16)
balance(account1,4)

307
balance(account2,16)
balance(account1,4)

308
balance(account2,16)
balance(account1,4)

309
balance(account2,16)
balance(account1,4)

310
balance(account2,16)
balance(account1,4)

311
balance(account2,16)
balance(account1,4)

312
balance(account2,16)
balance(account1,4)

313
balance(account2,16)
balance(account1,4)

314
balance(account2,16)
balance(account1,4)

315
balance(account2,16)
balance(account1,4)

316
balance(account2,16)
balance(account1,4)

317
balance(account2,16)
balance(account1,4)

318
balance(account2,16)
balance(account1,4)

319
balance(account2,16)
balance(account1,4)

320
balance(account2,16)
balance(account1,4)
P
 ... predicate grounding skipped ...

Models       : 1
Calls        : 1
Time         : 66.087s (Solving: 0.28s 1st Model: 0.19s Unsat: 0.09s)
CPU Time     : 66.006s

../axioms/bec_clingo.pl:15:5-31: info: atom does not occur in any rule head:
  releases(Event,Fluent,T)

../axioms/bec_clingo.pl:28:5-31: info: atom does not occur in any rule head:
  releases(Event,Fluent,T)

../axioms/bec_clingo.pl:37:5-41: info: atom does not occur in any rule head:
  trajectory(Fluent1,T1,Fluent2,T2)

Command exited with non-zero status 30

  real      1:06.85
  real [s]  66.85
  user [s]  64.13
  sys  [s]  2.63
  mem  [KB] 975748
  avgm [KB] 0
