$ clingo -c maxtime=40 -c maxmoney=20 -n 0 ../axioms/bec_clingo.pl ./model.pl | ../utils/format-output/format-output-rework 1



==========
Answer: 1

0
balance(account2,10)
balance(account1,10)

1
balance(account2,10)
balance(account1,10)
happens(transfer(account1,account2,2),1)

2
-balance(account2,10)
-balance(account1,10)
+balance(account2,12)
+balance(account1,8)
happens(transfer(account1,account2,4),2)

3
-balance(account2,12)
-balance(account1,8)
+balance(account2,16)
+balance(account1,4)

4
balance(account2,16)
balance(account1,4)

5
balance(account2,16)
balance(account1,4)

6
balance(account2,16)
balance(account1,4)

7
balance(account2,16)
balance(account1,4)

8
balance(account2,16)
balance(account1,4)

9
balance(account2,16)
balance(account1,4)

10
balance(account2,16)
balance(account1,4)

11
balance(account2,16)
balance(account1,4)

12
balance(account2,16)
balance(account1,4)

13
balance(account2,16)
balance(account1,4)

14
balance(account2,16)
balance(account1,4)

15
balance(account2,16)
balance(account1,4)

16
balance(account2,16)
balance(account1,4)

17
balance(account2,16)
balance(account1,4)

18
balance(account2,16)
balance(account1,4)

19
balance(account2,16)
balance(account1,4)

20
balance(account2,16)
balance(account1,4)

21
balance(account2,16)
balance(account1,4)

22
balance(account2,16)
balance(account1,4)

23
balance(account2,16)
balance(account1,4)

24
balance(account2,16)
balance(account1,4)

25
balance(account2,16)
balance(account1,4)

26
balance(account2,16)
balance(account1,4)

27
balance(account2,16)
balance(account1,4)

28
balance(account2,16)
balance(account1,4)

29
balance(account2,16)
balance(account1,4)

30
balance(account2,16)
balance(account1,4)

31
balance(account2,16)
balance(account1,4)

32
balance(account2,16)
balance(account1,4)

33
balance(account2,16)
balance(account1,4)

34
balance(account2,16)
balance(account1,4)

35
balance(account2,16)
balance(account1,4)

36
balance(account2,16)
balance(account1,4)

37
balance(account2,16)
balance(account1,4)

38
balance(account2,16)
balance(account1,4)

39
balance(account2,16)
balance(account1,4)

40
balance(account2,16)
balance(account1,4)
P
 ... predicate grounding skipped ...

Models       : 1
Calls        : 1
Time         : 6.712s (Solving: 0.05s 1st Model: 0.03s Unsat: 0.02s)
CPU Time     : 6.688s

../axioms/bec_clingo.pl:15:5-31: info: atom does not occur in any rule head:
  releases(Event,Fluent,T)

../axioms/bec_clingo.pl:28:5-31: info: atom does not occur in any rule head:
  releases(Event,Fluent,T)

../axioms/bec_clingo.pl:37:5-41: info: atom does not occur in any rule head:
  trajectory(Fluent1,T1,Fluent2,T2)

Command exited with non-zero status 30

  real      0:06.84
  real [s]  6.84
  user [s]  6.44
  sys  [s]  0.36
  mem  [KB] 130448
  avgm [KB] 0
