$ clingo -c maxtime=640 -c maxmoney=20 -n 0 ../axioms/bec_clingo.pl ./model.pl | ../utils/format-output/format-output-rework 1



==========
Answer: 1

0
balance(account2,10)
balance(account1,10)

1
balance(account2,10)
balance(account1,10)
happens(transfer(account1,account2,2),1)

2
-balance(account2,10)
-balance(account1,10)
+balance(account2,12)
+balance(account1,8)
happens(transfer(account1,account2,4),2)

3
-balance(account2,12)
-balance(account1,8)
+balance(account2,16)
+balance(account1,4)

4
balance(account2,16)
balance(account1,4)

5
balance(account2,16)
balance(account1,4)

6
balance(account2,16)
balance(account1,4)

7
balance(account2,16)
balance(account1,4)

8
balance(account2,16)
balance(account1,4)

9
balance(account2,16)
balance(account1,4)

10
balance(account2,16)
balance(account1,4)

11
balance(account2,16)
balance(account1,4)

12
balance(account2,16)
balance(account1,4)

13
balance(account2,16)
balance(account1,4)

14
balance(account2,16)
balance(account1,4)

15
balance(account2,16)
balance(account1,4)

16
balance(account2,16)
balance(account1,4)

17
balance(account2,16)
balance(account1,4)

18
balance(account2,16)
balance(account1,4)

19
balance(account2,16)
balance(account1,4)

20
balance(account2,16)
balance(account1,4)

21
balance(account2,16)
balance(account1,4)

22
balance(account2,16)
balance(account1,4)

23
balance(account2,16)
balance(account1,4)

24
balance(account2,16)
balance(account1,4)

25
balance(account2,16)
balance(account1,4)

26
balance(account2,16)
balance(account1,4)

27
balance(account2,16)
balance(account1,4)

28
balance(account2,16)
balance(account1,4)

29
balance(account2,16)
balance(account1,4)

30
balance(account2,16)
balance(account1,4)

31
balance(account2,16)
balance(account1,4)

32
balance(account2,16)
balance(account1,4)

33
balance(account2,16)
balance(account1,4)

34
balance(account2,16)
balance(account1,4)

35
balance(account2,16)
balance(account1,4)

36
balance(account2,16)
balance(account1,4)

37
balance(account2,16)
balance(account1,4)

38
balance(account2,16)
balance(account1,4)

39
balance(account2,16)
balance(account1,4)

40
balance(account2,16)
balance(account1,4)

41
balance(account2,16)
balance(account1,4)

42
balance(account2,16)
balance(account1,4)

43
balance(account2,16)
balance(account1,4)

44
balance(account2,16)
balance(account1,4)

45
balance(account2,16)
balance(account1,4)

46
balance(account2,16)
balance(account1,4)

47
balance(account2,16)
balance(account1,4)

48
balance(account2,16)
balance(account1,4)

49
balance(account2,16)
balance(account1,4)

50
balance(account2,16)
balance(account1,4)

51
balance(account2,16)
balance(account1,4)

52
balance(account2,16)
balance(account1,4)

53
balance(account2,16)
balance(account1,4)

54
balance(account2,16)
balance(account1,4)

55
balance(account2,16)
balance(account1,4)

56
balance(account2,16)
balance(account1,4)

57
balance(account2,16)
balance(account1,4)

58
balance(account2,16)
balance(account1,4)

59
balance(account2,16)
balance(account1,4)

60
balance(account2,16)
balance(account1,4)

61
balance(account2,16)
balance(account1,4)

62
balance(account2,16)
balance(account1,4)

63
balance(account2,16)
balance(account1,4)

64
balance(account2,16)
balance(account1,4)

65
balance(account2,16)
balance(account1,4)

66
balance(account2,16)
balance(account1,4)

67
balance(account2,16)
balance(account1,4)

68
balance(account2,16)
balance(account1,4)

69
balance(account2,16)
balance(account1,4)

70
balance(account2,16)
balance(account1,4)

71
balance(account2,16)
balance(account1,4)

72
balance(account2,16)
balance(account1,4)

73
balance(account2,16)
balance(account1,4)

74
balance(account2,16)
balance(account1,4)

75
balance(account2,16)
balance(account1,4)

76
balance(account2,16)
balance(account1,4)

77
balance(account2,16)
balance(account1,4)

78
balance(account2,16)
balance(account1,4)

79
balance(account2,16)
balance(account1,4)

80
balance(account2,16)
balance(account1,4)

81
balance(account2,16)
balance(account1,4)

82
balance(account2,16)
balance(account1,4)

83
balance(account2,16)
balance(account1,4)

84
balance(account2,16)
balance(account1,4)

85
balance(account2,16)
balance(account1,4)

86
balance(account2,16)
balance(account1,4)

87
balance(account2,16)
balance(account1,4)

88
balance(account2,16)
balance(account1,4)

89
balance(account2,16)
balance(account1,4)

90
balance(account2,16)
balance(account1,4)

91
balance(account2,16)
balance(account1,4)

92
balance(account2,16)
balance(account1,4)

93
balance(account2,16)
balance(account1,4)

94
balance(account2,16)
balance(account1,4)

95
balance(account2,16)
balance(account1,4)

96
balance(account2,16)
balance(account1,4)

97
balance(account2,16)
balance(account1,4)

98
balance(account2,16)
balance(account1,4)

99
balance(account2,16)
balance(account1,4)

100
balance(account2,16)
balance(account1,4)

101
balance(account2,16)
balance(account1,4)

102
balance(account2,16)
balance(account1,4)

103
balance(account2,16)
balance(account1,4)

104
balance(account2,16)
balance(account1,4)

105
balance(account2,16)
balance(account1,4)

106
balance(account2,16)
balance(account1,4)

107
balance(account2,16)
balance(account1,4)

108
balance(account2,16)
balance(account1,4)

109
balance(account2,16)
balance(account1,4)

110
balance(account2,16)
balance(account1,4)

111
balance(account2,16)
balance(account1,4)

112
balance(account2,16)
balance(account1,4)

113
balance(account2,16)
balance(account1,4)

114
balance(account2,16)
balance(account1,4)

115
balance(account2,16)
balance(account1,4)

116
balance(account2,16)
balance(account1,4)

117
balance(account2,16)
balance(account1,4)

118
balance(account2,16)
balance(account1,4)

119
balance(account2,16)
balance(account1,4)

120
balance(account2,16)
balance(account1,4)

121
balance(account2,16)
balance(account1,4)

122
balance(account2,16)
balance(account1,4)

123
balance(account2,16)
balance(account1,4)

124
balance(account2,16)
balance(account1,4)

125
balance(account2,16)
balance(account1,4)

126
balance(account2,16)
balance(account1,4)

127
balance(account2,16)
balance(account1,4)

128
balance(account2,16)
balance(account1,4)

129
balance(account2,16)
balance(account1,4)

130
balance(account2,16)
balance(account1,4)

131
balance(account2,16)
balance(account1,4)

132
balance(account2,16)
balance(account1,4)

133
balance(account2,16)
balance(account1,4)

134
balance(account2,16)
balance(account1,4)

135
balance(account2,16)
balance(account1,4)

136
balance(account2,16)
balance(account1,4)

137
balance(account2,16)
balance(account1,4)

138
balance(account2,16)
balance(account1,4)

139
balance(account2,16)
balance(account1,4)

140
balance(account2,16)
balance(account1,4)

141
balance(account2,16)
balance(account1,4)

142
balance(account2,16)
balance(account1,4)

143
balance(account2,16)
balance(account1,4)

144
balance(account2,16)
balance(account1,4)

145
balance(account2,16)
balance(account1,4)

146
balance(account2,16)
balance(account1,4)

147
balance(account2,16)
balance(account1,4)

148
balance(account2,16)
balance(account1,4)

149
balance(account2,16)
balance(account1,4)

150
balance(account2,16)
balance(account1,4)

151
balance(account2,16)
balance(account1,4)

152
balance(account2,16)
balance(account1,4)

153
balance(account2,16)
balance(account1,4)

154
balance(account2,16)
balance(account1,4)

155
balance(account2,16)
balance(account1,4)

156
balance(account2,16)
balance(account1,4)

157
balance(account2,16)
balance(account1,4)

158
balance(account2,16)
balance(account1,4)

159
balance(account2,16)
balance(account1,4)

160
balance(account2,16)
balance(account1,4)

161
balance(account2,16)
balance(account1,4)

162
balance(account2,16)
balance(account1,4)

163
balance(account2,16)
balance(account1,4)

164
balance(account2,16)
balance(account1,4)

165
balance(account2,16)
balance(account1,4)

166
balance(account2,16)
balance(account1,4)

167
balance(account2,16)
balance(account1,4)

168
balance(account2,16)
balance(account1,4)

169
balance(account2,16)
balance(account1,4)

170
balance(account2,16)
balance(account1,4)

171
balance(account2,16)
balance(account1,4)

172
balance(account2,16)
balance(account1,4)

173
balance(account2,16)
balance(account1,4)

174
balance(account2,16)
balance(account1,4)

175
balance(account2,16)
balance(account1,4)

176
balance(account2,16)
balance(account1,4)

177
balance(account2,16)
balance(account1,4)

178
balance(account2,16)
balance(account1,4)

179
balance(account2,16)
balance(account1,4)

180
balance(account2,16)
balance(account1,4)

181
balance(account2,16)
balance(account1,4)

182
balance(account2,16)
balance(account1,4)

183
balance(account2,16)
balance(account1,4)

184
balance(account2,16)
balance(account1,4)

185
balance(account2,16)
balance(account1,4)

186
balance(account2,16)
balance(account1,4)

187
balance(account2,16)
balance(account1,4)

188
balance(account2,16)
balance(account1,4)

189
balance(account2,16)
balance(account1,4)

190
balance(account2,16)
balance(account1,4)

191
balance(account2,16)
balance(account1,4)

192
balance(account2,16)
balance(account1,4)

193
balance(account2,16)
balance(account1,4)

194
balance(account2,16)
balance(account1,4)

195
balance(account2,16)
balance(account1,4)

196
balance(account2,16)
balance(account1,4)

197
balance(account2,16)
balance(account1,4)

198
balance(account2,16)
balance(account1,4)

199
balance(account2,16)
balance(account1,4)

200
balance(account2,16)
balance(account1,4)

201
balance(account2,16)
balance(account1,4)

202
balance(account2,16)
balance(account1,4)

203
balance(account2,16)
balance(account1,4)

204
balance(account2,16)
balance(account1,4)

205
balance(account2,16)
balance(account1,4)

206
balance(account2,16)
balance(account1,4)

207
balance(account2,16)
balance(account1,4)

208
balance(account2,16)
balance(account1,4)

209
balance(account2,16)
balance(account1,4)

210
balance(account2,16)
balance(account1,4)

211
balance(account2,16)
balance(account1,4)

212
balance(account2,16)
balance(account1,4)

213
balance(account2,16)
balance(account1,4)

214
balance(account2,16)
balance(account1,4)

215
balance(account2,16)
balance(account1,4)

216
balance(account2,16)
balance(account1,4)

217
balance(account2,16)
balance(account1,4)

218
balance(account2,16)
balance(account1,4)

219
balance(account2,16)
balance(account1,4)

220
balance(account2,16)
balance(account1,4)

221
balance(account2,16)
balance(account1,4)

222
balance(account2,16)
balance(account1,4)

223
balance(account2,16)
balance(account1,4)

224
balance(account2,16)
balance(account1,4)

225
balance(account2,16)
balance(account1,4)

226
balance(account2,16)
balance(account1,4)

227
balance(account2,16)
balance(account1,4)

228
balance(account2,16)
balance(account1,4)

229
balance(account2,16)
balance(account1,4)

230
balance(account2,16)
balance(account1,4)

231
balance(account2,16)
balance(account1,4)

232
balance(account2,16)
balance(account1,4)

233
balance(account2,16)
balance(account1,4)

234
balance(account2,16)
balance(account1,4)

235
balance(account2,16)
balance(account1,4)

236
balance(account2,16)
balance(account1,4)

237
balance(account2,16)
balance(account1,4)

238
balance(account2,16)
balance(account1,4)

239
balance(account2,16)
balance(account1,4)

240
balance(account2,16)
balance(account1,4)

241
balance(account2,16)
balance(account1,4)

242
balance(account2,16)
balance(account1,4)

243
balance(account2,16)
balance(account1,4)

244
balance(account2,16)
balance(account1,4)

245
balance(account2,16)
balance(account1,4)

246
balance(account2,16)
balance(account1,4)

247
balance(account2,16)
balance(account1,4)

248
balance(account2,16)
balance(account1,4)

249
balance(account2,16)
balance(account1,4)

250
balance(account2,16)
balance(account1,4)

251
balance(account2,16)
balance(account1,4)

252
balance(account2,16)
balance(account1,4)

253
balance(account2,16)
balance(account1,4)

254
balance(account2,16)
balance(account1,4)

255
balance(account2,16)
balance(account1,4)

256
balance(account2,16)
balance(account1,4)

257
balance(account2,16)
balance(account1,4)

258
balance(account2,16)
balance(account1,4)

259
balance(account2,16)
balance(account1,4)

260
balance(account2,16)
balance(account1,4)

261
balance(account2,16)
balance(account1,4)

262
balance(account2,16)
balance(account1,4)

263
balance(account2,16)
balance(account1,4)

264
balance(account2,16)
balance(account1,4)

265
balance(account2,16)
balance(account1,4)

266
balance(account2,16)
balance(account1,4)

267
balance(account2,16)
balance(account1,4)

268
balance(account2,16)
balance(account1,4)

269
balance(account2,16)
balance(account1,4)

270
balance(account2,16)
balance(account1,4)

271
balance(account2,16)
balance(account1,4)

272
balance(account2,16)
balance(account1,4)

273
balance(account2,16)
balance(account1,4)

274
balance(account2,16)
balance(account1,4)

275
balance(account2,16)
balance(account1,4)

276
balance(account2,16)
balance(account1,4)

277
balance(account2,16)
balance(account1,4)

278
balance(account2,16)
balance(account1,4)

279
balance(account2,16)
balance(account1,4)

280
balance(account2,16)
balance(account1,4)

281
balance(account2,16)
balance(account1,4)

282
balance(account2,16)
balance(account1,4)

283
balance(account2,16)
balance(account1,4)

284
balance(account2,16)
balance(account1,4)

285
balance(account2,16)
balance(account1,4)

286
balance(account2,16)
balance(account1,4)

287
balance(account2,16)
balance(account1,4)

288
balance(account2,16)
balance(account1,4)

289
balance(account2,16)
balance(account1,4)

290
balance(account2,16)
balance(account1,4)

291
balance(account2,16)
balance(account1,4)

292
balance(account2,16)
balance(account1,4)

293
balance(account2,16)
balance(account1,4)

294
balance(account2,16)
balance(account1,4)

295
balance(account2,16)
balance(account1,4)

296
balance(account2,16)
balance(account1,4)

297
balance(account2,16)
balance(account1,4)

298
balance(account2,16)
balance(account1,4)

299
balance(account2,16)
balance(account1,4)

300
balance(account2,16)
balance(account1,4)

301
balance(account2,16)
balance(account1,4)

302
balance(account2,16)
balance(account1,4)

303
balance(account2,16)
balance(account1,4)

304
balance(account2,16)
balance(account1,4)

305
balance(account2,16)
balance(account1,4)

306
balance(account2,16)
balance(account1,4)

307
balance(account2,16)
balance(account1,4)

308
balance(account2,16)
balance(account1,4)

309
balance(account2,16)
balance(account1,4)

310
balance(account2,16)
balance(account1,4)

311
balance(account2,16)
balance(account1,4)

312
balance(account2,16)
balance(account1,4)

313
balance(account2,16)
balance(account1,4)

314
balance(account2,16)
balance(account1,4)

315
balance(account2,16)
balance(account1,4)

316
balance(account2,16)
balance(account1,4)

317
balance(account2,16)
balance(account1,4)

318
balance(account2,16)
balance(account1,4)

319
balance(account2,16)
balance(account1,4)

320
balance(account2,16)
balance(account1,4)

321
balance(account2,16)
balance(account1,4)

322
balance(account2,16)
balance(account1,4)

323
balance(account2,16)
balance(account1,4)

324
balance(account2,16)
balance(account1,4)

325
balance(account2,16)
balance(account1,4)

326
balance(account2,16)
balance(account1,4)

327
balance(account2,16)
balance(account1,4)

328
balance(account2,16)
balance(account1,4)

329
balance(account2,16)
balance(account1,4)

330
balance(account2,16)
balance(account1,4)

331
balance(account2,16)
balance(account1,4)

332
balance(account2,16)
balance(account1,4)

333
balance(account2,16)
balance(account1,4)

334
balance(account2,16)
balance(account1,4)

335
balance(account2,16)
balance(account1,4)

336
balance(account2,16)
balance(account1,4)

337
balance(account2,16)
balance(account1,4)

338
balance(account2,16)
balance(account1,4)

339
balance(account2,16)
balance(account1,4)

340
balance(account2,16)
balance(account1,4)

341
balance(account2,16)
balance(account1,4)

342
balance(account2,16)
balance(account1,4)

343
balance(account2,16)
balance(account1,4)

344
balance(account2,16)
balance(account1,4)

345
balance(account2,16)
balance(account1,4)

346
balance(account2,16)
balance(account1,4)

347
balance(account2,16)
balance(account1,4)

348
balance(account2,16)
balance(account1,4)

349
balance(account2,16)
balance(account1,4)

350
balance(account2,16)
balance(account1,4)

351
balance(account2,16)
balance(account1,4)

352
balance(account2,16)
balance(account1,4)

353
balance(account2,16)
balance(account1,4)

354
balance(account2,16)
balance(account1,4)

355
balance(account2,16)
balance(account1,4)

356
balance(account2,16)
balance(account1,4)

357
balance(account2,16)
balance(account1,4)

358
balance(account2,16)
balance(account1,4)

359
balance(account2,16)
balance(account1,4)

360
balance(account2,16)
balance(account1,4)

361
balance(account2,16)
balance(account1,4)

362
balance(account2,16)
balance(account1,4)

363
balance(account2,16)
balance(account1,4)

364
balance(account2,16)
balance(account1,4)

365
balance(account2,16)
balance(account1,4)

366
balance(account2,16)
balance(account1,4)

367
balance(account2,16)
balance(account1,4)

368
balance(account2,16)
balance(account1,4)

369
balance(account2,16)
balance(account1,4)

370
balance(account2,16)
balance(account1,4)

371
balance(account2,16)
balance(account1,4)

372
balance(account2,16)
balance(account1,4)

373
balance(account2,16)
balance(account1,4)

374
balance(account2,16)
balance(account1,4)

375
balance(account2,16)
balance(account1,4)

376
balance(account2,16)
balance(account1,4)

377
balance(account2,16)
balance(account1,4)

378
balance(account2,16)
balance(account1,4)

379
balance(account2,16)
balance(account1,4)

380
balance(account2,16)
balance(account1,4)

381
balance(account2,16)
balance(account1,4)

382
balance(account2,16)
balance(account1,4)

383
balance(account2,16)
balance(account1,4)

384
balance(account2,16)
balance(account1,4)

385
balance(account2,16)
balance(account1,4)

386
balance(account2,16)
balance(account1,4)

387
balance(account2,16)
balance(account1,4)

388
balance(account2,16)
balance(account1,4)

389
balance(account2,16)
balance(account1,4)

390
balance(account2,16)
balance(account1,4)

391
balance(account2,16)
balance(account1,4)

392
balance(account2,16)
balance(account1,4)

393
balance(account2,16)
balance(account1,4)

394
balance(account2,16)
balance(account1,4)

395
balance(account2,16)
balance(account1,4)

396
balance(account2,16)
balance(account1,4)

397
balance(account2,16)
balance(account1,4)

398
balance(account2,16)
balance(account1,4)

399
balance(account2,16)
balance(account1,4)

400
balance(account2,16)
balance(account1,4)

401
balance(account2,16)
balance(account1,4)

402
balance(account2,16)
balance(account1,4)

403
balance(account2,16)
balance(account1,4)

404
balance(account2,16)
balance(account1,4)

405
balance(account2,16)
balance(account1,4)

406
balance(account2,16)
balance(account1,4)

407
balance(account2,16)
balance(account1,4)

408
balance(account2,16)
balance(account1,4)

409
balance(account2,16)
balance(account1,4)

410
balance(account2,16)
balance(account1,4)

411
balance(account2,16)
balance(account1,4)

412
balance(account2,16)
balance(account1,4)

413
balance(account2,16)
balance(account1,4)

414
balance(account2,16)
balance(account1,4)

415
balance(account2,16)
balance(account1,4)

416
balance(account2,16)
balance(account1,4)

417
balance(account2,16)
balance(account1,4)

418
balance(account2,16)
balance(account1,4)

419
balance(account2,16)
balance(account1,4)

420
balance(account2,16)
balance(account1,4)

421
balance(account2,16)
balance(account1,4)

422
balance(account2,16)
balance(account1,4)

423
balance(account2,16)
balance(account1,4)

424
balance(account2,16)
balance(account1,4)

425
balance(account2,16)
balance(account1,4)

426
balance(account2,16)
balance(account1,4)

427
balance(account2,16)
balance(account1,4)

428
balance(account2,16)
balance(account1,4)

429
balance(account2,16)
balance(account1,4)

430
balance(account2,16)
balance(account1,4)

431
balance(account2,16)
balance(account1,4)

432
balance(account2,16)
balance(account1,4)

433
balance(account2,16)
balance(account1,4)

434
balance(account2,16)
balance(account1,4)

435
balance(account2,16)
balance(account1,4)

436
balance(account2,16)
balance(account1,4)

437
balance(account2,16)
balance(account1,4)

438
balance(account2,16)
balance(account1,4)

439
balance(account2,16)
balance(account1,4)

440
balance(account2,16)
balance(account1,4)

441
balance(account2,16)
balance(account1,4)

442
balance(account2,16)
balance(account1,4)

443
balance(account2,16)
balance(account1,4)

444
balance(account2,16)
balance(account1,4)

445
balance(account2,16)
balance(account1,4)

446
balance(account2,16)
balance(account1,4)

447
balance(account2,16)
balance(account1,4)

448
balance(account2,16)
balance(account1,4)

449
balance(account2,16)
balance(account1,4)

450
balance(account2,16)
balance(account1,4)

451
balance(account2,16)
balance(account1,4)

452
balance(account2,16)
balance(account1,4)

453
balance(account2,16)
balance(account1,4)

454
balance(account2,16)
balance(account1,4)

455
balance(account2,16)
balance(account1,4)

456
balance(account2,16)
balance(account1,4)

457
balance(account2,16)
balance(account1,4)

458
balance(account2,16)
balance(account1,4)

459
balance(account2,16)
balance(account1,4)

460
balance(account2,16)
balance(account1,4)

461
balance(account2,16)
balance(account1,4)

462
balance(account2,16)
balance(account1,4)

463
balance(account2,16)
balance(account1,4)

464
balance(account2,16)
balance(account1,4)

465
balance(account2,16)
balance(account1,4)

466
balance(account2,16)
balance(account1,4)

467
balance(account2,16)
balance(account1,4)

468
balance(account2,16)
balance(account1,4)

469
balance(account2,16)
balance(account1,4)

470
balance(account2,16)
balance(account1,4)

471
balance(account2,16)
balance(account1,4)

472
balance(account2,16)
balance(account1,4)

473
balance(account2,16)
balance(account1,4)

474
balance(account2,16)
balance(account1,4)

475
balance(account2,16)
balance(account1,4)

476
balance(account2,16)
balance(account1,4)

477
balance(account2,16)
balance(account1,4)

478
balance(account2,16)
balance(account1,4)

479
balance(account2,16)
balance(account1,4)

480
balance(account2,16)
balance(account1,4)

481
balance(account2,16)
balance(account1,4)

482
balance(account2,16)
balance(account1,4)

483
balance(account2,16)
balance(account1,4)

484
balance(account2,16)
balance(account1,4)

485
balance(account2,16)
balance(account1,4)

486
balance(account2,16)
balance(account1,4)

487
balance(account2,16)
balance(account1,4)

488
balance(account2,16)
balance(account1,4)

489
balance(account2,16)
balance(account1,4)

490
balance(account2,16)
balance(account1,4)

491
balance(account2,16)
balance(account1,4)

492
balance(account2,16)
balance(account1,4)

493
balance(account2,16)
balance(account1,4)

494
balance(account2,16)
balance(account1,4)

495
balance(account2,16)
balance(account1,4)

496
balance(account2,16)
balance(account1,4)

497
balance(account2,16)
balance(account1,4)

498
balance(account2,16)
balance(account1,4)

499
balance(account2,16)
balance(account1,4)

500
balance(account2,16)
balance(account1,4)

501
balance(account2,16)
balance(account1,4)

502
balance(account2,16)
balance(account1,4)

503
balance(account2,16)
balance(account1,4)

504
balance(account2,16)
balance(account1,4)

505
balance(account2,16)
balance(account1,4)

506
balance(account2,16)
balance(account1,4)

507
balance(account2,16)
balance(account1,4)

508
balance(account2,16)
balance(account1,4)

509
balance(account2,16)
balance(account1,4)

510
balance(account2,16)
balance(account1,4)

511
balance(account2,16)
balance(account1,4)

512
balance(account2,16)
balance(account1,4)

513
balance(account2,16)
balance(account1,4)

514
balance(account2,16)
balance(account1,4)

515
balance(account2,16)
balance(account1,4)

516
balance(account2,16)
balance(account1,4)

517
balance(account2,16)
balance(account1,4)

518
balance(account2,16)
balance(account1,4)

519
balance(account2,16)
balance(account1,4)

520
balance(account2,16)
balance(account1,4)

521
balance(account2,16)
balance(account1,4)

522
balance(account2,16)
balance(account1,4)

523
balance(account2,16)
balance(account1,4)

524
balance(account2,16)
balance(account1,4)

525
balance(account2,16)
balance(account1,4)

526
balance(account2,16)
balance(account1,4)

527
balance(account2,16)
balance(account1,4)

528
balance(account2,16)
balance(account1,4)

529
balance(account2,16)
balance(account1,4)

530
balance(account2,16)
balance(account1,4)

531
balance(account2,16)
balance(account1,4)

532
balance(account2,16)
balance(account1,4)

533
balance(account2,16)
balance(account1,4)

534
balance(account2,16)
balance(account1,4)

535
balance(account2,16)
balance(account1,4)

536
balance(account2,16)
balance(account1,4)

537
balance(account2,16)
balance(account1,4)

538
balance(account2,16)
balance(account1,4)

539
balance(account2,16)
balance(account1,4)

540
balance(account2,16)
balance(account1,4)

541
balance(account2,16)
balance(account1,4)

542
balance(account2,16)
balance(account1,4)

543
balance(account2,16)
balance(account1,4)

544
balance(account2,16)
balance(account1,4)

545
balance(account2,16)
balance(account1,4)

546
balance(account2,16)
balance(account1,4)

547
balance(account2,16)
balance(account1,4)

548
balance(account2,16)
balance(account1,4)

549
balance(account2,16)
balance(account1,4)

550
balance(account2,16)
balance(account1,4)

551
balance(account2,16)
balance(account1,4)

552
balance(account2,16)
balance(account1,4)

553
balance(account2,16)
balance(account1,4)

554
balance(account2,16)
balance(account1,4)

555
balance(account2,16)
balance(account1,4)

556
balance(account2,16)
balance(account1,4)

557
balance(account2,16)
balance(account1,4)

558
balance(account2,16)
balance(account1,4)

559
balance(account2,16)
balance(account1,4)

560
balance(account2,16)
balance(account1,4)

561
balance(account2,16)
balance(account1,4)

562
balance(account2,16)
balance(account1,4)

563
balance(account2,16)
balance(account1,4)

564
balance(account2,16)
balance(account1,4)

565
balance(account2,16)
balance(account1,4)

566
balance(account2,16)
balance(account1,4)

567
balance(account2,16)
balance(account1,4)

568
balance(account2,16)
balance(account1,4)

569
balance(account2,16)
balance(account1,4)

570
balance(account2,16)
balance(account1,4)

571
balance(account2,16)
balance(account1,4)

572
balance(account2,16)
balance(account1,4)

573
balance(account2,16)
balance(account1,4)

574
balance(account2,16)
balance(account1,4)

575
balance(account2,16)
balance(account1,4)

576
balance(account2,16)
balance(account1,4)

577
balance(account2,16)
balance(account1,4)

578
balance(account2,16)
balance(account1,4)

579
balance(account2,16)
balance(account1,4)

580
balance(account2,16)
balance(account1,4)

581
balance(account2,16)
balance(account1,4)

582
balance(account2,16)
balance(account1,4)

583
balance(account2,16)
balance(account1,4)

584
balance(account2,16)
balance(account1,4)

585
balance(account2,16)
balance(account1,4)

586
balance(account2,16)
balance(account1,4)

587
balance(account2,16)
balance(account1,4)

588
balance(account2,16)
balance(account1,4)

589
balance(account2,16)
balance(account1,4)

590
balance(account2,16)
balance(account1,4)

591
balance(account2,16)
balance(account1,4)

592
balance(account2,16)
balance(account1,4)

593
balance(account2,16)
balance(account1,4)

594
balance(account2,16)
balance(account1,4)

595
balance(account2,16)
balance(account1,4)

596
balance(account2,16)
balance(account1,4)

597
balance(account2,16)
balance(account1,4)

598
balance(account2,16)
balance(account1,4)

599
balance(account2,16)
balance(account1,4)

600
balance(account2,16)
balance(account1,4)

601
balance(account2,16)
balance(account1,4)

602
balance(account2,16)
balance(account1,4)

603
balance(account2,16)
balance(account1,4)

604
balance(account2,16)
balance(account1,4)

605
balance(account2,16)
balance(account1,4)

606
balance(account2,16)
balance(account1,4)

607
balance(account2,16)
balance(account1,4)

608
balance(account2,16)
balance(account1,4)

609
balance(account2,16)
balance(account1,4)

610
balance(account2,16)
balance(account1,4)

611
balance(account2,16)
balance(account1,4)

612
balance(account2,16)
balance(account1,4)

613
balance(account2,16)
balance(account1,4)

614
balance(account2,16)
balance(account1,4)

615
balance(account2,16)
balance(account1,4)

616
balance(account2,16)
balance(account1,4)

617
balance(account2,16)
balance(account1,4)

618
balance(account2,16)
balance(account1,4)

619
balance(account2,16)
balance(account1,4)

620
balance(account2,16)
balance(account1,4)

621
balance(account2,16)
balance(account1,4)

622
balance(account2,16)
balance(account1,4)

623
balance(account2,16)
balance(account1,4)

624
balance(account2,16)
balance(account1,4)

625
balance(account2,16)
balance(account1,4)

626
balance(account2,16)
balance(account1,4)

627
balance(account2,16)
balance(account1,4)

628
balance(account2,16)
balance(account1,4)

629
balance(account2,16)
balance(account1,4)

630
balance(account2,16)
balance(account1,4)

631
balance(account2,16)
balance(account1,4)

632
balance(account2,16)
balance(account1,4)

633
balance(account2,16)
balance(account1,4)

634
balance(account2,16)
balance(account1,4)

635
balance(account2,16)
balance(account1,4)

636
balance(account2,16)
balance(account1,4)

637
balance(account2,16)
balance(account1,4)

638
balance(account2,16)
balance(account1,4)

639
balance(account2,16)
balance(account1,4)

640
balance(account2,16)
balance(account1,4)
P
 ... predicate grounding skipped ...

Models       : 1
Calls        : 1
Time         : 133.161s (Solving: 0.53s 1st Model: 0.37s Unsat: 0.17s)
CPU Time     : 133.028s

../axioms/bec_clingo.pl:15:5-31: info: atom does not occur in any rule head:
  releases(Event,Fluent,T)

../axioms/bec_clingo.pl:28:5-31: info: atom does not occur in any rule head:
  releases(Event,Fluent,T)

../axioms/bec_clingo.pl:37:5-41: info: atom does not occur in any rule head:
  trajectory(Fluent1,T1,Fluent2,T2)

Command exited with non-zero status 30

  real      2:15.19
  real [s]  135.19
  user [s]  129.78
  sys  [s]  5.26
  mem  [KB] 1943476
  avgm [KB] 0
