$ clingo -c maxtime=80 -c maxmoney=20 -n 0 ../axioms/bec_clingo.pl ./model.pl | ../utils/format-output/format-output-rework 1



==========
Answer: 1

0
balance(account2,10)
balance(account1,10)

1
balance(account2,10)
balance(account1,10)
happens(transfer(account1,account2,2),1)

2
-balance(account2,10)
-balance(account1,10)
+balance(account2,12)
+balance(account1,8)
happens(transfer(account1,account2,4),2)

3
-balance(account2,12)
-balance(account1,8)
+balance(account2,16)
+balance(account1,4)

4
balance(account2,16)
balance(account1,4)

5
balance(account2,16)
balance(account1,4)

6
balance(account2,16)
balance(account1,4)

7
balance(account2,16)
balance(account1,4)

8
balance(account2,16)
balance(account1,4)

9
balance(account2,16)
balance(account1,4)

10
balance(account2,16)
balance(account1,4)

11
balance(account2,16)
balance(account1,4)

12
balance(account2,16)
balance(account1,4)

13
balance(account2,16)
balance(account1,4)

14
balance(account2,16)
balance(account1,4)

15
balance(account2,16)
balance(account1,4)

16
balance(account2,16)
balance(account1,4)

17
balance(account2,16)
balance(account1,4)

18
balance(account2,16)
balance(account1,4)

19
balance(account2,16)
balance(account1,4)

20
balance(account2,16)
balance(account1,4)

21
balance(account2,16)
balance(account1,4)

22
balance(account2,16)
balance(account1,4)

23
balance(account2,16)
balance(account1,4)

24
balance(account2,16)
balance(account1,4)

25
balance(account2,16)
balance(account1,4)

26
balance(account2,16)
balance(account1,4)

27
balance(account2,16)
balance(account1,4)

28
balance(account2,16)
balance(account1,4)

29
balance(account2,16)
balance(account1,4)

30
balance(account2,16)
balance(account1,4)

31
balance(account2,16)
balance(account1,4)

32
balance(account2,16)
balance(account1,4)

33
balance(account2,16)
balance(account1,4)

34
balance(account2,16)
balance(account1,4)

35
balance(account2,16)
balance(account1,4)

36
balance(account2,16)
balance(account1,4)

37
balance(account2,16)
balance(account1,4)

38
balance(account2,16)
balance(account1,4)

39
balance(account2,16)
balance(account1,4)

40
balance(account2,16)
balance(account1,4)

41
balance(account2,16)
balance(account1,4)

42
balance(account2,16)
balance(account1,4)

43
balance(account2,16)
balance(account1,4)

44
balance(account2,16)
balance(account1,4)

45
balance(account2,16)
balance(account1,4)

46
balance(account2,16)
balance(account1,4)

47
balance(account2,16)
balance(account1,4)

48
balance(account2,16)
balance(account1,4)

49
balance(account2,16)
balance(account1,4)

50
balance(account2,16)
balance(account1,4)

51
balance(account2,16)
balance(account1,4)

52
balance(account2,16)
balance(account1,4)

53
balance(account2,16)
balance(account1,4)

54
balance(account2,16)
balance(account1,4)

55
balance(account2,16)
balance(account1,4)

56
balance(account2,16)
balance(account1,4)

57
balance(account2,16)
balance(account1,4)

58
balance(account2,16)
balance(account1,4)

59
balance(account2,16)
balance(account1,4)

60
balance(account2,16)
balance(account1,4)

61
balance(account2,16)
balance(account1,4)

62
balance(account2,16)
balance(account1,4)

63
balance(account2,16)
balance(account1,4)

64
balance(account2,16)
balance(account1,4)

65
balance(account2,16)
balance(account1,4)

66
balance(account2,16)
balance(account1,4)

67
balance(account2,16)
balance(account1,4)

68
balance(account2,16)
balance(account1,4)

69
balance(account2,16)
balance(account1,4)

70
balance(account2,16)
balance(account1,4)

71
balance(account2,16)
balance(account1,4)

72
balance(account2,16)
balance(account1,4)

73
balance(account2,16)
balance(account1,4)

74
balance(account2,16)
balance(account1,4)

75
balance(account2,16)
balance(account1,4)

76
balance(account2,16)
balance(account1,4)

77
balance(account2,16)
balance(account1,4)

78
balance(account2,16)
balance(account1,4)

79
balance(account2,16)
balance(account1,4)

80
balance(account2,16)
balance(account1,4)
P
 ... predicate grounding skipped ...

Models       : 1
Calls        : 1
Time         : 15.679s (Solving: 0.07s 1st Model: 0.05s Unsat: 0.02s)
CPU Time     : 15.648s

../axioms/bec_clingo.pl:15:5-31: info: atom does not occur in any rule head:
  releases(Event,Fluent,T)

../axioms/bec_clingo.pl:28:5-31: info: atom does not occur in any rule head:
  releases(Event,Fluent,T)

../axioms/bec_clingo.pl:37:5-41: info: atom does not occur in any rule head:
  trajectory(Fluent1,T1,Fluent2,T2)

Command exited with non-zero status 30

  real      0:15.87
  real [s]  15.87
  user [s]  15.22
  sys  [s]  0.61
  mem  [KB] 252300
  avgm [KB] 0
