$ clingo -c maxtime=240 -n 0 ../axioms/bec_clingo.pl ./model.pl | ../utils/format-output/format-output-rework 1



==========
Answer: 1

0
1
2
3
4
5
6
7
8
9
10
happens(turn_light_on,10)

11
+light_on

12
light_on

13
light_on

14
light_on

15
light_on

16
light_on

17
light_on

18
light_on

19
light_on

20
light_on
happens(turn_light_off,20)

21
-light_on
22
23
24
25
26
27
28
29
30
31
32
33
34
35
36
37
38
39
40
41
42
43
44
45
46
47
48
49
50
51
52
53
54
55
56
57
58
59
60
61
62
63
64
65
66
67
68
69
70
71
72
73
74
75
76
77
78
79
80
81
82
83
84
85
86
87
88
89
90
91
92
93
94
95
96
97
98
99
100
101
102
103
104
105
106
107
108
109
110
111
112
113
114
115
116
117
118
119
120
121
122
123
124
125
126
127
128
129
130
131
132
133
134
135
136
137
138
139
140
141
142
143
144
145
146
147
148
149
150
151
152
153
154
155
156
157
158
159
160
161
162
163
164
165
166
167
168
169
170
171
172
173
174
175
176
177
178
179
180
181
182
183
184
185
186
187
188
189
190
191
192
193
194
195
196
197
198
199
200
201
202
203
204
205
206
207
208
209
210
211
212
213
214
215
216
217
218
219
220
221
222
223
224
225
226
227
228
229
230
231
232
233
234
235
236
237
238
239
240
P
 ... predicate grounding skipped ...

Models       : 1
Calls        : 1
Time         : 0.041s (Solving: 0.00s 1st Model: 0.00s Unsat: 0.00s)
CPU Time     : 0.026s

../axioms/bec_clingo.pl:15:5-31: info: atom does not occur in any rule head:
  releases(Event,Fluent,T)

../axioms/bec_clingo.pl:28:5-31: info: atom does not occur in any rule head:
  releases(Event,Fluent,T)

../axioms/bec_clingo.pl:37:5-41: info: atom does not occur in any rule head:
  trajectory(Fluent1,T1,Fluent2,T2)

../axioms/bec_clingo.pl:43:5-23: info: atom does not occur in any rule head:
  initiallyP(Fluent)

Command exited with non-zero status 30

  real      0:00.05
  real [s]  0.05
  user [s]  0.01
  sys  [s]  0.01
  mem  [KB] 9984
  avgm [KB] 0
